[2.622s] DEBUG:colcon:Command line arguments: ['/usr/bin/colcon', 'build']
[2.622s] DEBUG:colcon:Parsed command line arguments: Namespace(allow_overriding=[], ament_cmake_args=None, base_paths=['.'], build_base='build', catkin_cmake_args=None, catkin_skip_building_tests=False, cmake_args=None, cmake_clean_cache=False, cmake_clean_first=False, cmake_force_configure=False, cmake_target=None, cmake_target_skip_unavailable=False, continue_on_error=False, event_handlers=None, executor='parallel', ignore_user_meta=False, install_base='install', log_base=None, log_level=None, main=<bound method BuildVerb.main of <colcon_core.verb.build.BuildVerb object at 0x7f96dbe040>>, merge_install=False, metas=['./colcon.meta'], packages_above=None, packages_above_and_dependencies=None, packages_above_depth=None, packages_end=None, packages_ignore=None, packages_ignore_regex=None, packages_select=None, packages_select_build_failed=False, packages_select_by_dep=None, packages_select_regex=None, packages_select_test_failures=False, packages_skip=None, packages_skip_build_finished=False, packages_skip_by_dep=None, packages_skip_regex=None, packages_skip_test_passed=False, packages_skip_up_to=None, packages_start=None, packages_up_to=None, packages_up_to_regex=None, parallel_workers=4, paths=None, symlink_install=False, test_result_base=None, verb_extension=<colcon_core.verb.build.BuildVerb object at 0x7f96dbe040>, verb_name='build', verb_parser=<colcon_defaults.argument_parser.defaults.DefaultArgumentsDecorator object at 0x7f96bfddc0>)
[3.903s] Level 1:colcon.colcon_core.package_discovery:discover_packages(colcon_meta) check parameters
[3.904s] Level 1:colcon.colcon_core.package_discovery:discover_packages(recursive) check parameters
[3.905s] Level 1:colcon.colcon_core.package_discovery:discover_packages(ignore) check parameters
[3.905s] Level 1:colcon.colcon_core.package_discovery:discover_packages(path) check parameters
[3.906s] Level 1:colcon.colcon_core.package_discovery:discover_packages(colcon_meta) discover
[3.906s] Level 1:colcon.colcon_core.package_discovery:discover_packages(recursive) discover
[3.907s] INFO:colcon.colcon_core.package_discovery:Crawling recursively for packages in '/home/jetson/flyrs_ws'
[3.908s] Level 1:colcon.colcon_core.package_identification:_identify(.) by extensions ['ignore', 'ignore_ament_install']
[3.910s] Level 1:colcon.colcon_core.package_identification:_identify(.) by extension 'ignore'
[3.911s] Level 1:colcon.colcon_core.package_identification:_identify(.) by extension 'ignore_ament_install'
[3.912s] Level 1:colcon.colcon_core.package_identification:_identify(.) by extensions ['colcon_pkg']
[3.913s] Level 1:colcon.colcon_core.package_identification:_identify(.) by extension 'colcon_pkg'
[3.914s] Level 1:colcon.colcon_core.package_identification:_identify(.) by extensions ['colcon_meta']
[3.915s] Level 1:colcon.colcon_core.package_identification:_identify(.) by extension 'colcon_meta'
[3.916s] Level 1:colcon.colcon_core.package_identification:_identify(.) by extensions ['ros']
[3.916s] Level 1:colcon.colcon_core.package_identification:_identify(.) by extension 'ros'
[4.040s] Level 1:colcon.colcon_core.package_identification:_identify(.) by extensions ['cmake', 'python']
[4.041s] Level 1:colcon.colcon_core.package_identification:_identify(.) by extension 'cmake'
[4.042s] Level 1:colcon.colcon_core.package_identification:_identify(.) by extension 'python'
[4.043s] Level 1:colcon.colcon_core.package_identification:_identify(.) by extensions ['python_setup_py']
[4.044s] Level 1:colcon.colcon_core.package_identification:_identify(.) by extension 'python_setup_py'
[4.052s] Level 1:colcon.colcon_core.package_identification:_identify(build) by extensions ['ignore', 'ignore_ament_install']
[4.053s] Level 1:colcon.colcon_core.package_identification:_identify(build) by extension 'ignore'
[4.053s] Level 1:colcon.colcon_core.package_identification:_identify(build) ignored
[4.055s] Level 1:colcon.colcon_core.package_identification:_identify(flight_test_2) by extensions ['ignore', 'ignore_ament_install']
[4.056s] Level 1:colcon.colcon_core.package_identification:_identify(flight_test_2) by extension 'ignore'
[4.057s] Level 1:colcon.colcon_core.package_identification:_identify(flight_test_2) by extension 'ignore_ament_install'
[4.058s] Level 1:colcon.colcon_core.package_identification:_identify(flight_test_2) by extensions ['colcon_pkg']
[4.058s] Level 1:colcon.colcon_core.package_identification:_identify(flight_test_2) by extension 'colcon_pkg'
[4.059s] Level 1:colcon.colcon_core.package_identification:_identify(flight_test_2) by extensions ['colcon_meta']
[4.060s] Level 1:colcon.colcon_core.package_identification:_identify(flight_test_2) by extension 'colcon_meta'
[4.060s] Level 1:colcon.colcon_core.package_identification:_identify(flight_test_2) by extensions ['ros']
[4.061s] Level 1:colcon.colcon_core.package_identification:_identify(flight_test_2) by extension 'ros'
[4.062s] Level 1:colcon.colcon_core.package_identification:_identify(flight_test_2) by extensions ['cmake', 'python']
[4.063s] Level 1:colcon.colcon_core.package_identification:_identify(flight_test_2) by extension 'cmake'
[4.063s] Level 1:colcon.colcon_core.package_identification:_identify(flight_test_2) by extension 'python'
[4.064s] Level 1:colcon.colcon_core.package_identification:_identify(flight_test_2) by extensions ['python_setup_py']
[4.065s] Level 1:colcon.colcon_core.package_identification:_identify(flight_test_2) by extension 'python_setup_py'
[4.066s] Level 1:colcon.colcon_core.package_identification:_identify(flight_test_2/build) by extensions ['ignore', 'ignore_ament_install']
[4.067s] Level 1:colcon.colcon_core.package_identification:_identify(flight_test_2/build) by extension 'ignore'
[4.067s] Level 1:colcon.colcon_core.package_identification:_identify(flight_test_2/build) ignored
[4.068s] Level 1:colcon.colcon_core.package_identification:_identify(flight_test_2/install) by extensions ['ignore', 'ignore_ament_install']
[4.069s] Level 1:colcon.colcon_core.package_identification:_identify(flight_test_2/install) by extension 'ignore'
[4.069s] Level 1:colcon.colcon_core.package_identification:_identify(flight_test_2/install) ignored
[4.069s] Level 1:colcon.colcon_core.package_identification:_identify(flight_test_2/log) by extensions ['ignore', 'ignore_ament_install']
[4.070s] Level 1:colcon.colcon_core.package_identification:_identify(flight_test_2/log) by extension 'ignore'
[4.070s] Level 1:colcon.colcon_core.package_identification:_identify(flight_test_2/log) ignored
[4.071s] Level 1:colcon.colcon_core.package_identification:_identify(flight_test_2/testing_all_nodes) by extensions ['ignore', 'ignore_ament_install']
[4.071s] Level 1:colcon.colcon_core.package_identification:_identify(flight_test_2/testing_all_nodes) by extension 'ignore'
[4.072s] Level 1:colcon.colcon_core.package_identification:_identify(flight_test_2/testing_all_nodes) by extension 'ignore_ament_install'
[4.072s] Level 1:colcon.colcon_core.package_identification:_identify(flight_test_2/testing_all_nodes) by extensions ['colcon_pkg']
[4.072s] Level 1:colcon.colcon_core.package_identification:_identify(flight_test_2/testing_all_nodes) by extension 'colcon_pkg'
[4.073s] Level 1:colcon.colcon_core.package_identification:_identify(flight_test_2/testing_all_nodes) by extensions ['colcon_meta']
[4.073s] Level 1:colcon.colcon_core.package_identification:_identify(flight_test_2/testing_all_nodes) by extension 'colcon_meta'
[4.073s] Level 1:colcon.colcon_core.package_identification:_identify(flight_test_2/testing_all_nodes) by extensions ['ros']
[4.073s] Level 1:colcon.colcon_core.package_identification:_identify(flight_test_2/testing_all_nodes) by extension 'ros'
[4.074s] Level 1:colcon.colcon_core.package_identification:_identify(flight_test_2/testing_all_nodes) by extensions ['cmake', 'python']
[4.074s] Level 1:colcon.colcon_core.package_identification:_identify(flight_test_2/testing_all_nodes) by extension 'cmake'
[4.075s] Level 1:colcon.colcon_core.package_identification:_identify(flight_test_2/testing_all_nodes) by extension 'python'
[4.075s] Level 1:colcon.colcon_core.package_identification:_identify(flight_test_2/testing_all_nodes) by extensions ['python_setup_py']
[4.075s] Level 1:colcon.colcon_core.package_identification:_identify(flight_test_2/testing_all_nodes) by extension 'python_setup_py'
[4.076s] Level 1:colcon.colcon_core.package_identification:_identify(install) by extensions ['ignore', 'ignore_ament_install']
[4.077s] Level 1:colcon.colcon_core.package_identification:_identify(install) by extension 'ignore'
[4.077s] Level 1:colcon.colcon_core.package_identification:_identify(install) ignored
[4.078s] Level 1:colcon.colcon_core.package_identification:_identify(log) by extensions ['ignore', 'ignore_ament_install']
[4.078s] Level 1:colcon.colcon_core.package_identification:_identify(log) by extension 'ignore'
[4.079s] Level 1:colcon.colcon_core.package_identification:_identify(log) ignored
[4.079s] Level 1:colcon.colcon_core.package_identification:_identify(src) by extensions ['ignore', 'ignore_ament_install']
[4.080s] Level 1:colcon.colcon_core.package_identification:_identify(src) by extension 'ignore'
[4.080s] Level 1:colcon.colcon_core.package_identification:_identify(src) by extension 'ignore_ament_install'
[4.080s] Level 1:colcon.colcon_core.package_identification:_identify(src) by extensions ['colcon_pkg']
[4.080s] Level 1:colcon.colcon_core.package_identification:_identify(src) by extension 'colcon_pkg'
[4.081s] Level 1:colcon.colcon_core.package_identification:_identify(src) by extensions ['colcon_meta']
[4.081s] Level 1:colcon.colcon_core.package_identification:_identify(src) by extension 'colcon_meta'
[4.081s] Level 1:colcon.colcon_core.package_identification:_identify(src) by extensions ['ros']
[4.081s] Level 1:colcon.colcon_core.package_identification:_identify(src) by extension 'ros'
[4.082s] Level 1:colcon.colcon_core.package_identification:_identify(src) by extensions ['cmake', 'python']
[4.082s] Level 1:colcon.colcon_core.package_identification:_identify(src) by extension 'cmake'
[4.082s] Level 1:colcon.colcon_core.package_identification:_identify(src) by extension 'python'
[4.082s] Level 1:colcon.colcon_core.package_identification:_identify(src) by extensions ['python_setup_py']
[4.083s] Level 1:colcon.colcon_core.package_identification:_identify(src) by extension 'python_setup_py'
[4.083s] Level 1:colcon.colcon_core.package_identification:_identify(src/nodes) by extensions ['ignore', 'ignore_ament_install']
[4.084s] Level 1:colcon.colcon_core.package_identification:_identify(src/nodes) by extension 'ignore'
[4.084s] Level 1:colcon.colcon_core.package_identification:_identify(src/nodes) by extension 'ignore_ament_install'
[4.085s] Level 1:colcon.colcon_core.package_identification:_identify(src/nodes) by extensions ['colcon_pkg']
[4.085s] Level 1:colcon.colcon_core.package_identification:_identify(src/nodes) by extension 'colcon_pkg'
[4.085s] Level 1:colcon.colcon_core.package_identification:_identify(src/nodes) by extensions ['colcon_meta']
[4.086s] Level 1:colcon.colcon_core.package_identification:_identify(src/nodes) by extension 'colcon_meta'
[4.086s] Level 1:colcon.colcon_core.package_identification:_identify(src/nodes) by extensions ['ros']
[4.086s] Level 1:colcon.colcon_core.package_identification:_identify(src/nodes) by extension 'ros'
[4.088s] Level 1:colcon.colcon_core.package_identification:_identify(src/nodes) by extensions ['cmake', 'python']
[4.089s] Level 1:colcon.colcon_core.package_identification:_identify(src/nodes) by extension 'cmake'
[4.089s] Level 1:colcon.colcon_core.package_identification:_identify(src/nodes) by extension 'python'
[4.090s] Level 1:colcon.colcon_core.package_identification:_identify(src/nodes) by extensions ['python_setup_py']
[4.091s] Level 1:colcon.colcon_core.package_identification:_identify(src/nodes) by extension 'python_setup_py'
[4.092s] Level 1:colcon.colcon_core.package_identification:_identify(src/px4_autonomy_modules) by extensions ['ignore', 'ignore_ament_install']
[4.093s] Level 1:colcon.colcon_core.package_identification:_identify(src/px4_autonomy_modules) by extension 'ignore'
[4.094s] Level 1:colcon.colcon_core.package_identification:_identify(src/px4_autonomy_modules) by extension 'ignore_ament_install'
[4.095s] Level 1:colcon.colcon_core.package_identification:_identify(src/px4_autonomy_modules) by extensions ['colcon_pkg']
[4.096s] Level 1:colcon.colcon_core.package_identification:_identify(src/px4_autonomy_modules) by extension 'colcon_pkg'
[4.097s] Level 1:colcon.colcon_core.package_identification:_identify(src/px4_autonomy_modules) by extensions ['colcon_meta']
[4.098s] Level 1:colcon.colcon_core.package_identification:_identify(src/px4_autonomy_modules) by extension 'colcon_meta'
[4.098s] Level 1:colcon.colcon_core.package_identification:_identify(src/px4_autonomy_modules) by extensions ['ros']
[4.099s] Level 1:colcon.colcon_core.package_identification:_identify(src/px4_autonomy_modules) by extension 'ros'
[4.126s] DEBUG:colcon.colcon_core.package_identification:Package 'src/px4_autonomy_modules' with type 'ros.ament_cmake' and name 'px4_autonomy_modules'
[4.127s] Level 1:colcon.colcon_core.package_identification:_identify(src/tmp) by extensions ['ignore', 'ignore_ament_install']
[4.128s] Level 1:colcon.colcon_core.package_identification:_identify(src/tmp) by extension 'ignore'
[4.129s] Level 1:colcon.colcon_core.package_identification:_identify(src/tmp) by extension 'ignore_ament_install'
[4.130s] Level 1:colcon.colcon_core.package_identification:_identify(src/tmp) by extensions ['colcon_pkg']
[4.131s] Level 1:colcon.colcon_core.package_identification:_identify(src/tmp) by extension 'colcon_pkg'
[4.131s] Level 1:colcon.colcon_core.package_identification:_identify(src/tmp) by extensions ['colcon_meta']
[4.132s] Level 1:colcon.colcon_core.package_identification:_identify(src/tmp) by extension 'colcon_meta'
[4.133s] Level 1:colcon.colcon_core.package_identification:_identify(src/tmp) by extensions ['ros']
[4.134s] Level 1:colcon.colcon_core.package_identification:_identify(src/tmp) by extension 'ros'
[4.138s] DEBUG:colcon.colcon_core.package_identification:Package 'src/tmp' with type 'ros.ament_python' and name 'tmp'
[4.139s] Level 1:colcon.colcon_core.package_discovery:discover_packages(recursive) using defaults
[4.140s] Level 1:colcon.colcon_core.package_discovery:discover_packages(ignore) discover
[4.140s] Level 1:colcon.colcon_core.package_discovery:discover_packages(ignore) using defaults
[4.141s] Level 1:colcon.colcon_core.package_discovery:discover_packages(path) discover
[4.141s] Level 1:colcon.colcon_core.package_discovery:discover_packages(path) using defaults
[4.314s] Level 1:colcon.colcon_core.package_discovery:discover_packages(prefix_path) check parameters
[4.315s] Level 1:colcon.colcon_core.package_discovery:discover_packages(prefix_path) discover
[4.341s] DEBUG:colcon.colcon_installed_package_information.package_discovery:Found 267 installed packages in /opt/ros/foxy
[4.354s] Level 1:colcon.colcon_core.package_discovery:discover_packages(prefix_path) using defaults
[4.958s] Level 5:colcon.colcon_core.verb:set package 'px4_autonomy_modules' build argument 'cmake_args' from command line to 'None'
[4.958s] Level 5:colcon.colcon_core.verb:set package 'px4_autonomy_modules' build argument 'cmake_target' from command line to 'None'
[4.958s] Level 5:colcon.colcon_core.verb:set package 'px4_autonomy_modules' build argument 'cmake_target_skip_unavailable' from command line to 'False'
[4.958s] Level 5:colcon.colcon_core.verb:set package 'px4_autonomy_modules' build argument 'cmake_clean_cache' from command line to 'False'
[4.958s] Level 5:colcon.colcon_core.verb:set package 'px4_autonomy_modules' build argument 'cmake_clean_first' from command line to 'False'
[4.959s] Level 5:colcon.colcon_core.verb:set package 'px4_autonomy_modules' build argument 'cmake_force_configure' from command line to 'False'
[4.959s] Level 5:colcon.colcon_core.verb:set package 'px4_autonomy_modules' build argument 'ament_cmake_args' from command line to 'None'
[4.959s] Level 5:colcon.colcon_core.verb:set package 'px4_autonomy_modules' build argument 'catkin_cmake_args' from command line to 'None'
[4.959s] Level 5:colcon.colcon_core.verb:set package 'px4_autonomy_modules' build argument 'catkin_skip_building_tests' from command line to 'False'
[4.959s] DEBUG:colcon.colcon_core.verb:Building package 'px4_autonomy_modules' with the following arguments: {'ament_cmake_args': None, 'build_base': '/home/jetson/flyrs_ws/build/px4_autonomy_modules', 'catkin_cmake_args': None, 'catkin_skip_building_tests': False, 'cmake_args': None, 'cmake_clean_cache': False, 'cmake_clean_first': False, 'cmake_force_configure': False, 'cmake_target': None, 'cmake_target_skip_unavailable': False, 'install_base': '/home/jetson/flyrs_ws/install/px4_autonomy_modules', 'merge_install': False, 'path': '/home/jetson/flyrs_ws/src/px4_autonomy_modules', 'symlink_install': False, 'test_result_base': None}
[4.962s] Level 5:colcon.colcon_core.verb:set package 'tmp' build argument 'cmake_args' from command line to 'None'
[4.962s] Level 5:colcon.colcon_core.verb:set package 'tmp' build argument 'cmake_target' from command line to 'None'
[4.962s] Level 5:colcon.colcon_core.verb:set package 'tmp' build argument 'cmake_target_skip_unavailable' from command line to 'False'
[4.962s] Level 5:colcon.colcon_core.verb:set package 'tmp' build argument 'cmake_clean_cache' from command line to 'False'
[4.963s] Level 5:colcon.colcon_core.verb:set package 'tmp' build argument 'cmake_clean_first' from command line to 'False'
[4.963s] Level 5:colcon.colcon_core.verb:set package 'tmp' build argument 'cmake_force_configure' from command line to 'False'
[4.963s] Level 5:colcon.colcon_core.verb:set package 'tmp' build argument 'ament_cmake_args' from command line to 'None'
[4.963s] Level 5:colcon.colcon_core.verb:set package 'tmp' build argument 'catkin_cmake_args' from command line to 'None'
[4.963s] Level 5:colcon.colcon_core.verb:set package 'tmp' build argument 'catkin_skip_building_tests' from command line to 'False'
[4.963s] DEBUG:colcon.colcon_core.verb:Building package 'tmp' with the following arguments: {'ament_cmake_args': None, 'build_base': '/home/jetson/flyrs_ws/build/tmp', 'catkin_cmake_args': None, 'catkin_skip_building_tests': False, 'cmake_args': None, 'cmake_clean_cache': False, 'cmake_clean_first': False, 'cmake_force_configure': False, 'cmake_target': None, 'cmake_target_skip_unavailable': False, 'install_base': '/home/jetson/flyrs_ws/install/tmp', 'merge_install': False, 'path': '/home/jetson/flyrs_ws/src/tmp', 'symlink_install': False, 'test_result_base': None}
[4.964s] INFO:colcon.colcon_core.executor:Executing jobs using 'parallel' executor
[4.968s] DEBUG:colcon.colcon_parallel_executor.executor.parallel:run_until_complete
[4.969s] INFO:colcon.colcon_ros.task.ament_cmake.build:Building ROS package in '/home/jetson/flyrs_ws/src/px4_autonomy_modules' with build type 'ament_cmake'
[4.970s] INFO:colcon.colcon_cmake.task.cmake.build:Building CMake package in '/home/jetson/flyrs_ws/src/px4_autonomy_modules'
[4.995s] INFO:colcon.colcon_core.plugin_system:Skipping extension 'colcon_core.shell.bat': Not used on non-Windows systems
[4.996s] INFO:colcon.colcon_core.shell:Skip shell extension 'powershell' for command environment: Not usable outside of PowerShell
[4.996s] DEBUG:colcon.colcon_core.shell:Skip shell extension 'dsv' for command environment
[5.018s] INFO:colcon.colcon_ros.task.ament_python.build:Building ROS package in '/home/jetson/flyrs_ws/src/tmp' with build type 'ament_python'
[5.019s] Level 1:colcon.colcon_core.shell:create_environment_hook('tmp', 'ament_prefix_path')
[5.021s] INFO:colcon.colcon_core.shell:Creating environment hook '/home/jetson/flyrs_ws/install/tmp/share/tmp/hook/ament_prefix_path.ps1'
[5.028s] INFO:colcon.colcon_core.shell:Creating environment descriptor '/home/jetson/flyrs_ws/install/tmp/share/tmp/hook/ament_prefix_path.dsv'
[5.032s] INFO:colcon.colcon_core.shell:Creating environment hook '/home/jetson/flyrs_ws/install/tmp/share/tmp/hook/ament_prefix_path.sh'
[5.037s] INFO:colcon.colcon_core.shell:Skip shell extension 'powershell' for command environment: Not usable outside of PowerShell
[5.038s] DEBUG:colcon.colcon_core.shell:Skip shell extension 'dsv' for command environment
[5.077s] DEBUG:colcon.colcon_core.event_handler.log_command:Invoking command in '/home/jetson/flyrs_ws/build/px4_autonomy_modules': CMAKE_PREFIX_PATH=/opt/ros/foxy /usr/bin/cmake --build /home/jetson/flyrs_ws/build/px4_autonomy_modules -- -j4 -l4
[6.917s] INFO:colcon.colcon_core.task.python.build:Building Python package in '/home/jetson/flyrs_ws/src/tmp'
[6.920s] INFO:colcon.colcon_core.shell:Skip shell extension 'powershell' for command environment: Not usable outside of PowerShell
[6.920s] DEBUG:colcon.colcon_core.shell:Skip shell extension 'dsv' for command environment
[6.947s] DEBUG:colcon.colcon_core.event_handler.log_command:Invoked command in '/home/jetson/flyrs_ws/build/px4_autonomy_modules' returned '0': CMAKE_PREFIX_PATH=/opt/ros/foxy /usr/bin/cmake --build /home/jetson/flyrs_ws/build/px4_autonomy_modules -- -j4 -l4
[7.000s] DEBUG:colcon.colcon_core.event_handler.log_command:Invoking command in '/home/jetson/flyrs_ws/build/px4_autonomy_modules': CMAKE_PREFIX_PATH=/opt/ros/foxy /usr/bin/cmake --install /home/jetson/flyrs_ws/build/px4_autonomy_modules
[7.159s] Level 1:colcon.colcon_core.environment:create_environment_scripts_only(px4_autonomy_modules)
[7.163s] DEBUG:colcon.colcon_core.event_handler.log_command:Invoked command in '/home/jetson/flyrs_ws/build/px4_autonomy_modules' returned '0': CMAKE_PREFIX_PATH=/opt/ros/foxy /usr/bin/cmake --install /home/jetson/flyrs_ws/build/px4_autonomy_modules
[7.193s] Level 1:colcon.colcon_core.environment:checking '/home/jetson/flyrs_ws/install/px4_autonomy_modules' for CMake module files
[7.196s] Level 1:colcon.colcon_core.environment:checking '/home/jetson/flyrs_ws/install/px4_autonomy_modules' for CMake config files
[7.198s] Level 1:colcon.colcon_core.shell:create_environment_hook('px4_autonomy_modules', 'cmake_prefix_path')
[7.200s] INFO:colcon.colcon_core.shell:Creating environment hook '/home/jetson/flyrs_ws/install/px4_autonomy_modules/share/px4_autonomy_modules/hook/cmake_prefix_path.ps1'
[7.203s] INFO:colcon.colcon_core.shell:Creating environment descriptor '/home/jetson/flyrs_ws/install/px4_autonomy_modules/share/px4_autonomy_modules/hook/cmake_prefix_path.dsv'
[7.204s] INFO:colcon.colcon_core.shell:Creating environment hook '/home/jetson/flyrs_ws/install/px4_autonomy_modules/share/px4_autonomy_modules/hook/cmake_prefix_path.sh'
[7.208s] Level 1:colcon.colcon_core.environment:checking '/home/jetson/flyrs_ws/install/px4_autonomy_modules/bin'
[7.209s] Level 1:colcon.colcon_core.environment:checking '/home/jetson/flyrs_ws/install/px4_autonomy_modules/lib/pkgconfig/px4_autonomy_modules.pc'
[7.210s] Level 1:colcon.colcon_core.environment:checking '/home/jetson/flyrs_ws/install/px4_autonomy_modules/lib/python3.8/site-packages'
[7.211s] Level 1:colcon.colcon_core.environment:checking '/home/jetson/flyrs_ws/install/px4_autonomy_modules/bin'
[7.213s] INFO:colcon.colcon_core.shell:Creating package script '/home/jetson/flyrs_ws/install/px4_autonomy_modules/share/px4_autonomy_modules/package.ps1'
[7.229s] INFO:colcon.colcon_core.shell:Creating package descriptor '/home/jetson/flyrs_ws/install/px4_autonomy_modules/share/px4_autonomy_modules/package.dsv'
[7.236s] INFO:colcon.colcon_core.shell:Creating package script '/home/jetson/flyrs_ws/install/px4_autonomy_modules/share/px4_autonomy_modules/package.sh'
[7.242s] INFO:colcon.colcon_core.shell:Creating package script '/home/jetson/flyrs_ws/install/px4_autonomy_modules/share/px4_autonomy_modules/package.bash'
[7.249s] INFO:colcon.colcon_core.shell:Creating package script '/home/jetson/flyrs_ws/install/px4_autonomy_modules/share/px4_autonomy_modules/package.zsh'
[7.258s] Level 1:colcon.colcon_core.environment:create_file_with_runtime_dependencies(/home/jetson/flyrs_ws/install/px4_autonomy_modules/share/colcon-core/packages/px4_autonomy_modules)
[7.261s] Level 1:colcon.colcon_core.environment:create_environment_scripts_only(px4_autonomy_modules)
[7.263s] Level 1:colcon.colcon_core.environment:checking '/home/jetson/flyrs_ws/install/px4_autonomy_modules' for CMake module files
[7.266s] Level 1:colcon.colcon_core.environment:checking '/home/jetson/flyrs_ws/install/px4_autonomy_modules' for CMake config files
[7.267s] Level 1:colcon.colcon_core.shell:create_environment_hook('px4_autonomy_modules', 'cmake_prefix_path')
[7.269s] INFO:colcon.colcon_core.shell:Creating environment hook '/home/jetson/flyrs_ws/install/px4_autonomy_modules/share/px4_autonomy_modules/hook/cmake_prefix_path.ps1'
[7.273s] INFO:colcon.colcon_core.shell:Creating environment descriptor '/home/jetson/flyrs_ws/install/px4_autonomy_modules/share/px4_autonomy_modules/hook/cmake_prefix_path.dsv'
[7.276s] INFO:colcon.colcon_core.shell:Creating environment hook '/home/jetson/flyrs_ws/install/px4_autonomy_modules/share/px4_autonomy_modules/hook/cmake_prefix_path.sh'
[7.279s] Level 1:colcon.colcon_core.environment:checking '/home/jetson/flyrs_ws/install/px4_autonomy_modules/bin'
[7.280s] Level 1:colcon.colcon_core.environment:checking '/home/jetson/flyrs_ws/install/px4_autonomy_modules/lib/pkgconfig/px4_autonomy_modules.pc'
[7.282s] Level 1:colcon.colcon_core.environment:checking '/home/jetson/flyrs_ws/install/px4_autonomy_modules/lib/python3.8/site-packages'
[7.283s] Level 1:colcon.colcon_core.environment:checking '/home/jetson/flyrs_ws/install/px4_autonomy_modules/bin'
[7.285s] INFO:colcon.colcon_core.shell:Creating package script '/home/jetson/flyrs_ws/install/px4_autonomy_modules/share/px4_autonomy_modules/package.ps1'
[7.287s] INFO:colcon.colcon_core.shell:Creating package descriptor '/home/jetson/flyrs_ws/install/px4_autonomy_modules/share/px4_autonomy_modules/package.dsv'
[7.290s] INFO:colcon.colcon_core.shell:Creating package script '/home/jetson/flyrs_ws/install/px4_autonomy_modules/share/px4_autonomy_modules/package.sh'
[7.292s] INFO:colcon.colcon_core.shell:Creating package script '/home/jetson/flyrs_ws/install/px4_autonomy_modules/share/px4_autonomy_modules/package.bash'
[7.295s] INFO:colcon.colcon_core.shell:Creating package script '/home/jetson/flyrs_ws/install/px4_autonomy_modules/share/px4_autonomy_modules/package.zsh'
[7.308s] Level 1:colcon.colcon_core.environment:create_file_with_runtime_dependencies(/home/jetson/flyrs_ws/install/px4_autonomy_modules/share/colcon-core/packages/px4_autonomy_modules)
[9.943s] DEBUG:colcon.colcon_core.event_handler.log_command:Invoking command in '/home/jetson/flyrs_ws/src/tmp': PYTHONPATH=/home/jetson/flyrs_ws/build/tmp/prefix_override:/usr/lib/python3/dist-packages/colcon_core/task/python/colcon_distutils_commands:/home/jetson/flyrs_ws/install/tmp/lib/python3.8/site-packages:${PYTHONPATH} /usr/bin/python3 -W ignore:setup.py install is deprecated -W ignore:easy_install command is deprecated setup.py egg_info --egg-base ../../build/tmp build --build-base /home/jetson/flyrs_ws/build/tmp/build install --record /home/jetson/flyrs_ws/build/tmp/install.log --install-scripts $base/lib/tmp --single-version-externally-managed install_data
[11.865s] Level 1:colcon.colcon_core.environment:checking '/home/jetson/flyrs_ws/install/tmp' for CMake module files
[11.870s] Level 1:colcon.colcon_core.environment:checking '/home/jetson/flyrs_ws/install/tmp' for CMake config files
[11.873s] DEBUG:colcon.colcon_core.event_handler.log_command:Invoked command in '/home/jetson/flyrs_ws/src/tmp' returned '0': PYTHONPATH=/home/jetson/flyrs_ws/build/tmp/prefix_override:/usr/lib/python3/dist-packages/colcon_core/task/python/colcon_distutils_commands:/home/jetson/flyrs_ws/install/tmp/lib/python3.8/site-packages:${PYTHONPATH} /usr/bin/python3 -W ignore:setup.py install is deprecated -W ignore:easy_install command is deprecated setup.py egg_info --egg-base ../../build/tmp build --build-base /home/jetson/flyrs_ws/build/tmp/build install --record /home/jetson/flyrs_ws/build/tmp/install.log --install-scripts $base/lib/tmp --single-version-externally-managed install_data
[11.874s] Level 1:colcon.colcon_core.environment:checking '/home/jetson/flyrs_ws/install/tmp/lib'
[11.876s] Level 1:colcon.colcon_core.environment:checking '/home/jetson/flyrs_ws/install/tmp/bin'
[11.876s] Level 1:colcon.colcon_core.environment:checking '/home/jetson/flyrs_ws/install/tmp/lib/pkgconfig/tmp.pc'
[11.877s] Level 1:colcon.colcon_core.environment:checking '/home/jetson/flyrs_ws/install/tmp/lib/python3.8/site-packages'
[11.877s] Level 1:colcon.colcon_core.shell:create_environment_hook('tmp', 'pythonpath')
[11.879s] INFO:colcon.colcon_core.shell:Creating environment hook '/home/jetson/flyrs_ws/install/tmp/share/tmp/hook/pythonpath.ps1'
[11.882s] INFO:colcon.colcon_core.shell:Creating environment descriptor '/home/jetson/flyrs_ws/install/tmp/share/tmp/hook/pythonpath.dsv'
[11.906s] INFO:colcon.colcon_core.shell:Creating environment hook '/home/jetson/flyrs_ws/install/tmp/share/tmp/hook/pythonpath.sh'
[11.912s] Level 1:colcon.colcon_core.environment:checking '/home/jetson/flyrs_ws/install/tmp/bin'
[11.913s] Level 1:colcon.colcon_core.environment:create_environment_scripts_only(tmp)
[11.916s] INFO:colcon.colcon_core.shell:Creating package script '/home/jetson/flyrs_ws/install/tmp/share/tmp/package.ps1'
[11.922s] INFO:colcon.colcon_core.shell:Creating package descriptor '/home/jetson/flyrs_ws/install/tmp/share/tmp/package.dsv'
[11.930s] INFO:colcon.colcon_core.shell:Creating package script '/home/jetson/flyrs_ws/install/tmp/share/tmp/package.sh'
[11.936s] INFO:colcon.colcon_core.shell:Creating package script '/home/jetson/flyrs_ws/install/tmp/share/tmp/package.bash'
[11.942s] INFO:colcon.colcon_core.shell:Creating package script '/home/jetson/flyrs_ws/install/tmp/share/tmp/package.zsh'
[11.947s] Level 1:colcon.colcon_core.environment:create_file_with_runtime_dependencies(/home/jetson/flyrs_ws/install/tmp/share/colcon-core/packages/tmp)
[11.951s] DEBUG:colcon.colcon_parallel_executor.executor.parallel:closing loop
[11.956s] DEBUG:colcon.colcon_parallel_executor.executor.parallel:loop closed
[11.957s] DEBUG:colcon.colcon_parallel_executor.executor.parallel:run_until_complete finished with '0'
[11.960s] DEBUG:colcon.colcon_core.event_reactor:joining thread
[12.028s] INFO:colcon.colcon_core.plugin_system:Skipping extension 'colcon_notification.desktop_notification.terminal_notifier': Not used on non-Darwin systems
[12.029s] INFO:colcon.colcon_core.plugin_system:Skipping extension 'colcon_notification.desktop_notification.win32': Not used on non-Windows systems
[12.030s] INFO:colcon.colcon_notification.desktop_notification:Sending desktop notification using 'notify2'
[12.250s] DEBUG:colcon.colcon_core.event_reactor:joined thread
[12.253s] INFO:colcon.colcon_core.shell:Creating prefix script '/home/jetson/flyrs_ws/install/local_setup.ps1'
[12.265s] INFO:colcon.colcon_core.shell:Creating prefix util module '/home/jetson/flyrs_ws/install/_local_setup_util_ps1.py'
[12.275s] INFO:colcon.colcon_core.shell:Creating prefix chain script '/home/jetson/flyrs_ws/install/setup.ps1'
[12.282s] INFO:colcon.colcon_core.shell:Creating prefix script '/home/jetson/flyrs_ws/install/local_setup.sh'
[12.344s] INFO:colcon.colcon_core.shell:Creating prefix util module '/home/jetson/flyrs_ws/install/_local_setup_util_sh.py'
[12.352s] INFO:colcon.colcon_core.shell:Creating prefix chain script '/home/jetson/flyrs_ws/install/setup.sh'
[12.361s] INFO:colcon.colcon_core.shell:Creating prefix script '/home/jetson/flyrs_ws/install/local_setup.bash'
[12.368s] INFO:colcon.colcon_core.shell:Creating prefix chain script '/home/jetson/flyrs_ws/install/setup.bash'
[12.376s] INFO:colcon.colcon_core.shell:Creating prefix script '/home/jetson/flyrs_ws/install/local_setup.zsh'
[12.383s] INFO:colcon.colcon_core.shell:Creating prefix chain script '/home/jetson/flyrs_ws/install/setup.zsh'
