[0.081s] Invoking command in '/home/jetson/flyrs_ws/build/px4_autonomy_modules': CMAKE_PREFIX_PATH=/opt/ros/foxy /usr/bin/cmake --build /home/jetson/flyrs_ws/build/px4_autonomy_modules -- -j4 -l4
[1.472s] Invoked command in '/home/jetson/flyrs_ws/build/px4_autonomy_modules' returned '0': CMAKE_PREFIX_PATH=/opt/ros/foxy /usr/bin/cmake --build /home/jetson/flyrs_ws/build/px4_autonomy_modules -- -j4 -l4
[1.519s] Invoking command in '/home/jetson/flyrs_ws/build/px4_autonomy_modules': CMAKE_PREFIX_PATH=/opt/ros/foxy /usr/bin/cmake --install /home/jetson/flyrs_ws/build/px4_autonomy_modules
[1.554s] -- Install configuration: ""
[1.555s] -- Execute custom install script
[1.559s] -- Up-to-date symlink: /home/jetson/flyrs_ws/install/px4_autonomy_modules/share/px4_autonomy_modules/launch/__pycache__/mavros.launch.cpython-38.pyc
[1.560s] -- Up-to-date symlink: /home/jetson/flyrs_ws/install/px4_autonomy_modules/share/px4_autonomy_modules/launch/mavros.launch.py
[1.560s] -- Up-to-date symlink: /home/jetson/flyrs_ws/install/px4_autonomy_modules/share/px4_autonomy_modules/launch/px4_config.yaml
[1.561s] -- Up-to-date symlink: /home/jetson/flyrs_ws/install/px4_autonomy_modules/share/px4_autonomy_modules/launch/px4_pluginlists.yaml
[1.562s] -- Up-to-date symlink: /home/jetson/flyrs_ws/install/px4_autonomy_modules/share/ament_index/resource_index/package_run_dependencies/px4_autonomy_modules
[1.563s] -- Up-to-date symlink: /home/jetson/flyrs_ws/install/px4_autonomy_modules/share/ament_index/resource_index/parent_prefix_path/px4_autonomy_modules
[1.564s] -- Up-to-date symlink: /home/jetson/flyrs_ws/install/px4_autonomy_modules/share/px4_autonomy_modules/environment/ament_prefix_path.sh
[1.565s] -- Up-to-date symlink: /home/jetson/flyrs_ws/install/px4_autonomy_modules/share/px4_autonomy_modules/environment/ament_prefix_path.dsv
[1.566s] -- Up-to-date symlink: /home/jetson/flyrs_ws/install/px4_autonomy_modules/share/px4_autonomy_modules/environment/path.sh
[1.568s] -- Up-to-date symlink: /home/jetson/flyrs_ws/install/px4_autonomy_modules/share/px4_autonomy_modules/environment/path.dsv
[1.569s] -- Up-to-date symlink: /home/jetson/flyrs_ws/install/px4_autonomy_modules/share/px4_autonomy_modules/local_setup.bash
[1.570s] -- Up-to-date symlink: /home/jetson/flyrs_ws/install/px4_autonomy_modules/share/px4_autonomy_modules/local_setup.sh
[1.571s] -- Up-to-date symlink: /home/jetson/flyrs_ws/install/px4_autonomy_modules/share/px4_autonomy_modules/local_setup.zsh
[1.572s] -- Up-to-date symlink: /home/jetson/flyrs_ws/install/px4_autonomy_modules/share/px4_autonomy_modules/local_setup.dsv
[1.573s] -- Symlinking: /home/jetson/flyrs_ws/install/px4_autonomy_modules/share/px4_autonomy_modules/package.dsv
[1.610s] -- Up-to-date symlink: /home/jetson/flyrs_ws/install/px4_autonomy_modules/share/ament_index/resource_index/packages/px4_autonomy_modules
[1.612s] -- Up-to-date symlink: /home/jetson/flyrs_ws/install/px4_autonomy_modules/share/px4_autonomy_modules/cmake/px4_autonomy_modulesConfig.cmake
[1.613s] -- Up-to-date symlink: /home/jetson/flyrs_ws/install/px4_autonomy_modules/share/px4_autonomy_modules/cmake/px4_autonomy_modulesConfig-version.cmake
[1.619s] -- Up-to-date symlink: /home/jetson/flyrs_ws/install/px4_autonomy_modules/share/px4_autonomy_modules/package.xml
[1.629s] Invoked command in '/home/jetson/flyrs_ws/build/px4_autonomy_modules' returned '0': CMAKE_PREFIX_PATH=/opt/ros/foxy /usr/bin/cmake --install /home/jetson/flyrs_ws/build/px4_autonomy_modules
