[1.398s] DEBUG:colcon:Command line arguments: ['/usr/bin/colcon', 'build']
[1.398s] DEBUG:colcon:Parsed command line arguments: Namespace(allow_overriding=[], ament_cmake_args=None, base_paths=['.'], build_base='build', catkin_cmake_args=None, catkin_skip_building_tests=False, cmake_args=None, cmake_clean_cache=False, cmake_clean_first=False, cmake_force_configure=False, cmake_target=None, cmake_target_skip_unavailable=False, continue_on_error=False, event_handlers=None, executor='parallel', ignore_user_meta=False, install_base='install', log_base=None, log_level=None, main=<bound method BuildVerb.main of <colcon_core.verb.build.BuildVerb object at 0x7fb597c2b0>>, merge_install=False, metas=['./colcon.meta'], packages_above=None, packages_above_and_dependencies=None, packages_above_depth=None, packages_end=None, packages_ignore=None, packages_ignore_regex=None, packages_select=None, packages_select_build_failed=False, packages_select_by_dep=None, packages_select_regex=None, packages_select_test_failures=False, packages_skip=None, packages_skip_build_finished=False, packages_skip_by_dep=None, packages_skip_regex=None, packages_skip_test_passed=False, packages_skip_up_to=None, packages_start=None, packages_up_to=None, packages_up_to_regex=None, parallel_workers=4, paths=None, symlink_install=False, test_result_base=None, verb_extension=<colcon_core.verb.build.BuildVerb object at 0x7fb597c2b0>, verb_name='build', verb_parser=<colcon_defaults.argument_parser.defaults.DefaultArgumentsDecorator object at 0x7fb59095b0>)
[2.424s] Level 1:colcon.colcon_core.package_discovery:discover_packages(colcon_meta) check parameters
[2.424s] Level 1:colcon.colcon_core.package_discovery:discover_packages(recursive) check parameters
[2.424s] Level 1:colcon.colcon_core.package_discovery:discover_packages(ignore) check parameters
[2.425s] Level 1:colcon.colcon_core.package_discovery:discover_packages(path) check parameters
[2.425s] Level 1:colcon.colcon_core.package_discovery:discover_packages(colcon_meta) discover
[2.425s] Level 1:colcon.colcon_core.package_discovery:discover_packages(recursive) discover
[2.425s] INFO:colcon.colcon_core.package_discovery:Crawling recursively for packages in '/home/jetson/flyrs_ws'
[2.426s] Level 1:colcon.colcon_core.package_identification:_identify(.) by extensions ['ignore', 'ignore_ament_install']
[2.426s] Level 1:colcon.colcon_core.package_identification:_identify(.) by extension 'ignore'
[2.427s] Level 1:colcon.colcon_core.package_identification:_identify(.) by extension 'ignore_ament_install'
[2.427s] Level 1:colcon.colcon_core.package_identification:_identify(.) by extensions ['colcon_pkg']
[2.427s] Level 1:colcon.colcon_core.package_identification:_identify(.) by extension 'colcon_pkg'
[2.427s] Level 1:colcon.colcon_core.package_identification:_identify(.) by extensions ['colcon_meta']
[2.427s] Level 1:colcon.colcon_core.package_identification:_identify(.) by extension 'colcon_meta'
[2.428s] Level 1:colcon.colcon_core.package_identification:_identify(.) by extensions ['ros']
[2.428s] Level 1:colcon.colcon_core.package_identification:_identify(.) by extension 'ros'
[2.536s] Level 1:colcon.colcon_core.package_identification:_identify(.) by extensions ['cmake', 'python']
[2.537s] Level 1:colcon.colcon_core.package_identification:_identify(.) by extension 'cmake'
[2.537s] Level 1:colcon.colcon_core.package_identification:_identify(.) by extension 'python'
[2.537s] Level 1:colcon.colcon_core.package_identification:_identify(.) by extensions ['python_setup_py']
[2.537s] Level 1:colcon.colcon_core.package_identification:_identify(.) by extension 'python_setup_py'
[2.538s] Level 1:colcon.colcon_core.package_identification:_identify(build) by extensions ['ignore', 'ignore_ament_install']
[2.539s] Level 1:colcon.colcon_core.package_identification:_identify(build) by extension 'ignore'
[2.539s] Level 1:colcon.colcon_core.package_identification:_identify(build) ignored
[2.540s] Level 1:colcon.colcon_core.package_identification:_identify(flight_test_2) by extensions ['ignore', 'ignore_ament_install']
[2.540s] Level 1:colcon.colcon_core.package_identification:_identify(flight_test_2) by extension 'ignore'
[2.540s] Level 1:colcon.colcon_core.package_identification:_identify(flight_test_2) by extension 'ignore_ament_install'
[2.541s] Level 1:colcon.colcon_core.package_identification:_identify(flight_test_2) by extensions ['colcon_pkg']
[2.541s] Level 1:colcon.colcon_core.package_identification:_identify(flight_test_2) by extension 'colcon_pkg'
[2.541s] Level 1:colcon.colcon_core.package_identification:_identify(flight_test_2) by extensions ['colcon_meta']
[2.541s] Level 1:colcon.colcon_core.package_identification:_identify(flight_test_2) by extension 'colcon_meta'
[2.542s] Level 1:colcon.colcon_core.package_identification:_identify(flight_test_2) by extensions ['ros']
[2.542s] Level 1:colcon.colcon_core.package_identification:_identify(flight_test_2) by extension 'ros'
[2.542s] Level 1:colcon.colcon_core.package_identification:_identify(flight_test_2) by extensions ['cmake', 'python']
[2.542s] Level 1:colcon.colcon_core.package_identification:_identify(flight_test_2) by extension 'cmake'
[2.542s] Level 1:colcon.colcon_core.package_identification:_identify(flight_test_2) by extension 'python'
[2.543s] Level 1:colcon.colcon_core.package_identification:_identify(flight_test_2) by extensions ['python_setup_py']
[2.543s] Level 1:colcon.colcon_core.package_identification:_identify(flight_test_2) by extension 'python_setup_py'
[2.543s] Level 1:colcon.colcon_core.package_identification:_identify(install) by extensions ['ignore', 'ignore_ament_install']
[2.544s] Level 1:colcon.colcon_core.package_identification:_identify(install) by extension 'ignore'
[2.544s] Level 1:colcon.colcon_core.package_identification:_identify(install) ignored
[2.544s] Level 1:colcon.colcon_core.package_identification:_identify(log) by extensions ['ignore', 'ignore_ament_install']
[2.545s] Level 1:colcon.colcon_core.package_identification:_identify(log) by extension 'ignore'
[2.545s] Level 1:colcon.colcon_core.package_identification:_identify(log) ignored
[2.546s] Level 1:colcon.colcon_core.package_identification:_identify(src) by extensions ['ignore', 'ignore_ament_install']
[2.546s] Level 1:colcon.colcon_core.package_identification:_identify(src) by extension 'ignore'
[2.547s] Level 1:colcon.colcon_core.package_identification:_identify(src) by extension 'ignore_ament_install'
[2.547s] Level 1:colcon.colcon_core.package_identification:_identify(src) by extensions ['colcon_pkg']
[2.547s] Level 1:colcon.colcon_core.package_identification:_identify(src) by extension 'colcon_pkg'
[2.548s] Level 1:colcon.colcon_core.package_identification:_identify(src) by extensions ['colcon_meta']
[2.548s] Level 1:colcon.colcon_core.package_identification:_identify(src) by extension 'colcon_meta'
[2.548s] Level 1:colcon.colcon_core.package_identification:_identify(src) by extensions ['ros']
[2.549s] Level 1:colcon.colcon_core.package_identification:_identify(src) by extension 'ros'
[2.549s] Level 1:colcon.colcon_core.package_identification:_identify(src) by extensions ['cmake', 'python']
[2.549s] Level 1:colcon.colcon_core.package_identification:_identify(src) by extension 'cmake'
[2.550s] Level 1:colcon.colcon_core.package_identification:_identify(src) by extension 'python'
[2.550s] Level 1:colcon.colcon_core.package_identification:_identify(src) by extensions ['python_setup_py']
[2.550s] Level 1:colcon.colcon_core.package_identification:_identify(src) by extension 'python_setup_py'
[2.551s] Level 1:colcon.colcon_core.package_identification:_identify(src/nodes) by extensions ['ignore', 'ignore_ament_install']
[2.551s] Level 1:colcon.colcon_core.package_identification:_identify(src/nodes) by extension 'ignore'
[2.552s] Level 1:colcon.colcon_core.package_identification:_identify(src/nodes) by extension 'ignore_ament_install'
[2.552s] Level 1:colcon.colcon_core.package_identification:_identify(src/nodes) by extensions ['colcon_pkg']
[2.552s] Level 1:colcon.colcon_core.package_identification:_identify(src/nodes) by extension 'colcon_pkg'
[2.553s] Level 1:colcon.colcon_core.package_identification:_identify(src/nodes) by extensions ['colcon_meta']
[2.553s] Level 1:colcon.colcon_core.package_identification:_identify(src/nodes) by extension 'colcon_meta'
[2.553s] Level 1:colcon.colcon_core.package_identification:_identify(src/nodes) by extensions ['ros']
[2.554s] Level 1:colcon.colcon_core.package_identification:_identify(src/nodes) by extension 'ros'
[2.554s] Level 1:colcon.colcon_core.package_identification:_identify(src/nodes) by extensions ['cmake', 'python']
[2.555s] Level 1:colcon.colcon_core.package_identification:_identify(src/nodes) by extension 'cmake'
[2.555s] Level 1:colcon.colcon_core.package_identification:_identify(src/nodes) by extension 'python'
[2.555s] Level 1:colcon.colcon_core.package_identification:_identify(src/nodes) by extensions ['python_setup_py']
[2.555s] Level 1:colcon.colcon_core.package_identification:_identify(src/nodes) by extension 'python_setup_py'
[2.556s] Level 1:colcon.colcon_core.package_identification:_identify(src/px4_autonomy_modules) by extensions ['ignore', 'ignore_ament_install']
[2.557s] Level 1:colcon.colcon_core.package_identification:_identify(src/px4_autonomy_modules) by extension 'ignore'
[2.557s] Level 1:colcon.colcon_core.package_identification:_identify(src/px4_autonomy_modules) by extension 'ignore_ament_install'
[2.558s] Level 1:colcon.colcon_core.package_identification:_identify(src/px4_autonomy_modules) by extensions ['colcon_pkg']
[2.558s] Level 1:colcon.colcon_core.package_identification:_identify(src/px4_autonomy_modules) by extension 'colcon_pkg'
[2.558s] Level 1:colcon.colcon_core.package_identification:_identify(src/px4_autonomy_modules) by extensions ['colcon_meta']
[2.558s] Level 1:colcon.colcon_core.package_identification:_identify(src/px4_autonomy_modules) by extension 'colcon_meta'
[2.559s] Level 1:colcon.colcon_core.package_identification:_identify(src/px4_autonomy_modules) by extensions ['ros']
[2.559s] Level 1:colcon.colcon_core.package_identification:_identify(src/px4_autonomy_modules) by extension 'ros'
[2.579s] DEBUG:colcon.colcon_core.package_identification:Package 'src/px4_autonomy_modules' with type 'ros.ament_cmake' and name 'px4_autonomy_modules'
[2.580s] Level 1:colcon.colcon_core.package_identification:_identify(src/tmp) by extensions ['ignore', 'ignore_ament_install']
[2.580s] Level 1:colcon.colcon_core.package_identification:_identify(src/tmp) by extension 'ignore'
[2.581s] Level 1:colcon.colcon_core.package_identification:_identify(src/tmp) by extension 'ignore_ament_install'
[2.581s] Level 1:colcon.colcon_core.package_identification:_identify(src/tmp) by extensions ['colcon_pkg']
[2.581s] Level 1:colcon.colcon_core.package_identification:_identify(src/tmp) by extension 'colcon_pkg'
[2.581s] Level 1:colcon.colcon_core.package_identification:_identify(src/tmp) by extensions ['colcon_meta']
[2.581s] Level 1:colcon.colcon_core.package_identification:_identify(src/tmp) by extension 'colcon_meta'
[2.582s] Level 1:colcon.colcon_core.package_identification:_identify(src/tmp) by extensions ['ros']
[2.582s] Level 1:colcon.colcon_core.package_identification:_identify(src/tmp) by extension 'ros'
[2.588s] DEBUG:colcon.colcon_core.package_identification:Package 'src/tmp' with type 'ros.ament_python' and name 'tmp'
[2.588s] Level 1:colcon.colcon_core.package_discovery:discover_packages(recursive) using defaults
[2.589s] Level 1:colcon.colcon_core.package_discovery:discover_packages(ignore) discover
[2.589s] Level 1:colcon.colcon_core.package_discovery:discover_packages(ignore) using defaults
[2.589s] Level 1:colcon.colcon_core.package_discovery:discover_packages(path) discover
[2.589s] Level 1:colcon.colcon_core.package_discovery:discover_packages(path) using defaults
[2.700s] Level 1:colcon.colcon_core.package_discovery:discover_packages(prefix_path) check parameters
[2.700s] Level 1:colcon.colcon_core.package_discovery:discover_packages(prefix_path) discover
[2.713s] DEBUG:colcon.colcon_installed_package_information.package_discovery:Found 2 installed packages in /home/jetson/flyrs_ws/install
[2.721s] DEBUG:colcon.colcon_installed_package_information.package_discovery:Found 267 installed packages in /opt/ros/foxy
[2.732s] Level 1:colcon.colcon_core.package_discovery:discover_packages(prefix_path) using defaults
[3.198s] Level 5:colcon.colcon_core.verb:set package 'px4_autonomy_modules' build argument 'cmake_args' from command line to 'None'
[3.199s] Level 5:colcon.colcon_core.verb:set package 'px4_autonomy_modules' build argument 'cmake_target' from command line to 'None'
[3.199s] Level 5:colcon.colcon_core.verb:set package 'px4_autonomy_modules' build argument 'cmake_target_skip_unavailable' from command line to 'False'
[3.199s] Level 5:colcon.colcon_core.verb:set package 'px4_autonomy_modules' build argument 'cmake_clean_cache' from command line to 'False'
[3.199s] Level 5:colcon.colcon_core.verb:set package 'px4_autonomy_modules' build argument 'cmake_clean_first' from command line to 'False'
[3.199s] Level 5:colcon.colcon_core.verb:set package 'px4_autonomy_modules' build argument 'cmake_force_configure' from command line to 'False'
[3.199s] Level 5:colcon.colcon_core.verb:set package 'px4_autonomy_modules' build argument 'ament_cmake_args' from command line to 'None'
[3.200s] Level 5:colcon.colcon_core.verb:set package 'px4_autonomy_modules' build argument 'catkin_cmake_args' from command line to 'None'
[3.200s] Level 5:colcon.colcon_core.verb:set package 'px4_autonomy_modules' build argument 'catkin_skip_building_tests' from command line to 'False'
[3.200s] DEBUG:colcon.colcon_core.verb:Building package 'px4_autonomy_modules' with the following arguments: {'ament_cmake_args': None, 'build_base': '/home/jetson/flyrs_ws/build/px4_autonomy_modules', 'catkin_cmake_args': None, 'catkin_skip_building_tests': False, 'cmake_args': None, 'cmake_clean_cache': False, 'cmake_clean_first': False, 'cmake_force_configure': False, 'cmake_target': None, 'cmake_target_skip_unavailable': False, 'install_base': '/home/jetson/flyrs_ws/install/px4_autonomy_modules', 'merge_install': False, 'path': '/home/jetson/flyrs_ws/src/px4_autonomy_modules', 'symlink_install': False, 'test_result_base': None}
[3.202s] Level 5:colcon.colcon_core.verb:set package 'tmp' build argument 'cmake_args' from command line to 'None'
[3.202s] Level 5:colcon.colcon_core.verb:set package 'tmp' build argument 'cmake_target' from command line to 'None'
[3.202s] Level 5:colcon.colcon_core.verb:set package 'tmp' build argument 'cmake_target_skip_unavailable' from command line to 'False'
[3.202s] Level 5:colcon.colcon_core.verb:set package 'tmp' build argument 'cmake_clean_cache' from command line to 'False'
[3.202s] Level 5:colcon.colcon_core.verb:set package 'tmp' build argument 'cmake_clean_first' from command line to 'False'
[3.202s] Level 5:colcon.colcon_core.verb:set package 'tmp' build argument 'cmake_force_configure' from command line to 'False'
[3.202s] Level 5:colcon.colcon_core.verb:set package 'tmp' build argument 'ament_cmake_args' from command line to 'None'
[3.203s] Level 5:colcon.colcon_core.verb:set package 'tmp' build argument 'catkin_cmake_args' from command line to 'None'
[3.203s] Level 5:colcon.colcon_core.verb:set package 'tmp' build argument 'catkin_skip_building_tests' from command line to 'False'
[3.203s] DEBUG:colcon.colcon_core.verb:Building package 'tmp' with the following arguments: {'ament_cmake_args': None, 'build_base': '/home/jetson/flyrs_ws/build/tmp', 'catkin_cmake_args': None, 'catkin_skip_building_tests': False, 'cmake_args': None, 'cmake_clean_cache': False, 'cmake_clean_first': False, 'cmake_force_configure': False, 'cmake_target': None, 'cmake_target_skip_unavailable': False, 'install_base': '/home/jetson/flyrs_ws/install/tmp', 'merge_install': False, 'path': '/home/jetson/flyrs_ws/src/tmp', 'symlink_install': False, 'test_result_base': None}
[3.203s] INFO:colcon.colcon_core.executor:Executing jobs using 'parallel' executor
[3.207s] DEBUG:colcon.colcon_parallel_executor.executor.parallel:run_until_complete
[3.208s] INFO:colcon.colcon_ros.task.ament_cmake.build:Building ROS package in '/home/jetson/flyrs_ws/src/px4_autonomy_modules' with build type 'ament_cmake'
[3.209s] INFO:colcon.colcon_cmake.task.cmake.build:Building CMake package in '/home/jetson/flyrs_ws/src/px4_autonomy_modules'
[3.227s] INFO:colcon.colcon_core.plugin_system:Skipping extension 'colcon_core.shell.bat': Not used on non-Windows systems
[3.228s] INFO:colcon.colcon_core.shell:Skip shell extension 'powershell' for command environment: Not usable outside of PowerShell
[3.229s] DEBUG:colcon.colcon_core.shell:Skip shell extension 'dsv' for command environment
[3.252s] INFO:colcon.colcon_ros.task.ament_python.build:Building ROS package in '/home/jetson/flyrs_ws/src/tmp' with build type 'ament_python'
[3.254s] Level 1:colcon.colcon_core.shell:create_environment_hook('tmp', 'ament_prefix_path')
[3.256s] INFO:colcon.colcon_core.shell:Creating environment hook '/home/jetson/flyrs_ws/install/tmp/share/tmp/hook/ament_prefix_path.ps1'
[3.260s] INFO:colcon.colcon_core.shell:Creating environment descriptor '/home/jetson/flyrs_ws/install/tmp/share/tmp/hook/ament_prefix_path.dsv'
[3.263s] INFO:colcon.colcon_core.shell:Creating environment hook '/home/jetson/flyrs_ws/install/tmp/share/tmp/hook/ament_prefix_path.sh'
[3.268s] INFO:colcon.colcon_core.shell:Skip shell extension 'powershell' for command environment: Not usable outside of PowerShell
[3.268s] DEBUG:colcon.colcon_core.shell:Skip shell extension 'dsv' for command environment
[3.311s] DEBUG:colcon.colcon_core.event_handler.log_command:Invoking command in '/home/jetson/flyrs_ws/build/px4_autonomy_modules': CMAKE_PREFIX_PATH=${CMAKE_PREFIX_PATH}:/home/jetson/flyrs_ws/install/tmp:/opt/ros/foxy /usr/bin/cmake --build /home/jetson/flyrs_ws/build/px4_autonomy_modules -- -j4 -l4
[4.803s] INFO:colcon.colcon_core.task.python.build:Building Python package in '/home/jetson/flyrs_ws/src/tmp'
[4.805s] INFO:colcon.colcon_core.shell:Skip shell extension 'powershell' for command environment: Not usable outside of PowerShell
[4.805s] DEBUG:colcon.colcon_core.shell:Skip shell extension 'dsv' for command environment
[4.832s] DEBUG:colcon.colcon_core.event_handler.log_command:Invoked command in '/home/jetson/flyrs_ws/build/px4_autonomy_modules' returned '0': CMAKE_PREFIX_PATH=${CMAKE_PREFIX_PATH}:/home/jetson/flyrs_ws/install/tmp:/opt/ros/foxy /usr/bin/cmake --build /home/jetson/flyrs_ws/build/px4_autonomy_modules -- -j4 -l4
[4.879s] DEBUG:colcon.colcon_core.event_handler.log_command:Invoking command in '/home/jetson/flyrs_ws/build/px4_autonomy_modules': CMAKE_PREFIX_PATH=${CMAKE_PREFIX_PATH}:/home/jetson/flyrs_ws/install/tmp:/opt/ros/foxy /usr/bin/cmake --install /home/jetson/flyrs_ws/build/px4_autonomy_modules
[4.988s] Level 1:colcon.colcon_core.environment:create_environment_scripts_only(px4_autonomy_modules)
[4.991s] DEBUG:colcon.colcon_core.event_handler.log_command:Invoked command in '/home/jetson/flyrs_ws/build/px4_autonomy_modules' returned '0': CMAKE_PREFIX_PATH=${CMAKE_PREFIX_PATH}:/home/jetson/flyrs_ws/install/tmp:/opt/ros/foxy /usr/bin/cmake --install /home/jetson/flyrs_ws/build/px4_autonomy_modules
[5.010s] Level 1:colcon.colcon_core.environment:checking '/home/jetson/flyrs_ws/install/px4_autonomy_modules' for CMake module files
[5.013s] Level 1:colcon.colcon_core.environment:checking '/home/jetson/flyrs_ws/install/px4_autonomy_modules' for CMake config files
[5.014s] Level 1:colcon.colcon_core.shell:create_environment_hook('px4_autonomy_modules', 'cmake_prefix_path')
[5.015s] INFO:colcon.colcon_core.shell:Creating environment hook '/home/jetson/flyrs_ws/install/px4_autonomy_modules/share/px4_autonomy_modules/hook/cmake_prefix_path.ps1'
[5.017s] INFO:colcon.colcon_core.shell:Creating environment descriptor '/home/jetson/flyrs_ws/install/px4_autonomy_modules/share/px4_autonomy_modules/hook/cmake_prefix_path.dsv'
[5.019s] INFO:colcon.colcon_core.shell:Creating environment hook '/home/jetson/flyrs_ws/install/px4_autonomy_modules/share/px4_autonomy_modules/hook/cmake_prefix_path.sh'
[5.022s] Level 1:colcon.colcon_core.environment:checking '/home/jetson/flyrs_ws/install/px4_autonomy_modules/bin'
[5.022s] Level 1:colcon.colcon_core.environment:checking '/home/jetson/flyrs_ws/install/px4_autonomy_modules/lib/pkgconfig/px4_autonomy_modules.pc'
[5.023s] Level 1:colcon.colcon_core.environment:checking '/home/jetson/flyrs_ws/install/px4_autonomy_modules/lib/python3.8/site-packages'
[5.024s] Level 1:colcon.colcon_core.environment:checking '/home/jetson/flyrs_ws/install/px4_autonomy_modules/bin'
[5.025s] INFO:colcon.colcon_core.shell:Creating package script '/home/jetson/flyrs_ws/install/px4_autonomy_modules/share/px4_autonomy_modules/package.ps1'
[5.030s] INFO:colcon.colcon_core.shell:Creating package descriptor '/home/jetson/flyrs_ws/install/px4_autonomy_modules/share/px4_autonomy_modules/package.dsv'
[5.036s] INFO:colcon.colcon_core.shell:Creating package script '/home/jetson/flyrs_ws/install/px4_autonomy_modules/share/px4_autonomy_modules/package.sh'
[5.041s] INFO:colcon.colcon_core.shell:Creating package script '/home/jetson/flyrs_ws/install/px4_autonomy_modules/share/px4_autonomy_modules/package.bash'
[5.047s] INFO:colcon.colcon_core.shell:Creating package script '/home/jetson/flyrs_ws/install/px4_autonomy_modules/share/px4_autonomy_modules/package.zsh'
[5.052s] Level 1:colcon.colcon_core.environment:create_file_with_runtime_dependencies(/home/jetson/flyrs_ws/install/px4_autonomy_modules/share/colcon-core/packages/px4_autonomy_modules)
[5.055s] Level 1:colcon.colcon_core.environment:create_environment_scripts_only(px4_autonomy_modules)
[5.056s] Level 1:colcon.colcon_core.environment:checking '/home/jetson/flyrs_ws/install/px4_autonomy_modules' for CMake module files
[5.059s] Level 1:colcon.colcon_core.environment:checking '/home/jetson/flyrs_ws/install/px4_autonomy_modules' for CMake config files
[5.060s] Level 1:colcon.colcon_core.shell:create_environment_hook('px4_autonomy_modules', 'cmake_prefix_path')
[5.061s] INFO:colcon.colcon_core.shell:Creating environment hook '/home/jetson/flyrs_ws/install/px4_autonomy_modules/share/px4_autonomy_modules/hook/cmake_prefix_path.ps1'
[5.063s] INFO:colcon.colcon_core.shell:Creating environment descriptor '/home/jetson/flyrs_ws/install/px4_autonomy_modules/share/px4_autonomy_modules/hook/cmake_prefix_path.dsv'
[5.064s] INFO:colcon.colcon_core.shell:Creating environment hook '/home/jetson/flyrs_ws/install/px4_autonomy_modules/share/px4_autonomy_modules/hook/cmake_prefix_path.sh'
[5.067s] Level 1:colcon.colcon_core.environment:checking '/home/jetson/flyrs_ws/install/px4_autonomy_modules/bin'
[5.067s] Level 1:colcon.colcon_core.environment:checking '/home/jetson/flyrs_ws/install/px4_autonomy_modules/lib/pkgconfig/px4_autonomy_modules.pc'
[5.068s] Level 1:colcon.colcon_core.environment:checking '/home/jetson/flyrs_ws/install/px4_autonomy_modules/lib/python3.8/site-packages'
[5.069s] Level 1:colcon.colcon_core.environment:checking '/home/jetson/flyrs_ws/install/px4_autonomy_modules/bin'
[5.071s] INFO:colcon.colcon_core.shell:Creating package script '/home/jetson/flyrs_ws/install/px4_autonomy_modules/share/px4_autonomy_modules/package.ps1'
[5.073s] INFO:colcon.colcon_core.shell:Creating package descriptor '/home/jetson/flyrs_ws/install/px4_autonomy_modules/share/px4_autonomy_modules/package.dsv'
[5.075s] INFO:colcon.colcon_core.shell:Creating package script '/home/jetson/flyrs_ws/install/px4_autonomy_modules/share/px4_autonomy_modules/package.sh'
[5.077s] INFO:colcon.colcon_core.shell:Creating package script '/home/jetson/flyrs_ws/install/px4_autonomy_modules/share/px4_autonomy_modules/package.bash'
[5.079s] INFO:colcon.colcon_core.shell:Creating package script '/home/jetson/flyrs_ws/install/px4_autonomy_modules/share/px4_autonomy_modules/package.zsh'
[5.082s] Level 1:colcon.colcon_core.environment:create_file_with_runtime_dependencies(/home/jetson/flyrs_ws/install/px4_autonomy_modules/share/colcon-core/packages/px4_autonomy_modules)
[6.924s] DEBUG:colcon.colcon_core.event_handler.log_command:Invoking command in '/home/jetson/flyrs_ws/src/tmp': PYTHONPATH=/home/jetson/flyrs_ws/build/tmp/prefix_override:/usr/lib/python3/dist-packages/colcon_core/task/python/colcon_distutils_commands:/home/jetson/flyrs_ws/install/tmp/lib/python3.8/site-packages:${PYTHONPATH} /usr/bin/python3 -W ignore:setup.py install is deprecated -W ignore:easy_install command is deprecated setup.py egg_info --egg-base ../../build/tmp build --build-base /home/jetson/flyrs_ws/build/tmp/build install --record /home/jetson/flyrs_ws/build/tmp/install.log --install-scripts $base/lib/tmp --single-version-externally-managed install_data
[8.384s] Level 1:colcon.colcon_core.environment:checking '/home/jetson/flyrs_ws/install/tmp' for CMake module files
[8.387s] DEBUG:colcon.colcon_core.event_handler.log_command:Invoked command in '/home/jetson/flyrs_ws/src/tmp' returned '0': PYTHONPATH=/home/jetson/flyrs_ws/build/tmp/prefix_override:/usr/lib/python3/dist-packages/colcon_core/task/python/colcon_distutils_commands:/home/jetson/flyrs_ws/install/tmp/lib/python3.8/site-packages:${PYTHONPATH} /usr/bin/python3 -W ignore:setup.py install is deprecated -W ignore:easy_install command is deprecated setup.py egg_info --egg-base ../../build/tmp build --build-base /home/jetson/flyrs_ws/build/tmp/build install --record /home/jetson/flyrs_ws/build/tmp/install.log --install-scripts $base/lib/tmp --single-version-externally-managed install_data
[8.388s] Level 1:colcon.colcon_core.environment:checking '/home/jetson/flyrs_ws/install/tmp' for CMake config files
[8.391s] Level 1:colcon.colcon_core.environment:checking '/home/jetson/flyrs_ws/install/tmp/lib'
[8.392s] Level 1:colcon.colcon_core.environment:checking '/home/jetson/flyrs_ws/install/tmp/bin'
[8.392s] Level 1:colcon.colcon_core.environment:checking '/home/jetson/flyrs_ws/install/tmp/lib/pkgconfig/tmp.pc'
[8.393s] Level 1:colcon.colcon_core.environment:checking '/home/jetson/flyrs_ws/install/tmp/lib/python3.8/site-packages'
[8.393s] Level 1:colcon.colcon_core.shell:create_environment_hook('tmp', 'pythonpath')
[8.394s] INFO:colcon.colcon_core.shell:Creating environment hook '/home/jetson/flyrs_ws/install/tmp/share/tmp/hook/pythonpath.ps1'
[8.397s] INFO:colcon.colcon_core.shell:Creating environment descriptor '/home/jetson/flyrs_ws/install/tmp/share/tmp/hook/pythonpath.dsv'
[8.399s] INFO:colcon.colcon_core.shell:Creating environment hook '/home/jetson/flyrs_ws/install/tmp/share/tmp/hook/pythonpath.sh'
[8.401s] Level 1:colcon.colcon_core.environment:checking '/home/jetson/flyrs_ws/install/tmp/bin'
[8.402s] Level 1:colcon.colcon_core.environment:create_environment_scripts_only(tmp)
[8.403s] INFO:colcon.colcon_core.shell:Creating package script '/home/jetson/flyrs_ws/install/tmp/share/tmp/package.ps1'
[8.405s] INFO:colcon.colcon_core.shell:Creating package descriptor '/home/jetson/flyrs_ws/install/tmp/share/tmp/package.dsv'
[8.407s] INFO:colcon.colcon_core.shell:Creating package script '/home/jetson/flyrs_ws/install/tmp/share/tmp/package.sh'
[8.409s] INFO:colcon.colcon_core.shell:Creating package script '/home/jetson/flyrs_ws/install/tmp/share/tmp/package.bash'
[8.411s] INFO:colcon.colcon_core.shell:Creating package script '/home/jetson/flyrs_ws/install/tmp/share/tmp/package.zsh'
[8.413s] Level 1:colcon.colcon_core.environment:create_file_with_runtime_dependencies(/home/jetson/flyrs_ws/install/tmp/share/colcon-core/packages/tmp)
[8.415s] DEBUG:colcon.colcon_parallel_executor.executor.parallel:closing loop
[8.416s] DEBUG:colcon.colcon_parallel_executor.executor.parallel:loop closed
[8.417s] DEBUG:colcon.colcon_parallel_executor.executor.parallel:run_until_complete finished with '0'
[8.417s] DEBUG:colcon.colcon_core.event_reactor:joining thread
[8.457s] INFO:colcon.colcon_core.plugin_system:Skipping extension 'colcon_notification.desktop_notification.terminal_notifier': Not used on non-Darwin systems
[8.457s] INFO:colcon.colcon_core.plugin_system:Skipping extension 'colcon_notification.desktop_notification.win32': Not used on non-Windows systems
[8.458s] INFO:colcon.colcon_notification.desktop_notification:Sending desktop notification using 'notify2'
[8.523s] DEBUG:colcon.colcon_core.event_reactor:joined thread
[8.525s] INFO:colcon.colcon_core.shell:Creating prefix script '/home/jetson/flyrs_ws/install/local_setup.ps1'
[8.532s] INFO:colcon.colcon_core.shell:Creating prefix util module '/home/jetson/flyrs_ws/install/_local_setup_util_ps1.py'
[8.541s] INFO:colcon.colcon_core.shell:Creating prefix chain script '/home/jetson/flyrs_ws/install/setup.ps1'
[8.547s] INFO:colcon.colcon_core.shell:Creating prefix script '/home/jetson/flyrs_ws/install/local_setup.sh'
[8.550s] INFO:colcon.colcon_core.shell:Creating prefix util module '/home/jetson/flyrs_ws/install/_local_setup_util_sh.py'
[8.552s] INFO:colcon.colcon_core.shell:Creating prefix chain script '/home/jetson/flyrs_ws/install/setup.sh'
[8.560s] INFO:colcon.colcon_core.shell:Creating prefix script '/home/jetson/flyrs_ws/install/local_setup.bash'
[8.564s] INFO:colcon.colcon_core.shell:Creating prefix chain script '/home/jetson/flyrs_ws/install/setup.bash'
[8.569s] INFO:colcon.colcon_core.shell:Creating prefix script '/home/jetson/flyrs_ws/install/local_setup.zsh'
[8.572s] INFO:colcon.colcon_core.shell:Creating prefix chain script '/home/jetson/flyrs_ws/install/setup.zsh'
