[3.386s] Invoking command in '/home/jetson/flyrs_ws/src/tmp': PYTHONPATH=/home/jetson/flyrs_ws/build/tmp/prefix_override:/usr/lib/python3/dist-packages/colcon_core/task/python/colcon_distutils_commands:/home/jetson/flyrs_ws/install/tmp/lib/python3.8/site-packages:${PYTHONPATH} /usr/bin/python3 -W ignore:setup.py install is deprecated -W ignore:easy_install command is deprecated setup.py egg_info --egg-base ../../build/tmp build --build-base /home/jetson/flyrs_ws/build/tmp/build install --record /home/jetson/flyrs_ws/build/tmp/install.log --install-scripts $base/lib/tmp --single-version-externally-managed install_data
[4.424s] /usr/local/lib/python3.8/dist-packages/setuptools/dist.py:717: UserWarning: Usage of dash-separated 'script-dir' will not be supported in future versions. Please use the underscore name 'script_dir' instead
[4.425s]   warnings.warn(
[4.568s] running egg_info
[4.572s] writing ../../build/tmp/tmp.egg-info/PKG-INFO
[4.572s] writing dependency_links to ../../build/tmp/tmp.egg-info/dependency_links.txt
[4.573s] writing entry points to ../../build/tmp/tmp.egg-info/entry_points.txt
[4.574s] writing requirements to ../../build/tmp/tmp.egg-info/requires.txt
[4.576s] writing top-level names to ../../build/tmp/tmp.egg-info/top_level.txt
[4.588s] reading manifest file '../../build/tmp/tmp.egg-info/SOURCES.txt'
[4.592s] writing manifest file '../../build/tmp/tmp.egg-info/SOURCES.txt'
[4.593s] running build
[4.593s] running build_py
[4.594s] running install
[4.597s] running install_lib
[4.603s] running install_data
[4.604s] running install_egg_info
[4.610s] removing '/home/jetson/flyrs_ws/install/tmp/lib/python3.8/site-packages/tmp-0.0.0-py3.8.egg-info' (and everything under it)
[4.611s] Copying ../../build/tmp/tmp.egg-info to /home/jetson/flyrs_ws/install/tmp/lib/python3.8/site-packages/tmp-0.0.0-py3.8.egg-info
[4.616s] running install_scripts
[4.694s] Installing vicon_test = tmp.republish_pose:mainrealsense_test script to /home/jetson/flyrs_ws/install/tmp/lib/tmp
[4.695s] writing list of installed files to '/home/jetson/flyrs_ws/build/tmp/install.log'
[4.801s] Invoked command in '/home/jetson/flyrs_ws/src/tmp' returned '0': PYTHONPATH=/home/jetson/flyrs_ws/build/tmp/prefix_override:/usr/lib/python3/dist-packages/colcon_core/task/python/colcon_distutils_commands:/home/jetson/flyrs_ws/install/tmp/lib/python3.8/site-packages:${PYTHONPATH} /usr/bin/python3 -W ignore:setup.py install is deprecated -W ignore:easy_install command is deprecated setup.py egg_info --egg-base ../../build/tmp build --build-base /home/jetson/flyrs_ws/build/tmp/build install --record /home/jetson/flyrs_ws/build/tmp/install.log --install-scripts $base/lib/tmp --single-version-externally-managed install_data
