[3.808s] Invoking command in '/home/jetson/flyrs_ws/src/tmp': PYTHONPATH=/home/jetson/flyrs_ws/build/tmp/prefix_override:/usr/lib/python3/dist-packages/colcon_core/task/python/colcon_distutils_commands:/home/jetson/flyrs_ws/install/tmp/lib/python3.8/site-packages:${PYTHONPATH} /usr/bin/python3 -W ignore:setup.py install is deprecated -W ignore:easy_install command is deprecated setup.py egg_info --egg-base ../../build/tmp build --build-base /home/jetson/flyrs_ws/build/tmp/build install --record /home/jetson/flyrs_ws/build/tmp/install.log --install-scripts $base/lib/tmp --single-version-externally-managed install_data
[4.985s] /usr/local/lib/python3.8/dist-packages/setuptools/dist.py:717: UserWarning: Usage of dash-separated 'script-dir' will not be supported in future versions. Please use the underscore name 'script_dir' instead
[4.986s]   warnings.warn(
[5.129s] running egg_info
[5.132s] writing ../../build/tmp/tmp.egg-info/PKG-INFO
[5.134s] writing dependency_links to ../../build/tmp/tmp.egg-info/dependency_links.txt
[5.134s] writing entry points to ../../build/tmp/tmp.egg-info/entry_points.txt
[5.134s] writing requirements to ../../build/tmp/tmp.egg-info/requires.txt
[5.135s] writing top-level names to ../../build/tmp/tmp.egg-info/top_level.txt
[5.159s] reading manifest file '../../build/tmp/tmp.egg-info/SOURCES.txt'
[5.164s] writing manifest file '../../build/tmp/tmp.egg-info/SOURCES.txt'
[5.165s] running build
[5.165s] running build_py
[5.165s] running install
[5.169s] running install_lib
[5.178s] running install_data
[5.179s] running install_egg_info
[5.186s] removing '/home/jetson/flyrs_ws/install/tmp/lib/python3.8/site-packages/tmp-0.0.0-py3.8.egg-info' (and everything under it)
[5.187s] Copying ../../build/tmp/tmp.egg-info to /home/jetson/flyrs_ws/install/tmp/lib/python3.8/site-packages/tmp-0.0.0-py3.8.egg-info
[5.191s] running install_scripts
[5.275s] Installing vicon_test script to /home/jetson/flyrs_ws/install/tmp/lib/tmp
[5.277s] writing list of installed files to '/home/jetson/flyrs_ws/build/tmp/install.log'
[5.402s] Invoked command in '/home/jetson/flyrs_ws/src/tmp' returned '0': PYTHONPATH=/home/jetson/flyrs_ws/build/tmp/prefix_override:/usr/lib/python3/dist-packages/colcon_core/task/python/colcon_distutils_commands:/home/jetson/flyrs_ws/install/tmp/lib/python3.8/site-packages:${PYTHONPATH} /usr/bin/python3 -W ignore:setup.py install is deprecated -W ignore:easy_install command is deprecated setup.py egg_info --egg-base ../../build/tmp build --build-base /home/jetson/flyrs_ws/build/tmp/build install --record /home/jetson/flyrs_ws/build/tmp/install.log --install-scripts $base/lib/tmp --single-version-externally-managed install_data
