[1.702s] DEBUG:colcon:Command line arguments: ['/usr/bin/colcon', 'build']
[1.703s] DEBUG:colcon:Parsed command line arguments: Namespace(allow_overriding=[], ament_cmake_args=None, base_paths=['.'], build_base='build', catkin_cmake_args=None, catkin_skip_building_tests=False, cmake_args=None, cmake_clean_cache=False, cmake_clean_first=False, cmake_force_configure=False, cmake_target=None, cmake_target_skip_unavailable=False, continue_on_error=False, event_handlers=None, executor='parallel', ignore_user_meta=False, install_base='install', log_base=None, log_level=None, main=<bound method BuildVerb.main of <colcon_core.verb.build.BuildVerb object at 0x7f7cd65040>>, merge_install=False, metas=['./colcon.meta'], packages_above=None, packages_above_and_dependencies=None, packages_above_depth=None, packages_end=None, packages_ignore=None, packages_ignore_regex=None, packages_select=None, packages_select_build_failed=False, packages_select_by_dep=None, packages_select_regex=None, packages_select_test_failures=False, packages_skip=None, packages_skip_build_finished=False, packages_skip_by_dep=None, packages_skip_regex=None, packages_skip_test_passed=False, packages_skip_up_to=None, packages_start=None, packages_up_to=None, packages_up_to_regex=None, parallel_workers=4, paths=None, symlink_install=False, test_result_base=None, verb_extension=<colcon_core.verb.build.BuildVerb object at 0x7f7cd65040>, verb_name='build', verb_parser=<colcon_defaults.argument_parser.defaults.DefaultArgumentsDecorator object at 0x7f7cba3dc0>)
[3.074s] Level 1:colcon.colcon_core.package_discovery:discover_packages(colcon_meta) check parameters
[3.083s] Level 1:colcon.colcon_core.package_discovery:discover_packages(recursive) check parameters
[3.084s] Level 1:colcon.colcon_core.package_discovery:discover_packages(ignore) check parameters
[3.085s] Level 1:colcon.colcon_core.package_discovery:discover_packages(path) check parameters
[3.086s] Level 1:colcon.colcon_core.package_discovery:discover_packages(colcon_meta) discover
[3.088s] Level 1:colcon.colcon_core.package_discovery:discover_packages(recursive) discover
[3.090s] INFO:colcon.colcon_core.package_discovery:Crawling recursively for packages in '/home/jetson/flyrs_ws'
[3.092s] Level 1:colcon.colcon_core.package_identification:_identify(.) by extensions ['ignore', 'ignore_ament_install']
[3.093s] Level 1:colcon.colcon_core.package_identification:_identify(.) by extension 'ignore'
[3.095s] Level 1:colcon.colcon_core.package_identification:_identify(.) by extension 'ignore_ament_install'
[3.099s] Level 1:colcon.colcon_core.package_identification:_identify(.) by extensions ['colcon_pkg']
[3.100s] Level 1:colcon.colcon_core.package_identification:_identify(.) by extension 'colcon_pkg'
[3.102s] Level 1:colcon.colcon_core.package_identification:_identify(.) by extensions ['colcon_meta']
[3.104s] Level 1:colcon.colcon_core.package_identification:_identify(.) by extension 'colcon_meta'
[3.105s] Level 1:colcon.colcon_core.package_identification:_identify(.) by extensions ['ros']
[3.106s] Level 1:colcon.colcon_core.package_identification:_identify(.) by extension 'ros'
[3.471s] Level 1:colcon.colcon_core.package_identification:_identify(.) by extensions ['cmake', 'python']
[3.471s] Level 1:colcon.colcon_core.package_identification:_identify(.) by extension 'cmake'
[3.472s] Level 1:colcon.colcon_core.package_identification:_identify(.) by extension 'python'
[3.472s] Level 1:colcon.colcon_core.package_identification:_identify(.) by extensions ['python_setup_py']
[3.472s] Level 1:colcon.colcon_core.package_identification:_identify(.) by extension 'python_setup_py'
[3.473s] Level 1:colcon.colcon_core.package_identification:_identify(build) by extensions ['ignore', 'ignore_ament_install']
[3.474s] Level 1:colcon.colcon_core.package_identification:_identify(build) by extension 'ignore'
[3.474s] Level 1:colcon.colcon_core.package_identification:_identify(build) ignored
[3.476s] Level 1:colcon.colcon_core.package_identification:_identify(flight_test_2) by extensions ['ignore', 'ignore_ament_install']
[3.477s] Level 1:colcon.colcon_core.package_identification:_identify(flight_test_2) by extension 'ignore'
[3.477s] Level 1:colcon.colcon_core.package_identification:_identify(flight_test_2) by extension 'ignore_ament_install'
[3.478s] Level 1:colcon.colcon_core.package_identification:_identify(flight_test_2) by extensions ['colcon_pkg']
[3.478s] Level 1:colcon.colcon_core.package_identification:_identify(flight_test_2) by extension 'colcon_pkg'
[3.478s] Level 1:colcon.colcon_core.package_identification:_identify(flight_test_2) by extensions ['colcon_meta']
[3.478s] Level 1:colcon.colcon_core.package_identification:_identify(flight_test_2) by extension 'colcon_meta'
[3.479s] Level 1:colcon.colcon_core.package_identification:_identify(flight_test_2) by extensions ['ros']
[3.479s] Level 1:colcon.colcon_core.package_identification:_identify(flight_test_2) by extension 'ros'
[3.479s] Level 1:colcon.colcon_core.package_identification:_identify(flight_test_2) by extensions ['cmake', 'python']
[3.479s] Level 1:colcon.colcon_core.package_identification:_identify(flight_test_2) by extension 'cmake'
[3.480s] Level 1:colcon.colcon_core.package_identification:_identify(flight_test_2) by extension 'python'
[3.480s] Level 1:colcon.colcon_core.package_identification:_identify(flight_test_2) by extensions ['python_setup_py']
[3.480s] Level 1:colcon.colcon_core.package_identification:_identify(flight_test_2) by extension 'python_setup_py'
[3.481s] Level 1:colcon.colcon_core.package_identification:_identify(flight_test_2/build) by extensions ['ignore', 'ignore_ament_install']
[3.483s] Level 1:colcon.colcon_core.package_identification:_identify(flight_test_2/build) by extension 'ignore'
[3.484s] Level 1:colcon.colcon_core.package_identification:_identify(flight_test_2/build) ignored
[3.485s] Level 1:colcon.colcon_core.package_identification:_identify(flight_test_2/install) by extensions ['ignore', 'ignore_ament_install']
[3.486s] Level 1:colcon.colcon_core.package_identification:_identify(flight_test_2/install) by extension 'ignore'
[3.486s] Level 1:colcon.colcon_core.package_identification:_identify(flight_test_2/install) ignored
[3.487s] Level 1:colcon.colcon_core.package_identification:_identify(flight_test_2/log) by extensions ['ignore', 'ignore_ament_install']
[3.489s] Level 1:colcon.colcon_core.package_identification:_identify(flight_test_2/log) by extension 'ignore'
[3.490s] Level 1:colcon.colcon_core.package_identification:_identify(flight_test_2/log) ignored
[3.491s] Level 1:colcon.colcon_core.package_identification:_identify(flight_test_2/testing_all_nodes) by extensions ['ignore', 'ignore_ament_install']
[3.492s] Level 1:colcon.colcon_core.package_identification:_identify(flight_test_2/testing_all_nodes) by extension 'ignore'
[3.493s] Level 1:colcon.colcon_core.package_identification:_identify(flight_test_2/testing_all_nodes) by extension 'ignore_ament_install'
[3.494s] Level 1:colcon.colcon_core.package_identification:_identify(flight_test_2/testing_all_nodes) by extensions ['colcon_pkg']
[3.495s] Level 1:colcon.colcon_core.package_identification:_identify(flight_test_2/testing_all_nodes) by extension 'colcon_pkg'
[3.496s] Level 1:colcon.colcon_core.package_identification:_identify(flight_test_2/testing_all_nodes) by extensions ['colcon_meta']
[3.497s] Level 1:colcon.colcon_core.package_identification:_identify(flight_test_2/testing_all_nodes) by extension 'colcon_meta'
[3.498s] Level 1:colcon.colcon_core.package_identification:_identify(flight_test_2/testing_all_nodes) by extensions ['ros']
[3.499s] Level 1:colcon.colcon_core.package_identification:_identify(flight_test_2/testing_all_nodes) by extension 'ros'
[3.500s] Level 1:colcon.colcon_core.package_identification:_identify(flight_test_2/testing_all_nodes) by extensions ['cmake', 'python']
[3.501s] Level 1:colcon.colcon_core.package_identification:_identify(flight_test_2/testing_all_nodes) by extension 'cmake'
[3.502s] Level 1:colcon.colcon_core.package_identification:_identify(flight_test_2/testing_all_nodes) by extension 'python'
[3.503s] Level 1:colcon.colcon_core.package_identification:_identify(flight_test_2/testing_all_nodes) by extensions ['python_setup_py']
[3.503s] Level 1:colcon.colcon_core.package_identification:_identify(flight_test_2/testing_all_nodes) by extension 'python_setup_py'
[3.505s] Level 1:colcon.colcon_core.package_identification:_identify(install) by extensions ['ignore', 'ignore_ament_install']
[3.506s] Level 1:colcon.colcon_core.package_identification:_identify(install) by extension 'ignore'
[3.507s] Level 1:colcon.colcon_core.package_identification:_identify(install) ignored
[3.509s] Level 1:colcon.colcon_core.package_identification:_identify(log) by extensions ['ignore', 'ignore_ament_install']
[3.510s] Level 1:colcon.colcon_core.package_identification:_identify(log) by extension 'ignore'
[3.511s] Level 1:colcon.colcon_core.package_identification:_identify(log) ignored
[3.512s] Level 1:colcon.colcon_core.package_identification:_identify(src) by extensions ['ignore', 'ignore_ament_install']
[3.513s] Level 1:colcon.colcon_core.package_identification:_identify(src) by extension 'ignore'
[3.514s] Level 1:colcon.colcon_core.package_identification:_identify(src) by extension 'ignore_ament_install'
[3.517s] Level 1:colcon.colcon_core.package_identification:_identify(src) by extensions ['colcon_pkg']
[3.517s] Level 1:colcon.colcon_core.package_identification:_identify(src) by extension 'colcon_pkg'
[3.518s] Level 1:colcon.colcon_core.package_identification:_identify(src) by extensions ['colcon_meta']
[3.518s] Level 1:colcon.colcon_core.package_identification:_identify(src) by extension 'colcon_meta'
[3.518s] Level 1:colcon.colcon_core.package_identification:_identify(src) by extensions ['ros']
[3.518s] Level 1:colcon.colcon_core.package_identification:_identify(src) by extension 'ros'
[3.519s] Level 1:colcon.colcon_core.package_identification:_identify(src) by extensions ['cmake', 'python']
[3.519s] Level 1:colcon.colcon_core.package_identification:_identify(src) by extension 'cmake'
[3.519s] Level 1:colcon.colcon_core.package_identification:_identify(src) by extension 'python'
[3.520s] Level 1:colcon.colcon_core.package_identification:_identify(src) by extensions ['python_setup_py']
[3.520s] Level 1:colcon.colcon_core.package_identification:_identify(src) by extension 'python_setup_py'
[3.521s] Level 1:colcon.colcon_core.package_identification:_identify(src/nodes) by extensions ['ignore', 'ignore_ament_install']
[3.521s] Level 1:colcon.colcon_core.package_identification:_identify(src/nodes) by extension 'ignore'
[3.522s] Level 1:colcon.colcon_core.package_identification:_identify(src/nodes) by extension 'ignore_ament_install'
[3.522s] Level 1:colcon.colcon_core.package_identification:_identify(src/nodes) by extensions ['colcon_pkg']
[3.522s] Level 1:colcon.colcon_core.package_identification:_identify(src/nodes) by extension 'colcon_pkg'
[3.523s] Level 1:colcon.colcon_core.package_identification:_identify(src/nodes) by extensions ['colcon_meta']
[3.523s] Level 1:colcon.colcon_core.package_identification:_identify(src/nodes) by extension 'colcon_meta'
[3.523s] Level 1:colcon.colcon_core.package_identification:_identify(src/nodes) by extensions ['ros']
[3.523s] Level 1:colcon.colcon_core.package_identification:_identify(src/nodes) by extension 'ros'
[3.524s] Level 1:colcon.colcon_core.package_identification:_identify(src/nodes) by extensions ['cmake', 'python']
[3.524s] Level 1:colcon.colcon_core.package_identification:_identify(src/nodes) by extension 'cmake'
[3.524s] Level 1:colcon.colcon_core.package_identification:_identify(src/nodes) by extension 'python'
[3.525s] Level 1:colcon.colcon_core.package_identification:_identify(src/nodes) by extensions ['python_setup_py']
[3.525s] Level 1:colcon.colcon_core.package_identification:_identify(src/nodes) by extension 'python_setup_py'
[3.526s] Level 1:colcon.colcon_core.package_identification:_identify(src/px4_autonomy_modules) by extensions ['ignore', 'ignore_ament_install']
[3.527s] Level 1:colcon.colcon_core.package_identification:_identify(src/px4_autonomy_modules) by extension 'ignore'
[3.527s] Level 1:colcon.colcon_core.package_identification:_identify(src/px4_autonomy_modules) by extension 'ignore_ament_install'
[3.528s] Level 1:colcon.colcon_core.package_identification:_identify(src/px4_autonomy_modules) by extensions ['colcon_pkg']
[3.528s] Level 1:colcon.colcon_core.package_identification:_identify(src/px4_autonomy_modules) by extension 'colcon_pkg'
[3.528s] Level 1:colcon.colcon_core.package_identification:_identify(src/px4_autonomy_modules) by extensions ['colcon_meta']
[3.529s] Level 1:colcon.colcon_core.package_identification:_identify(src/px4_autonomy_modules) by extension 'colcon_meta'
[3.529s] Level 1:colcon.colcon_core.package_identification:_identify(src/px4_autonomy_modules) by extensions ['ros']
[3.529s] Level 1:colcon.colcon_core.package_identification:_identify(src/px4_autonomy_modules) by extension 'ros'
[3.553s] DEBUG:colcon.colcon_core.package_identification:Package 'src/px4_autonomy_modules' with type 'ros.ament_cmake' and name 'px4_autonomy_modules'
[3.554s] Level 1:colcon.colcon_core.package_identification:_identify(src/tmp) by extensions ['ignore', 'ignore_ament_install']
[3.555s] Level 1:colcon.colcon_core.package_identification:_identify(src/tmp) by extension 'ignore'
[3.556s] Level 1:colcon.colcon_core.package_identification:_identify(src/tmp) by extension 'ignore_ament_install'
[3.556s] Level 1:colcon.colcon_core.package_identification:_identify(src/tmp) by extensions ['colcon_pkg']
[3.556s] Level 1:colcon.colcon_core.package_identification:_identify(src/tmp) by extension 'colcon_pkg'
[3.557s] Level 1:colcon.colcon_core.package_identification:_identify(src/tmp) by extensions ['colcon_meta']
[3.557s] Level 1:colcon.colcon_core.package_identification:_identify(src/tmp) by extension 'colcon_meta'
[3.558s] Level 1:colcon.colcon_core.package_identification:_identify(src/tmp) by extensions ['ros']
[3.558s] Level 1:colcon.colcon_core.package_identification:_identify(src/tmp) by extension 'ros'
[3.564s] DEBUG:colcon.colcon_core.package_identification:Package 'src/tmp' with type 'ros.ament_python' and name 'tmp'
[3.565s] Level 1:colcon.colcon_core.package_discovery:discover_packages(recursive) using defaults
[3.565s] Level 1:colcon.colcon_core.package_discovery:discover_packages(ignore) discover
[3.566s] Level 1:colcon.colcon_core.package_discovery:discover_packages(ignore) using defaults
[3.567s] Level 1:colcon.colcon_core.package_discovery:discover_packages(path) discover
[3.567s] Level 1:colcon.colcon_core.package_discovery:discover_packages(path) using defaults
[3.738s] Level 1:colcon.colcon_core.package_discovery:discover_packages(prefix_path) check parameters
[3.739s] Level 1:colcon.colcon_core.package_discovery:discover_packages(prefix_path) discover
[3.761s] DEBUG:colcon.colcon_installed_package_information.package_discovery:Found 267 installed packages in /opt/ros/foxy
[3.784s] Level 1:colcon.colcon_core.package_discovery:discover_packages(prefix_path) using defaults
[4.562s] Level 5:colcon.colcon_core.verb:set package 'px4_autonomy_modules' build argument 'cmake_args' from command line to 'None'
[4.562s] Level 5:colcon.colcon_core.verb:set package 'px4_autonomy_modules' build argument 'cmake_target' from command line to 'None'
[4.562s] Level 5:colcon.colcon_core.verb:set package 'px4_autonomy_modules' build argument 'cmake_target_skip_unavailable' from command line to 'False'
[4.563s] Level 5:colcon.colcon_core.verb:set package 'px4_autonomy_modules' build argument 'cmake_clean_cache' from command line to 'False'
[4.563s] Level 5:colcon.colcon_core.verb:set package 'px4_autonomy_modules' build argument 'cmake_clean_first' from command line to 'False'
[4.563s] Level 5:colcon.colcon_core.verb:set package 'px4_autonomy_modules' build argument 'cmake_force_configure' from command line to 'False'
[4.563s] Level 5:colcon.colcon_core.verb:set package 'px4_autonomy_modules' build argument 'ament_cmake_args' from command line to 'None'
[4.563s] Level 5:colcon.colcon_core.verb:set package 'px4_autonomy_modules' build argument 'catkin_cmake_args' from command line to 'None'
[4.563s] Level 5:colcon.colcon_core.verb:set package 'px4_autonomy_modules' build argument 'catkin_skip_building_tests' from command line to 'False'
[4.564s] DEBUG:colcon.colcon_core.verb:Building package 'px4_autonomy_modules' with the following arguments: {'ament_cmake_args': None, 'build_base': '/home/jetson/flyrs_ws/build/px4_autonomy_modules', 'catkin_cmake_args': None, 'catkin_skip_building_tests': False, 'cmake_args': None, 'cmake_clean_cache': False, 'cmake_clean_first': False, 'cmake_force_configure': False, 'cmake_target': None, 'cmake_target_skip_unavailable': False, 'install_base': '/home/jetson/flyrs_ws/install/px4_autonomy_modules', 'merge_install': False, 'path': '/home/jetson/flyrs_ws/src/px4_autonomy_modules', 'symlink_install': False, 'test_result_base': None}
[4.566s] Level 5:colcon.colcon_core.verb:set package 'tmp' build argument 'cmake_args' from command line to 'None'
[4.567s] Level 5:colcon.colcon_core.verb:set package 'tmp' build argument 'cmake_target' from command line to 'None'
[4.567s] Level 5:colcon.colcon_core.verb:set package 'tmp' build argument 'cmake_target_skip_unavailable' from command line to 'False'
[4.567s] Level 5:colcon.colcon_core.verb:set package 'tmp' build argument 'cmake_clean_cache' from command line to 'False'
[4.567s] Level 5:colcon.colcon_core.verb:set package 'tmp' build argument 'cmake_clean_first' from command line to 'False'
[4.567s] Level 5:colcon.colcon_core.verb:set package 'tmp' build argument 'cmake_force_configure' from command line to 'False'
[4.567s] Level 5:colcon.colcon_core.verb:set package 'tmp' build argument 'ament_cmake_args' from command line to 'None'
[4.568s] Level 5:colcon.colcon_core.verb:set package 'tmp' build argument 'catkin_cmake_args' from command line to 'None'
[4.568s] Level 5:colcon.colcon_core.verb:set package 'tmp' build argument 'catkin_skip_building_tests' from command line to 'False'
[4.568s] DEBUG:colcon.colcon_core.verb:Building package 'tmp' with the following arguments: {'ament_cmake_args': None, 'build_base': '/home/jetson/flyrs_ws/build/tmp', 'catkin_cmake_args': None, 'catkin_skip_building_tests': False, 'cmake_args': None, 'cmake_clean_cache': False, 'cmake_clean_first': False, 'cmake_force_configure': False, 'cmake_target': None, 'cmake_target_skip_unavailable': False, 'install_base': '/home/jetson/flyrs_ws/install/tmp', 'merge_install': False, 'path': '/home/jetson/flyrs_ws/src/tmp', 'symlink_install': False, 'test_result_base': None}
[4.569s] INFO:colcon.colcon_core.executor:Executing jobs using 'parallel' executor
[4.573s] DEBUG:colcon.colcon_parallel_executor.executor.parallel:run_until_complete
[4.574s] INFO:colcon.colcon_ros.task.ament_cmake.build:Building ROS package in '/home/jetson/flyrs_ws/src/px4_autonomy_modules' with build type 'ament_cmake'
[4.575s] INFO:colcon.colcon_cmake.task.cmake.build:Building CMake package in '/home/jetson/flyrs_ws/src/px4_autonomy_modules'
[4.609s] INFO:colcon.colcon_core.plugin_system:Skipping extension 'colcon_core.shell.bat': Not used on non-Windows systems
[4.610s] INFO:colcon.colcon_core.shell:Skip shell extension 'powershell' for command environment: Not usable outside of PowerShell
[4.611s] DEBUG:colcon.colcon_core.shell:Skip shell extension 'dsv' for command environment
[4.631s] INFO:colcon.colcon_ros.task.ament_python.build:Building ROS package in '/home/jetson/flyrs_ws/src/tmp' with build type 'ament_python'
[4.633s] Level 1:colcon.colcon_core.shell:create_environment_hook('tmp', 'ament_prefix_path')
[4.635s] INFO:colcon.colcon_core.shell:Creating environment hook '/home/jetson/flyrs_ws/install/tmp/share/tmp/hook/ament_prefix_path.ps1'
[4.644s] INFO:colcon.colcon_core.shell:Creating environment descriptor '/home/jetson/flyrs_ws/install/tmp/share/tmp/hook/ament_prefix_path.dsv'
[4.648s] INFO:colcon.colcon_core.shell:Creating environment hook '/home/jetson/flyrs_ws/install/tmp/share/tmp/hook/ament_prefix_path.sh'
[4.654s] INFO:colcon.colcon_core.shell:Skip shell extension 'powershell' for command environment: Not usable outside of PowerShell
[4.654s] DEBUG:colcon.colcon_core.shell:Skip shell extension 'dsv' for command environment
[4.698s] DEBUG:colcon.colcon_core.event_handler.log_command:Invoking command in '/home/jetson/flyrs_ws/build/px4_autonomy_modules': CMAKE_PREFIX_PATH=/opt/ros/foxy /usr/bin/cmake --build /home/jetson/flyrs_ws/build/px4_autonomy_modules -- -j4 -l4
[6.577s] INFO:colcon.colcon_core.task.python.build:Building Python package in '/home/jetson/flyrs_ws/src/tmp'
[6.580s] INFO:colcon.colcon_core.shell:Skip shell extension 'powershell' for command environment: Not usable outside of PowerShell
[6.581s] DEBUG:colcon.colcon_core.shell:Skip shell extension 'dsv' for command environment
[6.605s] DEBUG:colcon.colcon_core.event_handler.log_command:Invoked command in '/home/jetson/flyrs_ws/build/px4_autonomy_modules' returned '0': CMAKE_PREFIX_PATH=/opt/ros/foxy /usr/bin/cmake --build /home/jetson/flyrs_ws/build/px4_autonomy_modules -- -j4 -l4
[6.674s] DEBUG:colcon.colcon_core.event_handler.log_command:Invoking command in '/home/jetson/flyrs_ws/build/px4_autonomy_modules': CMAKE_PREFIX_PATH=/opt/ros/foxy /usr/bin/cmake --install /home/jetson/flyrs_ws/build/px4_autonomy_modules
[6.845s] Level 1:colcon.colcon_core.environment:create_environment_scripts_only(px4_autonomy_modules)
[6.847s] DEBUG:colcon.colcon_core.event_handler.log_command:Invoked command in '/home/jetson/flyrs_ws/build/px4_autonomy_modules' returned '0': CMAKE_PREFIX_PATH=/opt/ros/foxy /usr/bin/cmake --install /home/jetson/flyrs_ws/build/px4_autonomy_modules
[6.898s] Level 1:colcon.colcon_core.environment:checking '/home/jetson/flyrs_ws/install/px4_autonomy_modules' for CMake module files
[6.907s] Level 1:colcon.colcon_core.environment:checking '/home/jetson/flyrs_ws/install/px4_autonomy_modules' for CMake config files
[6.909s] Level 1:colcon.colcon_core.shell:create_environment_hook('px4_autonomy_modules', 'cmake_prefix_path')
[6.912s] INFO:colcon.colcon_core.shell:Creating environment hook '/home/jetson/flyrs_ws/install/px4_autonomy_modules/share/px4_autonomy_modules/hook/cmake_prefix_path.ps1'
[6.921s] INFO:colcon.colcon_core.shell:Creating environment descriptor '/home/jetson/flyrs_ws/install/px4_autonomy_modules/share/px4_autonomy_modules/hook/cmake_prefix_path.dsv'
[6.928s] INFO:colcon.colcon_core.shell:Creating environment hook '/home/jetson/flyrs_ws/install/px4_autonomy_modules/share/px4_autonomy_modules/hook/cmake_prefix_path.sh'
[6.938s] Level 1:colcon.colcon_core.environment:checking '/home/jetson/flyrs_ws/install/px4_autonomy_modules/bin'
[6.939s] Level 1:colcon.colcon_core.environment:checking '/home/jetson/flyrs_ws/install/px4_autonomy_modules/lib/pkgconfig/px4_autonomy_modules.pc'
[6.941s] Level 1:colcon.colcon_core.environment:checking '/home/jetson/flyrs_ws/install/px4_autonomy_modules/lib/python3.8/site-packages'
[6.945s] Level 1:colcon.colcon_core.environment:checking '/home/jetson/flyrs_ws/install/px4_autonomy_modules/bin'
[6.948s] INFO:colcon.colcon_core.shell:Creating package script '/home/jetson/flyrs_ws/install/px4_autonomy_modules/share/px4_autonomy_modules/package.ps1'
[6.956s] INFO:colcon.colcon_core.shell:Creating package descriptor '/home/jetson/flyrs_ws/install/px4_autonomy_modules/share/px4_autonomy_modules/package.dsv'
[6.968s] INFO:colcon.colcon_core.shell:Creating package script '/home/jetson/flyrs_ws/install/px4_autonomy_modules/share/px4_autonomy_modules/package.sh'
[6.976s] INFO:colcon.colcon_core.shell:Creating package script '/home/jetson/flyrs_ws/install/px4_autonomy_modules/share/px4_autonomy_modules/package.bash'
[6.988s] INFO:colcon.colcon_core.shell:Creating package script '/home/jetson/flyrs_ws/install/px4_autonomy_modules/share/px4_autonomy_modules/package.zsh'
[7.002s] Level 1:colcon.colcon_core.environment:create_file_with_runtime_dependencies(/home/jetson/flyrs_ws/install/px4_autonomy_modules/share/colcon-core/packages/px4_autonomy_modules)
[7.009s] Level 1:colcon.colcon_core.environment:create_environment_scripts_only(px4_autonomy_modules)
[7.011s] Level 1:colcon.colcon_core.environment:checking '/home/jetson/flyrs_ws/install/px4_autonomy_modules' for CMake module files
[7.014s] Level 1:colcon.colcon_core.environment:checking '/home/jetson/flyrs_ws/install/px4_autonomy_modules' for CMake config files
[7.016s] Level 1:colcon.colcon_core.shell:create_environment_hook('px4_autonomy_modules', 'cmake_prefix_path')
[7.019s] INFO:colcon.colcon_core.shell:Creating environment hook '/home/jetson/flyrs_ws/install/px4_autonomy_modules/share/px4_autonomy_modules/hook/cmake_prefix_path.ps1'
[7.026s] INFO:colcon.colcon_core.shell:Creating environment descriptor '/home/jetson/flyrs_ws/install/px4_autonomy_modules/share/px4_autonomy_modules/hook/cmake_prefix_path.dsv'
[7.030s] INFO:colcon.colcon_core.shell:Creating environment hook '/home/jetson/flyrs_ws/install/px4_autonomy_modules/share/px4_autonomy_modules/hook/cmake_prefix_path.sh'
[7.035s] Level 1:colcon.colcon_core.environment:checking '/home/jetson/flyrs_ws/install/px4_autonomy_modules/bin'
[7.036s] Level 1:colcon.colcon_core.environment:checking '/home/jetson/flyrs_ws/install/px4_autonomy_modules/lib/pkgconfig/px4_autonomy_modules.pc'
[7.037s] Level 1:colcon.colcon_core.environment:checking '/home/jetson/flyrs_ws/install/px4_autonomy_modules/lib/python3.8/site-packages'
[7.038s] Level 1:colcon.colcon_core.environment:checking '/home/jetson/flyrs_ws/install/px4_autonomy_modules/bin'
[7.041s] INFO:colcon.colcon_core.shell:Creating package script '/home/jetson/flyrs_ws/install/px4_autonomy_modules/share/px4_autonomy_modules/package.ps1'
[7.048s] INFO:colcon.colcon_core.shell:Creating package descriptor '/home/jetson/flyrs_ws/install/px4_autonomy_modules/share/px4_autonomy_modules/package.dsv'
[7.053s] INFO:colcon.colcon_core.shell:Creating package script '/home/jetson/flyrs_ws/install/px4_autonomy_modules/share/px4_autonomy_modules/package.sh'
[7.057s] INFO:colcon.colcon_core.shell:Creating package script '/home/jetson/flyrs_ws/install/px4_autonomy_modules/share/px4_autonomy_modules/package.bash'
[7.061s] INFO:colcon.colcon_core.shell:Creating package script '/home/jetson/flyrs_ws/install/px4_autonomy_modules/share/px4_autonomy_modules/package.zsh'
[7.066s] Level 1:colcon.colcon_core.environment:create_file_with_runtime_dependencies(/home/jetson/flyrs_ws/install/px4_autonomy_modules/share/colcon-core/packages/px4_autonomy_modules)
[9.797s] DEBUG:colcon.colcon_core.event_handler.log_command:Invoking command in '/home/jetson/flyrs_ws/src/tmp': PYTHONPATH=/home/jetson/flyrs_ws/build/tmp/prefix_override:/usr/lib/python3/dist-packages/colcon_core/task/python/colcon_distutils_commands:/home/jetson/flyrs_ws/install/tmp/lib/python3.8/site-packages:${PYTHONPATH} /usr/bin/python3 -W ignore:setup.py install is deprecated -W ignore:easy_install command is deprecated setup.py egg_info --egg-base ../../build/tmp build --build-base /home/jetson/flyrs_ws/build/tmp/build install --record /home/jetson/flyrs_ws/build/tmp/install.log --install-scripts $base/lib/tmp --single-version-externally-managed install_data
[11.541s] Level 1:colcon.colcon_core.environment:checking '/home/jetson/flyrs_ws/install/tmp' for CMake module files
[11.548s] DEBUG:colcon.colcon_core.event_handler.log_command:Invoked command in '/home/jetson/flyrs_ws/src/tmp' returned '0': PYTHONPATH=/home/jetson/flyrs_ws/build/tmp/prefix_override:/usr/lib/python3/dist-packages/colcon_core/task/python/colcon_distutils_commands:/home/jetson/flyrs_ws/install/tmp/lib/python3.8/site-packages:${PYTHONPATH} /usr/bin/python3 -W ignore:setup.py install is deprecated -W ignore:easy_install command is deprecated setup.py egg_info --egg-base ../../build/tmp build --build-base /home/jetson/flyrs_ws/build/tmp/build install --record /home/jetson/flyrs_ws/build/tmp/install.log --install-scripts $base/lib/tmp --single-version-externally-managed install_data
[11.550s] Level 1:colcon.colcon_core.environment:checking '/home/jetson/flyrs_ws/install/tmp' for CMake config files
[11.553s] Level 1:colcon.colcon_core.environment:checking '/home/jetson/flyrs_ws/install/tmp/lib'
[11.554s] Level 1:colcon.colcon_core.environment:checking '/home/jetson/flyrs_ws/install/tmp/bin'
[11.554s] Level 1:colcon.colcon_core.environment:checking '/home/jetson/flyrs_ws/install/tmp/lib/pkgconfig/tmp.pc'
[11.555s] Level 1:colcon.colcon_core.environment:checking '/home/jetson/flyrs_ws/install/tmp/lib/python3.8/site-packages'
[11.556s] Level 1:colcon.colcon_core.shell:create_environment_hook('tmp', 'pythonpath')
[11.557s] INFO:colcon.colcon_core.shell:Creating environment hook '/home/jetson/flyrs_ws/install/tmp/share/tmp/hook/pythonpath.ps1'
[11.561s] INFO:colcon.colcon_core.shell:Creating environment descriptor '/home/jetson/flyrs_ws/install/tmp/share/tmp/hook/pythonpath.dsv'
[11.564s] INFO:colcon.colcon_core.shell:Creating environment hook '/home/jetson/flyrs_ws/install/tmp/share/tmp/hook/pythonpath.sh'
[11.567s] Level 1:colcon.colcon_core.environment:checking '/home/jetson/flyrs_ws/install/tmp/bin'
[11.567s] Level 1:colcon.colcon_core.environment:create_environment_scripts_only(tmp)
[11.569s] INFO:colcon.colcon_core.shell:Creating package script '/home/jetson/flyrs_ws/install/tmp/share/tmp/package.ps1'
[11.571s] INFO:colcon.colcon_core.shell:Creating package descriptor '/home/jetson/flyrs_ws/install/tmp/share/tmp/package.dsv'
[11.575s] INFO:colcon.colcon_core.shell:Creating package script '/home/jetson/flyrs_ws/install/tmp/share/tmp/package.sh'
[11.580s] INFO:colcon.colcon_core.shell:Creating package script '/home/jetson/flyrs_ws/install/tmp/share/tmp/package.bash'
[11.583s] INFO:colcon.colcon_core.shell:Creating package script '/home/jetson/flyrs_ws/install/tmp/share/tmp/package.zsh'
[11.589s] Level 1:colcon.colcon_core.environment:create_file_with_runtime_dependencies(/home/jetson/flyrs_ws/install/tmp/share/colcon-core/packages/tmp)
[11.591s] DEBUG:colcon.colcon_parallel_executor.executor.parallel:closing loop
[11.595s] DEBUG:colcon.colcon_parallel_executor.executor.parallel:loop closed
[11.596s] DEBUG:colcon.colcon_parallel_executor.executor.parallel:run_until_complete finished with '0'
[11.596s] DEBUG:colcon.colcon_core.event_reactor:joining thread
[11.670s] INFO:colcon.colcon_core.plugin_system:Skipping extension 'colcon_notification.desktop_notification.terminal_notifier': Not used on non-Darwin systems
[11.671s] INFO:colcon.colcon_core.plugin_system:Skipping extension 'colcon_notification.desktop_notification.win32': Not used on non-Windows systems
[11.671s] INFO:colcon.colcon_notification.desktop_notification:Sending desktop notification using 'notify2'
[11.805s] DEBUG:colcon.colcon_core.event_reactor:joined thread
[11.807s] INFO:colcon.colcon_core.shell:Creating prefix script '/home/jetson/flyrs_ws/install/local_setup.ps1'
[11.817s] INFO:colcon.colcon_core.shell:Creating prefix util module '/home/jetson/flyrs_ws/install/_local_setup_util_ps1.py'
[11.830s] INFO:colcon.colcon_core.shell:Creating prefix chain script '/home/jetson/flyrs_ws/install/setup.ps1'
[11.837s] INFO:colcon.colcon_core.shell:Creating prefix script '/home/jetson/flyrs_ws/install/local_setup.sh'
[11.841s] INFO:colcon.colcon_core.shell:Creating prefix util module '/home/jetson/flyrs_ws/install/_local_setup_util_sh.py'
[11.844s] INFO:colcon.colcon_core.shell:Creating prefix chain script '/home/jetson/flyrs_ws/install/setup.sh'
[11.854s] INFO:colcon.colcon_core.shell:Creating prefix script '/home/jetson/flyrs_ws/install/local_setup.bash'
[11.858s] INFO:colcon.colcon_core.shell:Creating prefix chain script '/home/jetson/flyrs_ws/install/setup.bash'
[11.865s] INFO:colcon.colcon_core.shell:Creating prefix script '/home/jetson/flyrs_ws/install/local_setup.zsh'
[11.868s] INFO:colcon.colcon_core.shell:Creating prefix chain script '/home/jetson/flyrs_ws/install/setup.zsh'
