[4.831s] Invoking command in '/home/jetson/flyrs_ws/src/tmp': PYTHONPATH=/home/jetson/flyrs_ws/build/tmp/prefix_override:/usr/lib/python3/dist-packages/colcon_core/task/python/colcon_distutils_commands:/home/jetson/flyrs_ws/install/tmp/lib/python3.8/site-packages:${PYTHONPATH} /usr/bin/python3 -W ignore:setup.py install is deprecated -W ignore:easy_install command is deprecated setup.py egg_info --egg-base ../../build/tmp build --build-base /home/jetson/flyrs_ws/build/tmp/build install --record /home/jetson/flyrs_ws/build/tmp/install.log --install-scripts $base/lib/tmp --single-version-externally-managed install_data
[6.337s] /usr/local/lib/python3.8/dist-packages/setuptools/dist.py:717: UserWarning: Usage of dash-separated 'script-dir' will not be supported in future versions. Please use the underscore name 'script_dir' instead
[6.338s]   warnings.warn(
[6.515s] running egg_info
[6.518s] writing ../../build/tmp/tmp.egg-info/PKG-INFO
[6.522s] writing dependency_links to ../../build/tmp/tmp.egg-info/dependency_links.txt
[6.523s] writing entry points to ../../build/tmp/tmp.egg-info/entry_points.txt
[6.523s] writing requirements to ../../build/tmp/tmp.egg-info/requires.txt
[6.524s] writing top-level names to ../../build/tmp/tmp.egg-info/top_level.txt
[6.557s] reading manifest file '../../build/tmp/tmp.egg-info/SOURCES.txt'
[6.563s] writing manifest file '../../build/tmp/tmp.egg-info/SOURCES.txt'
[6.564s] running build
[6.565s] running build_py
[6.569s] copying tmp/realsense_sys_node.py -> /home/jetson/flyrs_ws/build/tmp/build/lib/tmp
[6.572s] running install
[6.579s] running install_lib
[6.583s] copying /home/jetson/flyrs_ws/build/tmp/build/lib/tmp/realsense_sys_node.py -> /home/jetson/flyrs_ws/install/tmp/lib/python3.8/site-packages/tmp
[6.591s] running install_data
[6.592s] running install_egg_info
[6.601s] removing '/home/jetson/flyrs_ws/install/tmp/lib/python3.8/site-packages/tmp-0.0.0-py3.8.egg-info' (and everything under it)
[6.606s] Copying ../../build/tmp/tmp.egg-info to /home/jetson/flyrs_ws/install/tmp/lib/python3.8/site-packages/tmp-0.0.0-py3.8.egg-info
[6.612s] running install_scripts
[6.707s] Installing realsense_test script to /home/jetson/flyrs_ws/install/tmp/lib/tmp
[6.711s] Installing vicon_test script to /home/jetson/flyrs_ws/install/tmp/lib/tmp
[6.714s] writing list of installed files to '/home/jetson/flyrs_ws/build/tmp/install.log'
[6.837s] Invoked command in '/home/jetson/flyrs_ws/src/tmp' returned '0': PYTHONPATH=/home/jetson/flyrs_ws/build/tmp/prefix_override:/usr/lib/python3/dist-packages/colcon_core/task/python/colcon_distutils_commands:/home/jetson/flyrs_ws/install/tmp/lib/python3.8/site-packages:${PYTHONPATH} /usr/bin/python3 -W ignore:setup.py install is deprecated -W ignore:easy_install command is deprecated setup.py egg_info --egg-base ../../build/tmp build --build-base /home/jetson/flyrs_ws/build/tmp/build install --record /home/jetson/flyrs_ws/build/tmp/install.log --install-scripts $base/lib/tmp --single-version-externally-managed install_data
