[1.310s] DEBUG:colcon:Command line arguments: ['/usr/bin/colcon', 'build']
[1.310s] DEBUG:colcon:Parsed command line arguments: Namespace(allow_overriding=[], ament_cmake_args=None, base_paths=['.'], build_base='build', catkin_cmake_args=None, catkin_skip_building_tests=False, cmake_args=None, cmake_clean_cache=False, cmake_clean_first=False, cmake_force_configure=False, cmake_target=None, cmake_target_skip_unavailable=False, continue_on_error=False, event_handlers=None, executor='parallel', ignore_user_meta=False, install_base='install', log_base=None, log_level=None, main=<bound method BuildVerb.main of <colcon_core.verb.build.BuildVerb object at 0x7fb4889850>>, merge_install=False, metas=['./colcon.meta'], packages_above=None, packages_above_and_dependencies=None, packages_above_depth=None, packages_end=None, packages_ignore=None, packages_ignore_regex=None, packages_select=None, packages_select_build_failed=False, packages_select_by_dep=None, packages_select_regex=None, packages_select_test_failures=False, packages_skip=None, packages_skip_build_finished=False, packages_skip_by_dep=None, packages_skip_regex=None, packages_skip_test_passed=False, packages_skip_up_to=None, packages_start=None, packages_up_to=None, packages_up_to_regex=None, parallel_workers=4, paths=None, symlink_install=False, test_result_base=None, verb_extension=<colcon_core.verb.build.BuildVerb object at 0x7fb4889850>, verb_name='build', verb_parser=<colcon_defaults.argument_parser.defaults.DefaultArgumentsDecorator object at 0x7fb46e6340>)
[2.307s] Level 1:colcon.colcon_core.package_discovery:discover_packages(colcon_meta) check parameters
[2.308s] Level 1:colcon.colcon_core.package_discovery:discover_packages(recursive) check parameters
[2.308s] Level 1:colcon.colcon_core.package_discovery:discover_packages(ignore) check parameters
[2.308s] Level 1:colcon.colcon_core.package_discovery:discover_packages(path) check parameters
[2.308s] Level 1:colcon.colcon_core.package_discovery:discover_packages(colcon_meta) discover
[2.309s] Level 1:colcon.colcon_core.package_discovery:discover_packages(recursive) discover
[2.309s] INFO:colcon.colcon_core.package_discovery:Crawling recursively for packages in '/home/jetson/flyrs_ws'
[2.309s] Level 1:colcon.colcon_core.package_identification:_identify(.) by extensions ['ignore', 'ignore_ament_install']
[2.310s] Level 1:colcon.colcon_core.package_identification:_identify(.) by extension 'ignore'
[2.310s] Level 1:colcon.colcon_core.package_identification:_identify(.) by extension 'ignore_ament_install'
[2.310s] Level 1:colcon.colcon_core.package_identification:_identify(.) by extensions ['colcon_pkg']
[2.310s] Level 1:colcon.colcon_core.package_identification:_identify(.) by extension 'colcon_pkg'
[2.311s] Level 1:colcon.colcon_core.package_identification:_identify(.) by extensions ['colcon_meta']
[2.311s] Level 1:colcon.colcon_core.package_identification:_identify(.) by extension 'colcon_meta'
[2.311s] Level 1:colcon.colcon_core.package_identification:_identify(.) by extensions ['ros']
[2.311s] Level 1:colcon.colcon_core.package_identification:_identify(.) by extension 'ros'
[2.410s] Level 1:colcon.colcon_core.package_identification:_identify(.) by extensions ['cmake', 'python']
[2.410s] Level 1:colcon.colcon_core.package_identification:_identify(.) by extension 'cmake'
[2.410s] Level 1:colcon.colcon_core.package_identification:_identify(.) by extension 'python'
[2.411s] Level 1:colcon.colcon_core.package_identification:_identify(.) by extensions ['python_setup_py']
[2.411s] Level 1:colcon.colcon_core.package_identification:_identify(.) by extension 'python_setup_py'
[2.411s] Level 1:colcon.colcon_core.package_identification:_identify(build) by extensions ['ignore', 'ignore_ament_install']
[2.412s] Level 1:colcon.colcon_core.package_identification:_identify(build) by extension 'ignore'
[2.412s] Level 1:colcon.colcon_core.package_identification:_identify(build) ignored
[2.412s] Level 1:colcon.colcon_core.package_identification:_identify(flight_test_2) by extensions ['ignore', 'ignore_ament_install']
[2.413s] Level 1:colcon.colcon_core.package_identification:_identify(flight_test_2) by extension 'ignore'
[2.413s] Level 1:colcon.colcon_core.package_identification:_identify(flight_test_2) by extension 'ignore_ament_install'
[2.413s] Level 1:colcon.colcon_core.package_identification:_identify(flight_test_2) by extensions ['colcon_pkg']
[2.414s] Level 1:colcon.colcon_core.package_identification:_identify(flight_test_2) by extension 'colcon_pkg'
[2.414s] Level 1:colcon.colcon_core.package_identification:_identify(flight_test_2) by extensions ['colcon_meta']
[2.414s] Level 1:colcon.colcon_core.package_identification:_identify(flight_test_2) by extension 'colcon_meta'
[2.414s] Level 1:colcon.colcon_core.package_identification:_identify(flight_test_2) by extensions ['ros']
[2.414s] Level 1:colcon.colcon_core.package_identification:_identify(flight_test_2) by extension 'ros'
[2.415s] Level 1:colcon.colcon_core.package_identification:_identify(flight_test_2) by extensions ['cmake', 'python']
[2.415s] Level 1:colcon.colcon_core.package_identification:_identify(flight_test_2) by extension 'cmake'
[2.415s] Level 1:colcon.colcon_core.package_identification:_identify(flight_test_2) by extension 'python'
[2.415s] Level 1:colcon.colcon_core.package_identification:_identify(flight_test_2) by extensions ['python_setup_py']
[2.415s] Level 1:colcon.colcon_core.package_identification:_identify(flight_test_2) by extension 'python_setup_py'
[2.416s] Level 1:colcon.colcon_core.package_identification:_identify(install) by extensions ['ignore', 'ignore_ament_install']
[2.416s] Level 1:colcon.colcon_core.package_identification:_identify(install) by extension 'ignore'
[2.416s] Level 1:colcon.colcon_core.package_identification:_identify(install) ignored
[2.417s] Level 1:colcon.colcon_core.package_identification:_identify(log) by extensions ['ignore', 'ignore_ament_install']
[2.417s] Level 1:colcon.colcon_core.package_identification:_identify(log) by extension 'ignore'
[2.417s] Level 1:colcon.colcon_core.package_identification:_identify(log) ignored
[2.418s] Level 1:colcon.colcon_core.package_identification:_identify(src) by extensions ['ignore', 'ignore_ament_install']
[2.418s] Level 1:colcon.colcon_core.package_identification:_identify(src) by extension 'ignore'
[2.418s] Level 1:colcon.colcon_core.package_identification:_identify(src) by extension 'ignore_ament_install'
[2.418s] Level 1:colcon.colcon_core.package_identification:_identify(src) by extensions ['colcon_pkg']
[2.419s] Level 1:colcon.colcon_core.package_identification:_identify(src) by extension 'colcon_pkg'
[2.419s] Level 1:colcon.colcon_core.package_identification:_identify(src) by extensions ['colcon_meta']
[2.419s] Level 1:colcon.colcon_core.package_identification:_identify(src) by extension 'colcon_meta'
[2.419s] Level 1:colcon.colcon_core.package_identification:_identify(src) by extensions ['ros']
[2.419s] Level 1:colcon.colcon_core.package_identification:_identify(src) by extension 'ros'
[2.420s] Level 1:colcon.colcon_core.package_identification:_identify(src) by extensions ['cmake', 'python']
[2.420s] Level 1:colcon.colcon_core.package_identification:_identify(src) by extension 'cmake'
[2.420s] Level 1:colcon.colcon_core.package_identification:_identify(src) by extension 'python'
[2.420s] Level 1:colcon.colcon_core.package_identification:_identify(src) by extensions ['python_setup_py']
[2.420s] Level 1:colcon.colcon_core.package_identification:_identify(src) by extension 'python_setup_py'
[2.421s] Level 1:colcon.colcon_core.package_identification:_identify(src/nodes) by extensions ['ignore', 'ignore_ament_install']
[2.421s] Level 1:colcon.colcon_core.package_identification:_identify(src/nodes) by extension 'ignore'
[2.421s] Level 1:colcon.colcon_core.package_identification:_identify(src/nodes) by extension 'ignore_ament_install'
[2.421s] Level 1:colcon.colcon_core.package_identification:_identify(src/nodes) by extensions ['colcon_pkg']
[2.422s] Level 1:colcon.colcon_core.package_identification:_identify(src/nodes) by extension 'colcon_pkg'
[2.422s] Level 1:colcon.colcon_core.package_identification:_identify(src/nodes) by extensions ['colcon_meta']
[2.422s] Level 1:colcon.colcon_core.package_identification:_identify(src/nodes) by extension 'colcon_meta'
[2.422s] Level 1:colcon.colcon_core.package_identification:_identify(src/nodes) by extensions ['ros']
[2.422s] Level 1:colcon.colcon_core.package_identification:_identify(src/nodes) by extension 'ros'
[2.423s] Level 1:colcon.colcon_core.package_identification:_identify(src/nodes) by extensions ['cmake', 'python']
[2.423s] Level 1:colcon.colcon_core.package_identification:_identify(src/nodes) by extension 'cmake'
[2.423s] Level 1:colcon.colcon_core.package_identification:_identify(src/nodes) by extension 'python'
[2.423s] Level 1:colcon.colcon_core.package_identification:_identify(src/nodes) by extensions ['python_setup_py']
[2.423s] Level 1:colcon.colcon_core.package_identification:_identify(src/nodes) by extension 'python_setup_py'
[2.424s] Level 1:colcon.colcon_core.package_identification:_identify(src/px4_autonomy_modules) by extensions ['ignore', 'ignore_ament_install']
[2.424s] Level 1:colcon.colcon_core.package_identification:_identify(src/px4_autonomy_modules) by extension 'ignore'
[2.424s] Level 1:colcon.colcon_core.package_identification:_identify(src/px4_autonomy_modules) by extension 'ignore_ament_install'
[2.425s] Level 1:colcon.colcon_core.package_identification:_identify(src/px4_autonomy_modules) by extensions ['colcon_pkg']
[2.425s] Level 1:colcon.colcon_core.package_identification:_identify(src/px4_autonomy_modules) by extension 'colcon_pkg'
[2.425s] Level 1:colcon.colcon_core.package_identification:_identify(src/px4_autonomy_modules) by extensions ['colcon_meta']
[2.425s] Level 1:colcon.colcon_core.package_identification:_identify(src/px4_autonomy_modules) by extension 'colcon_meta'
[2.425s] Level 1:colcon.colcon_core.package_identification:_identify(src/px4_autonomy_modules) by extensions ['ros']
[2.425s] Level 1:colcon.colcon_core.package_identification:_identify(src/px4_autonomy_modules) by extension 'ros'
[2.441s] DEBUG:colcon.colcon_core.package_identification:Package 'src/px4_autonomy_modules' with type 'ros.ament_cmake' and name 'px4_autonomy_modules'
[2.442s] Level 1:colcon.colcon_core.package_identification:_identify(src/tmp) by extensions ['ignore', 'ignore_ament_install']
[2.442s] Level 1:colcon.colcon_core.package_identification:_identify(src/tmp) by extension 'ignore'
[2.443s] Level 1:colcon.colcon_core.package_identification:_identify(src/tmp) by extension 'ignore_ament_install'
[2.443s] Level 1:colcon.colcon_core.package_identification:_identify(src/tmp) by extensions ['colcon_pkg']
[2.443s] Level 1:colcon.colcon_core.package_identification:_identify(src/tmp) by extension 'colcon_pkg'
[2.443s] Level 1:colcon.colcon_core.package_identification:_identify(src/tmp) by extensions ['colcon_meta']
[2.444s] Level 1:colcon.colcon_core.package_identification:_identify(src/tmp) by extension 'colcon_meta'
[2.444s] Level 1:colcon.colcon_core.package_identification:_identify(src/tmp) by extensions ['ros']
[2.444s] Level 1:colcon.colcon_core.package_identification:_identify(src/tmp) by extension 'ros'
[2.447s] DEBUG:colcon.colcon_core.package_identification:Package 'src/tmp' with type 'ros.ament_python' and name 'tmp'
[2.447s] Level 1:colcon.colcon_core.package_discovery:discover_packages(recursive) using defaults
[2.447s] Level 1:colcon.colcon_core.package_discovery:discover_packages(ignore) discover
[2.447s] Level 1:colcon.colcon_core.package_discovery:discover_packages(ignore) using defaults
[2.448s] Level 1:colcon.colcon_core.package_discovery:discover_packages(path) discover
[2.448s] Level 1:colcon.colcon_core.package_discovery:discover_packages(path) using defaults
[2.548s] Level 1:colcon.colcon_core.package_discovery:discover_packages(prefix_path) check parameters
[2.548s] Level 1:colcon.colcon_core.package_discovery:discover_packages(prefix_path) discover
[2.559s] DEBUG:colcon.colcon_installed_package_information.package_discovery:Found 1 installed packages in /home/jetson/flyrs_ws/install
[2.565s] DEBUG:colcon.colcon_installed_package_information.package_discovery:Found 267 installed packages in /opt/ros/foxy
[2.578s] Level 1:colcon.colcon_core.package_discovery:discover_packages(prefix_path) using defaults
[2.894s] Level 5:colcon.colcon_core.verb:set package 'px4_autonomy_modules' build argument 'cmake_args' from command line to 'None'
[2.894s] Level 5:colcon.colcon_core.verb:set package 'px4_autonomy_modules' build argument 'cmake_target' from command line to 'None'
[2.894s] Level 5:colcon.colcon_core.verb:set package 'px4_autonomy_modules' build argument 'cmake_target_skip_unavailable' from command line to 'False'
[2.895s] Level 5:colcon.colcon_core.verb:set package 'px4_autonomy_modules' build argument 'cmake_clean_cache' from command line to 'False'
[2.895s] Level 5:colcon.colcon_core.verb:set package 'px4_autonomy_modules' build argument 'cmake_clean_first' from command line to 'False'
[2.895s] Level 5:colcon.colcon_core.verb:set package 'px4_autonomy_modules' build argument 'cmake_force_configure' from command line to 'False'
[2.895s] Level 5:colcon.colcon_core.verb:set package 'px4_autonomy_modules' build argument 'ament_cmake_args' from command line to 'None'
[2.895s] Level 5:colcon.colcon_core.verb:set package 'px4_autonomy_modules' build argument 'catkin_cmake_args' from command line to 'None'
[2.895s] Level 5:colcon.colcon_core.verb:set package 'px4_autonomy_modules' build argument 'catkin_skip_building_tests' from command line to 'False'
[2.895s] DEBUG:colcon.colcon_core.verb:Building package 'px4_autonomy_modules' with the following arguments: {'ament_cmake_args': None, 'build_base': '/home/jetson/flyrs_ws/build/px4_autonomy_modules', 'catkin_cmake_args': None, 'catkin_skip_building_tests': False, 'cmake_args': None, 'cmake_clean_cache': False, 'cmake_clean_first': False, 'cmake_force_configure': False, 'cmake_target': None, 'cmake_target_skip_unavailable': False, 'install_base': '/home/jetson/flyrs_ws/install/px4_autonomy_modules', 'merge_install': False, 'path': '/home/jetson/flyrs_ws/src/px4_autonomy_modules', 'symlink_install': False, 'test_result_base': None}
[2.897s] Level 5:colcon.colcon_core.verb:set package 'tmp' build argument 'cmake_args' from command line to 'None'
[2.897s] Level 5:colcon.colcon_core.verb:set package 'tmp' build argument 'cmake_target' from command line to 'None'
[2.898s] Level 5:colcon.colcon_core.verb:set package 'tmp' build argument 'cmake_target_skip_unavailable' from command line to 'False'
[2.898s] Level 5:colcon.colcon_core.verb:set package 'tmp' build argument 'cmake_clean_cache' from command line to 'False'
[2.898s] Level 5:colcon.colcon_core.verb:set package 'tmp' build argument 'cmake_clean_first' from command line to 'False'
[2.898s] Level 5:colcon.colcon_core.verb:set package 'tmp' build argument 'cmake_force_configure' from command line to 'False'
[2.898s] Level 5:colcon.colcon_core.verb:set package 'tmp' build argument 'ament_cmake_args' from command line to 'None'
[2.898s] Level 5:colcon.colcon_core.verb:set package 'tmp' build argument 'catkin_cmake_args' from command line to 'None'
[2.898s] Level 5:colcon.colcon_core.verb:set package 'tmp' build argument 'catkin_skip_building_tests' from command line to 'False'
[2.898s] DEBUG:colcon.colcon_core.verb:Building package 'tmp' with the following arguments: {'ament_cmake_args': None, 'build_base': '/home/jetson/flyrs_ws/build/tmp', 'catkin_cmake_args': None, 'catkin_skip_building_tests': False, 'cmake_args': None, 'cmake_clean_cache': False, 'cmake_clean_first': False, 'cmake_force_configure': False, 'cmake_target': None, 'cmake_target_skip_unavailable': False, 'install_base': '/home/jetson/flyrs_ws/install/tmp', 'merge_install': False, 'path': '/home/jetson/flyrs_ws/src/tmp', 'symlink_install': False, 'test_result_base': None}
[2.899s] INFO:colcon.colcon_core.executor:Executing jobs using 'parallel' executor
[2.902s] DEBUG:colcon.colcon_parallel_executor.executor.parallel:run_until_complete
[2.903s] INFO:colcon.colcon_ros.task.ament_cmake.build:Building ROS package in '/home/jetson/flyrs_ws/src/px4_autonomy_modules' with build type 'ament_cmake'
[2.903s] INFO:colcon.colcon_cmake.task.cmake.build:Building CMake package in '/home/jetson/flyrs_ws/src/px4_autonomy_modules'
[2.912s] INFO:colcon.colcon_core.plugin_system:Skipping extension 'colcon_core.shell.bat': Not used on non-Windows systems
[2.913s] INFO:colcon.colcon_core.shell:Skip shell extension 'powershell' for command environment: Not usable outside of PowerShell
[2.913s] DEBUG:colcon.colcon_core.shell:Skip shell extension 'dsv' for command environment
[2.939s] INFO:colcon.colcon_ros.task.ament_python.build:Building ROS package in '/home/jetson/flyrs_ws/src/tmp' with build type 'ament_python'
[2.941s] Level 1:colcon.colcon_core.shell:create_environment_hook('tmp', 'ament_prefix_path')
[2.943s] INFO:colcon.colcon_core.shell:Creating environment hook '/home/jetson/flyrs_ws/install/tmp/share/tmp/hook/ament_prefix_path.ps1'
[2.947s] INFO:colcon.colcon_core.shell:Creating environment descriptor '/home/jetson/flyrs_ws/install/tmp/share/tmp/hook/ament_prefix_path.dsv'
[2.949s] INFO:colcon.colcon_core.shell:Creating environment hook '/home/jetson/flyrs_ws/install/tmp/share/tmp/hook/ament_prefix_path.sh'
[2.954s] INFO:colcon.colcon_core.shell:Skip shell extension 'powershell' for command environment: Not usable outside of PowerShell
[2.954s] DEBUG:colcon.colcon_core.shell:Skip shell extension 'dsv' for command environment
[2.997s] DEBUG:colcon.colcon_core.event_handler.log_command:Invoking command in '/home/jetson/flyrs_ws/build/px4_autonomy_modules': CMAKE_PREFIX_PATH=${CMAKE_PREFIX_PATH}:/opt/ros/foxy /usr/bin/cmake --build /home/jetson/flyrs_ws/build/px4_autonomy_modules -- -j4 -l4
[4.291s] INFO:colcon.colcon_core.task.python.build:Building Python package in '/home/jetson/flyrs_ws/src/tmp'
[4.293s] INFO:colcon.colcon_core.shell:Skip shell extension 'powershell' for command environment: Not usable outside of PowerShell
[4.293s] DEBUG:colcon.colcon_core.shell:Skip shell extension 'dsv' for command environment
[4.320s] DEBUG:colcon.colcon_core.event_handler.log_command:Invoked command in '/home/jetson/flyrs_ws/build/px4_autonomy_modules' returned '0': CMAKE_PREFIX_PATH=${CMAKE_PREFIX_PATH}:/opt/ros/foxy /usr/bin/cmake --build /home/jetson/flyrs_ws/build/px4_autonomy_modules -- -j4 -l4
[4.365s] DEBUG:colcon.colcon_core.event_handler.log_command:Invoking command in '/home/jetson/flyrs_ws/build/px4_autonomy_modules': CMAKE_PREFIX_PATH=${CMAKE_PREFIX_PATH}:/opt/ros/foxy /usr/bin/cmake --install /home/jetson/flyrs_ws/build/px4_autonomy_modules
[4.465s] Level 1:colcon.colcon_core.environment:create_environment_scripts_only(px4_autonomy_modules)
[4.468s] DEBUG:colcon.colcon_core.event_handler.log_command:Invoked command in '/home/jetson/flyrs_ws/build/px4_autonomy_modules' returned '0': CMAKE_PREFIX_PATH=${CMAKE_PREFIX_PATH}:/opt/ros/foxy /usr/bin/cmake --install /home/jetson/flyrs_ws/build/px4_autonomy_modules
[4.484s] Level 1:colcon.colcon_core.environment:checking '/home/jetson/flyrs_ws/install/px4_autonomy_modules' for CMake module files
[4.487s] Level 1:colcon.colcon_core.environment:checking '/home/jetson/flyrs_ws/install/px4_autonomy_modules' for CMake config files
[4.488s] Level 1:colcon.colcon_core.shell:create_environment_hook('px4_autonomy_modules', 'cmake_prefix_path')
[4.490s] INFO:colcon.colcon_core.shell:Creating environment hook '/home/jetson/flyrs_ws/install/px4_autonomy_modules/share/px4_autonomy_modules/hook/cmake_prefix_path.ps1'
[4.492s] INFO:colcon.colcon_core.shell:Creating environment descriptor '/home/jetson/flyrs_ws/install/px4_autonomy_modules/share/px4_autonomy_modules/hook/cmake_prefix_path.dsv'
[4.493s] INFO:colcon.colcon_core.shell:Creating environment hook '/home/jetson/flyrs_ws/install/px4_autonomy_modules/share/px4_autonomy_modules/hook/cmake_prefix_path.sh'
[4.496s] Level 1:colcon.colcon_core.environment:checking '/home/jetson/flyrs_ws/install/px4_autonomy_modules/bin'
[4.497s] Level 1:colcon.colcon_core.environment:checking '/home/jetson/flyrs_ws/install/px4_autonomy_modules/lib/pkgconfig/px4_autonomy_modules.pc'
[4.497s] Level 1:colcon.colcon_core.environment:checking '/home/jetson/flyrs_ws/install/px4_autonomy_modules/lib/python3.8/site-packages'
[4.498s] Level 1:colcon.colcon_core.environment:checking '/home/jetson/flyrs_ws/install/px4_autonomy_modules/bin'
[4.500s] INFO:colcon.colcon_core.shell:Creating package script '/home/jetson/flyrs_ws/install/px4_autonomy_modules/share/px4_autonomy_modules/package.ps1'
[4.505s] INFO:colcon.colcon_core.shell:Creating package descriptor '/home/jetson/flyrs_ws/install/px4_autonomy_modules/share/px4_autonomy_modules/package.dsv'
[4.508s] INFO:colcon.colcon_core.shell:Creating package script '/home/jetson/flyrs_ws/install/px4_autonomy_modules/share/px4_autonomy_modules/package.sh'
[4.512s] INFO:colcon.colcon_core.shell:Creating package script '/home/jetson/flyrs_ws/install/px4_autonomy_modules/share/px4_autonomy_modules/package.bash'
[4.516s] INFO:colcon.colcon_core.shell:Creating package script '/home/jetson/flyrs_ws/install/px4_autonomy_modules/share/px4_autonomy_modules/package.zsh'
[4.520s] Level 1:colcon.colcon_core.environment:create_file_with_runtime_dependencies(/home/jetson/flyrs_ws/install/px4_autonomy_modules/share/colcon-core/packages/px4_autonomy_modules)
[4.524s] Level 1:colcon.colcon_core.environment:create_environment_scripts_only(px4_autonomy_modules)
[4.525s] Level 1:colcon.colcon_core.environment:checking '/home/jetson/flyrs_ws/install/px4_autonomy_modules' for CMake module files
[4.527s] Level 1:colcon.colcon_core.environment:checking '/home/jetson/flyrs_ws/install/px4_autonomy_modules' for CMake config files
[4.529s] Level 1:colcon.colcon_core.shell:create_environment_hook('px4_autonomy_modules', 'cmake_prefix_path')
[4.530s] INFO:colcon.colcon_core.shell:Creating environment hook '/home/jetson/flyrs_ws/install/px4_autonomy_modules/share/px4_autonomy_modules/hook/cmake_prefix_path.ps1'
[4.532s] INFO:colcon.colcon_core.shell:Creating environment descriptor '/home/jetson/flyrs_ws/install/px4_autonomy_modules/share/px4_autonomy_modules/hook/cmake_prefix_path.dsv'
[4.533s] INFO:colcon.colcon_core.shell:Creating environment hook '/home/jetson/flyrs_ws/install/px4_autonomy_modules/share/px4_autonomy_modules/hook/cmake_prefix_path.sh'
[4.535s] Level 1:colcon.colcon_core.environment:checking '/home/jetson/flyrs_ws/install/px4_autonomy_modules/bin'
[4.536s] Level 1:colcon.colcon_core.environment:checking '/home/jetson/flyrs_ws/install/px4_autonomy_modules/lib/pkgconfig/px4_autonomy_modules.pc'
[4.537s] Level 1:colcon.colcon_core.environment:checking '/home/jetson/flyrs_ws/install/px4_autonomy_modules/lib/python3.8/site-packages'
[4.538s] Level 1:colcon.colcon_core.environment:checking '/home/jetson/flyrs_ws/install/px4_autonomy_modules/bin'
[4.539s] INFO:colcon.colcon_core.shell:Creating package script '/home/jetson/flyrs_ws/install/px4_autonomy_modules/share/px4_autonomy_modules/package.ps1'
[4.541s] INFO:colcon.colcon_core.shell:Creating package descriptor '/home/jetson/flyrs_ws/install/px4_autonomy_modules/share/px4_autonomy_modules/package.dsv'
[4.544s] INFO:colcon.colcon_core.shell:Creating package script '/home/jetson/flyrs_ws/install/px4_autonomy_modules/share/px4_autonomy_modules/package.sh'
[4.546s] INFO:colcon.colcon_core.shell:Creating package script '/home/jetson/flyrs_ws/install/px4_autonomy_modules/share/px4_autonomy_modules/package.bash'
[4.548s] INFO:colcon.colcon_core.shell:Creating package script '/home/jetson/flyrs_ws/install/px4_autonomy_modules/share/px4_autonomy_modules/package.zsh'
[4.551s] Level 1:colcon.colcon_core.environment:create_file_with_runtime_dependencies(/home/jetson/flyrs_ws/install/px4_autonomy_modules/share/colcon-core/packages/px4_autonomy_modules)
[6.280s] DEBUG:colcon.colcon_core.event_handler.log_command:Invoking command in '/home/jetson/flyrs_ws/src/tmp': PYTHONPATH=/home/jetson/flyrs_ws/build/tmp/prefix_override:/usr/lib/python3/dist-packages/colcon_core/task/python/colcon_distutils_commands:/home/jetson/flyrs_ws/install/tmp/lib/python3.8/site-packages:${PYTHONPATH} /usr/bin/python3 -W ignore:setup.py install is deprecated -W ignore:easy_install command is deprecated setup.py egg_info --egg-base ../../build/tmp build --build-base /home/jetson/flyrs_ws/build/tmp/build install --record /home/jetson/flyrs_ws/build/tmp/install.log --install-scripts $base/lib/tmp --single-version-externally-managed install_data
[7.728s] Level 1:colcon.colcon_core.environment:checking '/home/jetson/flyrs_ws/install/tmp' for CMake module files
[7.730s] DEBUG:colcon.colcon_core.event_handler.log_command:Invoked command in '/home/jetson/flyrs_ws/src/tmp' returned '0': PYTHONPATH=/home/jetson/flyrs_ws/build/tmp/prefix_override:/usr/lib/python3/dist-packages/colcon_core/task/python/colcon_distutils_commands:/home/jetson/flyrs_ws/install/tmp/lib/python3.8/site-packages:${PYTHONPATH} /usr/bin/python3 -W ignore:setup.py install is deprecated -W ignore:easy_install command is deprecated setup.py egg_info --egg-base ../../build/tmp build --build-base /home/jetson/flyrs_ws/build/tmp/build install --record /home/jetson/flyrs_ws/build/tmp/install.log --install-scripts $base/lib/tmp --single-version-externally-managed install_data
[7.731s] Level 1:colcon.colcon_core.environment:checking '/home/jetson/flyrs_ws/install/tmp' for CMake config files
[7.734s] Level 1:colcon.colcon_core.environment:checking '/home/jetson/flyrs_ws/install/tmp/lib'
[7.734s] Level 1:colcon.colcon_core.environment:checking '/home/jetson/flyrs_ws/install/tmp/bin'
[7.735s] Level 1:colcon.colcon_core.environment:checking '/home/jetson/flyrs_ws/install/tmp/lib/pkgconfig/tmp.pc'
[7.736s] Level 1:colcon.colcon_core.environment:checking '/home/jetson/flyrs_ws/install/tmp/lib/python3.8/site-packages'
[7.736s] Level 1:colcon.colcon_core.shell:create_environment_hook('tmp', 'pythonpath')
[7.737s] INFO:colcon.colcon_core.shell:Creating environment hook '/home/jetson/flyrs_ws/install/tmp/share/tmp/hook/pythonpath.ps1'
[7.739s] INFO:colcon.colcon_core.shell:Creating environment descriptor '/home/jetson/flyrs_ws/install/tmp/share/tmp/hook/pythonpath.dsv'
[7.740s] INFO:colcon.colcon_core.shell:Creating environment hook '/home/jetson/flyrs_ws/install/tmp/share/tmp/hook/pythonpath.sh'
[7.742s] Level 1:colcon.colcon_core.environment:checking '/home/jetson/flyrs_ws/install/tmp/bin'
[7.742s] Level 1:colcon.colcon_core.environment:create_environment_scripts_only(tmp)
[7.744s] INFO:colcon.colcon_core.shell:Creating package script '/home/jetson/flyrs_ws/install/tmp/share/tmp/package.ps1'
[7.746s] INFO:colcon.colcon_core.shell:Creating package descriptor '/home/jetson/flyrs_ws/install/tmp/share/tmp/package.dsv'
[7.748s] INFO:colcon.colcon_core.shell:Creating package script '/home/jetson/flyrs_ws/install/tmp/share/tmp/package.sh'
[7.749s] INFO:colcon.colcon_core.shell:Creating package script '/home/jetson/flyrs_ws/install/tmp/share/tmp/package.bash'
[7.751s] INFO:colcon.colcon_core.shell:Creating package script '/home/jetson/flyrs_ws/install/tmp/share/tmp/package.zsh'
[7.752s] Level 1:colcon.colcon_core.environment:create_file_with_runtime_dependencies(/home/jetson/flyrs_ws/install/tmp/share/colcon-core/packages/tmp)
[7.753s] DEBUG:colcon.colcon_parallel_executor.executor.parallel:closing loop
[7.754s] DEBUG:colcon.colcon_parallel_executor.executor.parallel:loop closed
[7.754s] DEBUG:colcon.colcon_parallel_executor.executor.parallel:run_until_complete finished with '0'
[7.755s] DEBUG:colcon.colcon_core.event_reactor:joining thread
[7.800s] INFO:colcon.colcon_core.plugin_system:Skipping extension 'colcon_notification.desktop_notification.terminal_notifier': Not used on non-Darwin systems
[7.801s] INFO:colcon.colcon_core.plugin_system:Skipping extension 'colcon_notification.desktop_notification.win32': Not used on non-Windows systems
[7.801s] INFO:colcon.colcon_notification.desktop_notification:Sending desktop notification using 'notify2'
[7.851s] DEBUG:colcon.colcon_core.event_reactor:joined thread
[7.853s] INFO:colcon.colcon_core.shell:Creating prefix script '/home/jetson/flyrs_ws/install/local_setup.ps1'
[7.858s] INFO:colcon.colcon_core.shell:Creating prefix util module '/home/jetson/flyrs_ws/install/_local_setup_util_ps1.py'
[7.868s] INFO:colcon.colcon_core.shell:Creating prefix chain script '/home/jetson/flyrs_ws/install/setup.ps1'
[7.873s] INFO:colcon.colcon_core.shell:Creating prefix script '/home/jetson/flyrs_ws/install/local_setup.sh'
[7.877s] INFO:colcon.colcon_core.shell:Creating prefix util module '/home/jetson/flyrs_ws/install/_local_setup_util_sh.py'
[7.880s] INFO:colcon.colcon_core.shell:Creating prefix chain script '/home/jetson/flyrs_ws/install/setup.sh'
[7.886s] INFO:colcon.colcon_core.shell:Creating prefix script '/home/jetson/flyrs_ws/install/local_setup.bash'
[7.889s] INFO:colcon.colcon_core.shell:Creating prefix chain script '/home/jetson/flyrs_ws/install/setup.bash'
[7.894s] INFO:colcon.colcon_core.shell:Creating prefix script '/home/jetson/flyrs_ws/install/local_setup.zsh'
[7.897s] INFO:colcon.colcon_core.shell:Creating prefix chain script '/home/jetson/flyrs_ws/install/setup.zsh'
