[0.084s] Invoking command in '/home/jetson/flyrs_ws/build/px4_autonomy_modules': CMAKE_PREFIX_PATH=/opt/ros/foxy /usr/bin/cmake --build /home/jetson/flyrs_ws/build/px4_autonomy_modules -- -j4 -l4
[1.391s] Invoked command in '/home/jetson/flyrs_ws/build/px4_autonomy_modules' returned '0': CMAKE_PREFIX_PATH=/opt/ros/foxy /usr/bin/cmake --build /home/jetson/flyrs_ws/build/px4_autonomy_modules -- -j4 -l4
[1.438s] Invoking command in '/home/jetson/flyrs_ws/build/px4_autonomy_modules': CMAKE_PREFIX_PATH=/opt/ros/foxy /usr/bin/cmake --install /home/jetson/flyrs_ws/build/px4_autonomy_modules
[1.480s] -- Install configuration: ""
[1.481s] -- Execute custom install script
[1.484s] -- Up-to-date symlink: /home/jetson/flyrs_ws/install/px4_autonomy_modules/share/px4_autonomy_modules/launch/__pycache__/mavros.launch.cpython-38.pyc
[1.484s] -- Up-to-date symlink: /home/jetson/flyrs_ws/install/px4_autonomy_modules/share/px4_autonomy_modules/launch/mavros.launch.py
[1.485s] -- Up-to-date symlink: /home/jetson/flyrs_ws/install/px4_autonomy_modules/share/px4_autonomy_modules/launch/px4_config.yaml
[1.486s] -- Up-to-date symlink: /home/jetson/flyrs_ws/install/px4_autonomy_modules/share/px4_autonomy_modules/launch/px4_pluginlists.yaml
[1.487s] -- Up-to-date symlink: /home/jetson/flyrs_ws/install/px4_autonomy_modules/share/ament_index/resource_index/package_run_dependencies/px4_autonomy_modules
[1.489s] -- Up-to-date symlink: /home/jetson/flyrs_ws/install/px4_autonomy_modules/share/ament_index/resource_index/parent_prefix_path/px4_autonomy_modules
[1.491s] -- Up-to-date symlink: /home/jetson/flyrs_ws/install/px4_autonomy_modules/share/px4_autonomy_modules/environment/ament_prefix_path.sh
[1.491s] -- Up-to-date symlink: /home/jetson/flyrs_ws/install/px4_autonomy_modules/share/px4_autonomy_modules/environment/ament_prefix_path.dsv
[1.492s] -- Up-to-date symlink: /home/jetson/flyrs_ws/install/px4_autonomy_modules/share/px4_autonomy_modules/environment/path.sh
[1.494s] -- Up-to-date symlink: /home/jetson/flyrs_ws/install/px4_autonomy_modules/share/px4_autonomy_modules/environment/path.dsv
[1.495s] -- Up-to-date symlink: /home/jetson/flyrs_ws/install/px4_autonomy_modules/share/px4_autonomy_modules/local_setup.bash
[1.496s] -- Up-to-date symlink: /home/jetson/flyrs_ws/install/px4_autonomy_modules/share/px4_autonomy_modules/local_setup.sh
[1.497s] -- Up-to-date symlink: /home/jetson/flyrs_ws/install/px4_autonomy_modules/share/px4_autonomy_modules/local_setup.zsh
[1.498s] -- Up-to-date symlink: /home/jetson/flyrs_ws/install/px4_autonomy_modules/share/px4_autonomy_modules/local_setup.dsv
[1.499s] -- Symlinking: /home/jetson/flyrs_ws/install/px4_autonomy_modules/share/px4_autonomy_modules/package.dsv
[1.535s] -- Up-to-date symlink: /home/jetson/flyrs_ws/install/px4_autonomy_modules/share/ament_index/resource_index/packages/px4_autonomy_modules
[1.536s] -- Up-to-date symlink: /home/jetson/flyrs_ws/install/px4_autonomy_modules/share/px4_autonomy_modules/cmake/px4_autonomy_modulesConfig.cmake
[1.537s] -- Up-to-date symlink: /home/jetson/flyrs_ws/install/px4_autonomy_modules/share/px4_autonomy_modules/cmake/px4_autonomy_modulesConfig-version.cmake
[1.539s] -- Up-to-date symlink: /home/jetson/flyrs_ws/install/px4_autonomy_modules/share/px4_autonomy_modules/package.xml
[1.545s] Invoked command in '/home/jetson/flyrs_ws/build/px4_autonomy_modules' returned '0': CMAKE_PREFIX_PATH=/opt/ros/foxy /usr/bin/cmake --install /home/jetson/flyrs_ws/build/px4_autonomy_modules
