[0.921s] DEBUG:colcon:Command line arguments: ['/usr/bin/colcon', 'build']
[0.921s] DEBUG:colcon:Parsed command line arguments: Namespace(allow_overriding=[], ament_cmake_args=None, base_paths=['.'], build_base='build', catkin_cmake_args=None, catkin_skip_building_tests=False, cmake_args=None, cmake_clean_cache=False, cmake_clean_first=False, cmake_force_configure=False, cmake_target=None, cmake_target_skip_unavailable=False, continue_on_error=False, event_handlers=None, executor='parallel', ignore_user_meta=False, install_base='install', log_base=None, log_level=None, main=<bound method BuildVerb.main of <colcon_core.verb.build.BuildVerb object at 0x7f8ceaf1c0>>, merge_install=False, metas=['./colcon.meta'], packages_above=None, packages_above_and_dependencies=None, packages_above_depth=None, packages_end=None, packages_ignore=None, packages_ignore_regex=None, packages_select=None, packages_select_build_failed=False, packages_select_by_dep=None, packages_select_regex=None, packages_select_test_failures=False, packages_skip=None, packages_skip_build_finished=False, packages_skip_by_dep=None, packages_skip_regex=None, packages_skip_test_passed=False, packages_skip_up_to=None, packages_start=None, packages_up_to=None, packages_up_to_regex=None, parallel_workers=4, paths=None, symlink_install=False, test_result_base=None, verb_extension=<colcon_core.verb.build.BuildVerb object at 0x7f8ceaf1c0>, verb_name='build', verb_parser=<colcon_defaults.argument_parser.defaults.DefaultArgumentsDecorator object at 0x7f8ce3b4c0>)
[1.904s] Level 1:colcon.colcon_core.package_discovery:discover_packages(colcon_meta) check parameters
[1.905s] Level 1:colcon.colcon_core.package_discovery:discover_packages(recursive) check parameters
[1.906s] Level 1:colcon.colcon_core.package_discovery:discover_packages(ignore) check parameters
[1.907s] Level 1:colcon.colcon_core.package_discovery:discover_packages(path) check parameters
[1.907s] Level 1:colcon.colcon_core.package_discovery:discover_packages(colcon_meta) discover
[1.908s] Level 1:colcon.colcon_core.package_discovery:discover_packages(recursive) discover
[1.909s] INFO:colcon.colcon_core.package_discovery:Crawling recursively for packages in '/home/jetson/flyrs_ws'
[1.910s] Level 1:colcon.colcon_core.package_identification:_identify(.) by extensions ['ignore', 'ignore_ament_install']
[1.911s] Level 1:colcon.colcon_core.package_identification:_identify(.) by extension 'ignore'
[1.912s] Level 1:colcon.colcon_core.package_identification:_identify(.) by extension 'ignore_ament_install'
[1.913s] Level 1:colcon.colcon_core.package_identification:_identify(.) by extensions ['colcon_pkg']
[1.913s] Level 1:colcon.colcon_core.package_identification:_identify(.) by extension 'colcon_pkg'
[1.914s] Level 1:colcon.colcon_core.package_identification:_identify(.) by extensions ['colcon_meta']
[1.915s] Level 1:colcon.colcon_core.package_identification:_identify(.) by extension 'colcon_meta'
[1.915s] Level 1:colcon.colcon_core.package_identification:_identify(.) by extensions ['ros']
[1.916s] Level 1:colcon.colcon_core.package_identification:_identify(.) by extension 'ros'
[2.012s] Level 1:colcon.colcon_core.package_identification:_identify(.) by extensions ['cmake', 'python']
[2.012s] Level 1:colcon.colcon_core.package_identification:_identify(.) by extension 'cmake'
[2.013s] Level 1:colcon.colcon_core.package_identification:_identify(.) by extension 'python'
[2.013s] Level 1:colcon.colcon_core.package_identification:_identify(.) by extensions ['python_setup_py']
[2.013s] Level 1:colcon.colcon_core.package_identification:_identify(.) by extension 'python_setup_py'
[2.014s] Level 1:colcon.colcon_core.package_identification:_identify(build) by extensions ['ignore', 'ignore_ament_install']
[2.014s] Level 1:colcon.colcon_core.package_identification:_identify(build) by extension 'ignore'
[2.014s] Level 1:colcon.colcon_core.package_identification:_identify(build) ignored
[2.015s] Level 1:colcon.colcon_core.package_identification:_identify(flight_test_2) by extensions ['ignore', 'ignore_ament_install']
[2.015s] Level 1:colcon.colcon_core.package_identification:_identify(flight_test_2) by extension 'ignore'
[2.015s] Level 1:colcon.colcon_core.package_identification:_identify(flight_test_2) by extension 'ignore_ament_install'
[2.016s] Level 1:colcon.colcon_core.package_identification:_identify(flight_test_2) by extensions ['colcon_pkg']
[2.016s] Level 1:colcon.colcon_core.package_identification:_identify(flight_test_2) by extension 'colcon_pkg'
[2.016s] Level 1:colcon.colcon_core.package_identification:_identify(flight_test_2) by extensions ['colcon_meta']
[2.016s] Level 1:colcon.colcon_core.package_identification:_identify(flight_test_2) by extension 'colcon_meta'
[2.016s] Level 1:colcon.colcon_core.package_identification:_identify(flight_test_2) by extensions ['ros']
[2.016s] Level 1:colcon.colcon_core.package_identification:_identify(flight_test_2) by extension 'ros'
[2.017s] Level 1:colcon.colcon_core.package_identification:_identify(flight_test_2) by extensions ['cmake', 'python']
[2.017s] Level 1:colcon.colcon_core.package_identification:_identify(flight_test_2) by extension 'cmake'
[2.017s] Level 1:colcon.colcon_core.package_identification:_identify(flight_test_2) by extension 'python'
[2.017s] Level 1:colcon.colcon_core.package_identification:_identify(flight_test_2) by extensions ['python_setup_py']
[2.018s] Level 1:colcon.colcon_core.package_identification:_identify(flight_test_2) by extension 'python_setup_py'
[2.018s] Level 1:colcon.colcon_core.package_identification:_identify(install) by extensions ['ignore', 'ignore_ament_install']
[2.018s] Level 1:colcon.colcon_core.package_identification:_identify(install) by extension 'ignore'
[2.019s] Level 1:colcon.colcon_core.package_identification:_identify(install) ignored
[2.019s] Level 1:colcon.colcon_core.package_identification:_identify(log) by extensions ['ignore', 'ignore_ament_install']
[2.019s] Level 1:colcon.colcon_core.package_identification:_identify(log) by extension 'ignore'
[2.020s] Level 1:colcon.colcon_core.package_identification:_identify(log) ignored
[2.020s] Level 1:colcon.colcon_core.package_identification:_identify(src) by extensions ['ignore', 'ignore_ament_install']
[2.020s] Level 1:colcon.colcon_core.package_identification:_identify(src) by extension 'ignore'
[2.020s] Level 1:colcon.colcon_core.package_identification:_identify(src) by extension 'ignore_ament_install'
[2.021s] Level 1:colcon.colcon_core.package_identification:_identify(src) by extensions ['colcon_pkg']
[2.021s] Level 1:colcon.colcon_core.package_identification:_identify(src) by extension 'colcon_pkg'
[2.021s] Level 1:colcon.colcon_core.package_identification:_identify(src) by extensions ['colcon_meta']
[2.021s] Level 1:colcon.colcon_core.package_identification:_identify(src) by extension 'colcon_meta'
[2.021s] Level 1:colcon.colcon_core.package_identification:_identify(src) by extensions ['ros']
[2.021s] Level 1:colcon.colcon_core.package_identification:_identify(src) by extension 'ros'
[2.022s] Level 1:colcon.colcon_core.package_identification:_identify(src) by extensions ['cmake', 'python']
[2.022s] Level 1:colcon.colcon_core.package_identification:_identify(src) by extension 'cmake'
[2.022s] Level 1:colcon.colcon_core.package_identification:_identify(src) by extension 'python'
[2.022s] Level 1:colcon.colcon_core.package_identification:_identify(src) by extensions ['python_setup_py']
[2.023s] Level 1:colcon.colcon_core.package_identification:_identify(src) by extension 'python_setup_py'
[2.023s] Level 1:colcon.colcon_core.package_identification:_identify(src/nodes) by extensions ['ignore', 'ignore_ament_install']
[2.023s] Level 1:colcon.colcon_core.package_identification:_identify(src/nodes) by extension 'ignore'
[2.023s] Level 1:colcon.colcon_core.package_identification:_identify(src/nodes) by extension 'ignore_ament_install'
[2.024s] Level 1:colcon.colcon_core.package_identification:_identify(src/nodes) by extensions ['colcon_pkg']
[2.024s] Level 1:colcon.colcon_core.package_identification:_identify(src/nodes) by extension 'colcon_pkg'
[2.024s] Level 1:colcon.colcon_core.package_identification:_identify(src/nodes) by extensions ['colcon_meta']
[2.024s] Level 1:colcon.colcon_core.package_identification:_identify(src/nodes) by extension 'colcon_meta'
[2.024s] Level 1:colcon.colcon_core.package_identification:_identify(src/nodes) by extensions ['ros']
[2.025s] Level 1:colcon.colcon_core.package_identification:_identify(src/nodes) by extension 'ros'
[2.025s] Level 1:colcon.colcon_core.package_identification:_identify(src/nodes) by extensions ['cmake', 'python']
[2.025s] Level 1:colcon.colcon_core.package_identification:_identify(src/nodes) by extension 'cmake'
[2.025s] Level 1:colcon.colcon_core.package_identification:_identify(src/nodes) by extension 'python'
[2.025s] Level 1:colcon.colcon_core.package_identification:_identify(src/nodes) by extensions ['python_setup_py']
[2.026s] Level 1:colcon.colcon_core.package_identification:_identify(src/nodes) by extension 'python_setup_py'
[2.026s] Level 1:colcon.colcon_core.package_identification:_identify(src/px4_autonomy_modules) by extensions ['ignore', 'ignore_ament_install']
[2.026s] Level 1:colcon.colcon_core.package_identification:_identify(src/px4_autonomy_modules) by extension 'ignore'
[2.027s] Level 1:colcon.colcon_core.package_identification:_identify(src/px4_autonomy_modules) by extension 'ignore_ament_install'
[2.027s] Level 1:colcon.colcon_core.package_identification:_identify(src/px4_autonomy_modules) by extensions ['colcon_pkg']
[2.027s] Level 1:colcon.colcon_core.package_identification:_identify(src/px4_autonomy_modules) by extension 'colcon_pkg'
[2.027s] Level 1:colcon.colcon_core.package_identification:_identify(src/px4_autonomy_modules) by extensions ['colcon_meta']
[2.027s] Level 1:colcon.colcon_core.package_identification:_identify(src/px4_autonomy_modules) by extension 'colcon_meta'
[2.028s] Level 1:colcon.colcon_core.package_identification:_identify(src/px4_autonomy_modules) by extensions ['ros']
[2.028s] Level 1:colcon.colcon_core.package_identification:_identify(src/px4_autonomy_modules) by extension 'ros'
[2.040s] DEBUG:colcon.colcon_core.package_identification:Package 'src/px4_autonomy_modules' with type 'ros.ament_cmake' and name 'px4_autonomy_modules'
[2.041s] Level 1:colcon.colcon_core.package_identification:_identify(src/tmp) by extensions ['ignore', 'ignore_ament_install']
[2.041s] Level 1:colcon.colcon_core.package_identification:_identify(src/tmp) by extension 'ignore'
[2.042s] Level 1:colcon.colcon_core.package_identification:_identify(src/tmp) by extension 'ignore_ament_install'
[2.042s] Level 1:colcon.colcon_core.package_identification:_identify(src/tmp) by extensions ['colcon_pkg']
[2.042s] Level 1:colcon.colcon_core.package_identification:_identify(src/tmp) by extension 'colcon_pkg'
[2.042s] Level 1:colcon.colcon_core.package_identification:_identify(src/tmp) by extensions ['colcon_meta']
[2.042s] Level 1:colcon.colcon_core.package_identification:_identify(src/tmp) by extension 'colcon_meta'
[2.043s] Level 1:colcon.colcon_core.package_identification:_identify(src/tmp) by extensions ['ros']
[2.043s] Level 1:colcon.colcon_core.package_identification:_identify(src/tmp) by extension 'ros'
[2.045s] DEBUG:colcon.colcon_core.package_identification:Package 'src/tmp' with type 'ros.ament_python' and name 'tmp'
[2.045s] Level 1:colcon.colcon_core.package_discovery:discover_packages(recursive) using defaults
[2.046s] Level 1:colcon.colcon_core.package_discovery:discover_packages(ignore) discover
[2.046s] Level 1:colcon.colcon_core.package_discovery:discover_packages(ignore) using defaults
[2.046s] Level 1:colcon.colcon_core.package_discovery:discover_packages(path) discover
[2.046s] Level 1:colcon.colcon_core.package_discovery:discover_packages(path) using defaults
[2.123s] Level 1:colcon.colcon_core.package_discovery:discover_packages(prefix_path) check parameters
[2.123s] Level 1:colcon.colcon_core.package_discovery:discover_packages(prefix_path) discover
[2.135s] DEBUG:colcon.colcon_installed_package_information.package_discovery:Found 267 installed packages in /opt/ros/foxy
[2.146s] Level 1:colcon.colcon_core.package_discovery:discover_packages(prefix_path) using defaults
[2.444s] Level 5:colcon.colcon_core.verb:set package 'px4_autonomy_modules' build argument 'cmake_args' from command line to 'None'
[2.444s] Level 5:colcon.colcon_core.verb:set package 'px4_autonomy_modules' build argument 'cmake_target' from command line to 'None'
[2.451s] Level 5:colcon.colcon_core.verb:set package 'px4_autonomy_modules' build argument 'cmake_target_skip_unavailable' from command line to 'False'
[2.451s] Level 5:colcon.colcon_core.verb:set package 'px4_autonomy_modules' build argument 'cmake_clean_cache' from command line to 'False'
[2.451s] Level 5:colcon.colcon_core.verb:set package 'px4_autonomy_modules' build argument 'cmake_clean_first' from command line to 'False'
[2.451s] Level 5:colcon.colcon_core.verb:set package 'px4_autonomy_modules' build argument 'cmake_force_configure' from command line to 'False'
[2.451s] Level 5:colcon.colcon_core.verb:set package 'px4_autonomy_modules' build argument 'ament_cmake_args' from command line to 'None'
[2.452s] Level 5:colcon.colcon_core.verb:set package 'px4_autonomy_modules' build argument 'catkin_cmake_args' from command line to 'None'
[2.452s] Level 5:colcon.colcon_core.verb:set package 'px4_autonomy_modules' build argument 'catkin_skip_building_tests' from command line to 'False'
[2.452s] DEBUG:colcon.colcon_core.verb:Building package 'px4_autonomy_modules' with the following arguments: {'ament_cmake_args': None, 'build_base': '/home/jetson/flyrs_ws/build/px4_autonomy_modules', 'catkin_cmake_args': None, 'catkin_skip_building_tests': False, 'cmake_args': None, 'cmake_clean_cache': False, 'cmake_clean_first': False, 'cmake_force_configure': False, 'cmake_target': None, 'cmake_target_skip_unavailable': False, 'install_base': '/home/jetson/flyrs_ws/install/px4_autonomy_modules', 'merge_install': False, 'path': '/home/jetson/flyrs_ws/src/px4_autonomy_modules', 'symlink_install': False, 'test_result_base': None}
[2.454s] Level 5:colcon.colcon_core.verb:set package 'tmp' build argument 'cmake_args' from command line to 'None'
[2.454s] Level 5:colcon.colcon_core.verb:set package 'tmp' build argument 'cmake_target' from command line to 'None'
[2.455s] Level 5:colcon.colcon_core.verb:set package 'tmp' build argument 'cmake_target_skip_unavailable' from command line to 'False'
[2.455s] Level 5:colcon.colcon_core.verb:set package 'tmp' build argument 'cmake_clean_cache' from command line to 'False'
[2.455s] Level 5:colcon.colcon_core.verb:set package 'tmp' build argument 'cmake_clean_first' from command line to 'False'
[2.455s] Level 5:colcon.colcon_core.verb:set package 'tmp' build argument 'cmake_force_configure' from command line to 'False'
[2.455s] Level 5:colcon.colcon_core.verb:set package 'tmp' build argument 'ament_cmake_args' from command line to 'None'
[2.455s] Level 5:colcon.colcon_core.verb:set package 'tmp' build argument 'catkin_cmake_args' from command line to 'None'
[2.455s] Level 5:colcon.colcon_core.verb:set package 'tmp' build argument 'catkin_skip_building_tests' from command line to 'False'
[2.455s] DEBUG:colcon.colcon_core.verb:Building package 'tmp' with the following arguments: {'ament_cmake_args': None, 'build_base': '/home/jetson/flyrs_ws/build/tmp', 'catkin_cmake_args': None, 'catkin_skip_building_tests': False, 'cmake_args': None, 'cmake_clean_cache': False, 'cmake_clean_first': False, 'cmake_force_configure': False, 'cmake_target': None, 'cmake_target_skip_unavailable': False, 'install_base': '/home/jetson/flyrs_ws/install/tmp', 'merge_install': False, 'path': '/home/jetson/flyrs_ws/src/tmp', 'symlink_install': False, 'test_result_base': None}
[2.456s] INFO:colcon.colcon_core.executor:Executing jobs using 'parallel' executor
[2.459s] DEBUG:colcon.colcon_parallel_executor.executor.parallel:run_until_complete
[2.460s] INFO:colcon.colcon_ros.task.ament_cmake.build:Building ROS package in '/home/jetson/flyrs_ws/src/px4_autonomy_modules' with build type 'ament_cmake'
[2.460s] INFO:colcon.colcon_cmake.task.cmake.build:Building CMake package in '/home/jetson/flyrs_ws/src/px4_autonomy_modules'
[2.470s] INFO:colcon.colcon_core.plugin_system:Skipping extension 'colcon_core.shell.bat': Not used on non-Windows systems
[2.471s] INFO:colcon.colcon_core.shell:Skip shell extension 'powershell' for command environment: Not usable outside of PowerShell
[2.471s] DEBUG:colcon.colcon_core.shell:Skip shell extension 'dsv' for command environment
[2.489s] INFO:colcon.colcon_ros.task.ament_python.build:Building ROS package in '/home/jetson/flyrs_ws/src/tmp' with build type 'ament_python'
[2.490s] Level 1:colcon.colcon_core.shell:create_environment_hook('tmp', 'ament_prefix_path')
[2.492s] INFO:colcon.colcon_core.shell:Creating environment hook '/home/jetson/flyrs_ws/install/tmp/share/tmp/hook/ament_prefix_path.ps1'
[2.496s] INFO:colcon.colcon_core.shell:Creating environment descriptor '/home/jetson/flyrs_ws/install/tmp/share/tmp/hook/ament_prefix_path.dsv'
[2.499s] INFO:colcon.colcon_core.shell:Creating environment hook '/home/jetson/flyrs_ws/install/tmp/share/tmp/hook/ament_prefix_path.sh'
[2.504s] INFO:colcon.colcon_core.shell:Skip shell extension 'powershell' for command environment: Not usable outside of PowerShell
[2.504s] DEBUG:colcon.colcon_core.shell:Skip shell extension 'dsv' for command environment
[2.544s] DEBUG:colcon.colcon_core.event_handler.log_command:Invoking command in '/home/jetson/flyrs_ws/build/px4_autonomy_modules': CMAKE_PREFIX_PATH=/opt/ros/foxy /usr/bin/cmake --build /home/jetson/flyrs_ws/build/px4_autonomy_modules -- -j4 -l4
[3.908s] INFO:colcon.colcon_core.task.python.build:Building Python package in '/home/jetson/flyrs_ws/src/tmp'
[3.910s] INFO:colcon.colcon_core.shell:Skip shell extension 'powershell' for command environment: Not usable outside of PowerShell
[3.910s] DEBUG:colcon.colcon_core.shell:Skip shell extension 'dsv' for command environment
[3.935s] DEBUG:colcon.colcon_core.event_handler.log_command:Invoked command in '/home/jetson/flyrs_ws/build/px4_autonomy_modules' returned '0': CMAKE_PREFIX_PATH=/opt/ros/foxy /usr/bin/cmake --build /home/jetson/flyrs_ws/build/px4_autonomy_modules -- -j4 -l4
[3.982s] DEBUG:colcon.colcon_core.event_handler.log_command:Invoking command in '/home/jetson/flyrs_ws/build/px4_autonomy_modules': CMAKE_PREFIX_PATH=/opt/ros/foxy /usr/bin/cmake --install /home/jetson/flyrs_ws/build/px4_autonomy_modules
[4.088s] Level 1:colcon.colcon_core.environment:create_environment_scripts_only(px4_autonomy_modules)
[4.095s] DEBUG:colcon.colcon_core.event_handler.log_command:Invoked command in '/home/jetson/flyrs_ws/build/px4_autonomy_modules' returned '0': CMAKE_PREFIX_PATH=/opt/ros/foxy /usr/bin/cmake --install /home/jetson/flyrs_ws/build/px4_autonomy_modules
[4.107s] Level 1:colcon.colcon_core.environment:checking '/home/jetson/flyrs_ws/install/px4_autonomy_modules' for CMake module files
[4.110s] Level 1:colcon.colcon_core.environment:checking '/home/jetson/flyrs_ws/install/px4_autonomy_modules' for CMake config files
[4.112s] Level 1:colcon.colcon_core.shell:create_environment_hook('px4_autonomy_modules', 'cmake_prefix_path')
[4.113s] INFO:colcon.colcon_core.shell:Creating environment hook '/home/jetson/flyrs_ws/install/px4_autonomy_modules/share/px4_autonomy_modules/hook/cmake_prefix_path.ps1'
[4.116s] INFO:colcon.colcon_core.shell:Creating environment descriptor '/home/jetson/flyrs_ws/install/px4_autonomy_modules/share/px4_autonomy_modules/hook/cmake_prefix_path.dsv'
[4.119s] INFO:colcon.colcon_core.shell:Creating environment hook '/home/jetson/flyrs_ws/install/px4_autonomy_modules/share/px4_autonomy_modules/hook/cmake_prefix_path.sh'
[4.123s] Level 1:colcon.colcon_core.environment:checking '/home/jetson/flyrs_ws/install/px4_autonomy_modules/bin'
[4.124s] Level 1:colcon.colcon_core.environment:checking '/home/jetson/flyrs_ws/install/px4_autonomy_modules/lib/pkgconfig/px4_autonomy_modules.pc'
[4.125s] Level 1:colcon.colcon_core.environment:checking '/home/jetson/flyrs_ws/install/px4_autonomy_modules/lib/python3.8/site-packages'
[4.126s] Level 1:colcon.colcon_core.environment:checking '/home/jetson/flyrs_ws/install/px4_autonomy_modules/bin'
[4.130s] INFO:colcon.colcon_core.shell:Creating package script '/home/jetson/flyrs_ws/install/px4_autonomy_modules/share/px4_autonomy_modules/package.ps1'
[4.134s] INFO:colcon.colcon_core.shell:Creating package descriptor '/home/jetson/flyrs_ws/install/px4_autonomy_modules/share/px4_autonomy_modules/package.dsv'
[4.136s] INFO:colcon.colcon_core.shell:Creating package script '/home/jetson/flyrs_ws/install/px4_autonomy_modules/share/px4_autonomy_modules/package.sh'
[4.141s] INFO:colcon.colcon_core.shell:Creating package script '/home/jetson/flyrs_ws/install/px4_autonomy_modules/share/px4_autonomy_modules/package.bash'
[4.144s] INFO:colcon.colcon_core.shell:Creating package script '/home/jetson/flyrs_ws/install/px4_autonomy_modules/share/px4_autonomy_modules/package.zsh'
[4.147s] Level 1:colcon.colcon_core.environment:create_file_with_runtime_dependencies(/home/jetson/flyrs_ws/install/px4_autonomy_modules/share/colcon-core/packages/px4_autonomy_modules)
[4.150s] Level 1:colcon.colcon_core.environment:create_environment_scripts_only(px4_autonomy_modules)
[4.151s] Level 1:colcon.colcon_core.environment:checking '/home/jetson/flyrs_ws/install/px4_autonomy_modules' for CMake module files
[4.154s] Level 1:colcon.colcon_core.environment:checking '/home/jetson/flyrs_ws/install/px4_autonomy_modules' for CMake config files
[4.155s] Level 1:colcon.colcon_core.shell:create_environment_hook('px4_autonomy_modules', 'cmake_prefix_path')
[4.156s] INFO:colcon.colcon_core.shell:Creating environment hook '/home/jetson/flyrs_ws/install/px4_autonomy_modules/share/px4_autonomy_modules/hook/cmake_prefix_path.ps1'
[4.158s] INFO:colcon.colcon_core.shell:Creating environment descriptor '/home/jetson/flyrs_ws/install/px4_autonomy_modules/share/px4_autonomy_modules/hook/cmake_prefix_path.dsv'
[4.159s] INFO:colcon.colcon_core.shell:Creating environment hook '/home/jetson/flyrs_ws/install/px4_autonomy_modules/share/px4_autonomy_modules/hook/cmake_prefix_path.sh'
[4.161s] Level 1:colcon.colcon_core.environment:checking '/home/jetson/flyrs_ws/install/px4_autonomy_modules/bin'
[4.162s] Level 1:colcon.colcon_core.environment:checking '/home/jetson/flyrs_ws/install/px4_autonomy_modules/lib/pkgconfig/px4_autonomy_modules.pc'
[4.163s] Level 1:colcon.colcon_core.environment:checking '/home/jetson/flyrs_ws/install/px4_autonomy_modules/lib/python3.8/site-packages'
[4.163s] Level 1:colcon.colcon_core.environment:checking '/home/jetson/flyrs_ws/install/px4_autonomy_modules/bin'
[4.165s] INFO:colcon.colcon_core.shell:Creating package script '/home/jetson/flyrs_ws/install/px4_autonomy_modules/share/px4_autonomy_modules/package.ps1'
[4.167s] INFO:colcon.colcon_core.shell:Creating package descriptor '/home/jetson/flyrs_ws/install/px4_autonomy_modules/share/px4_autonomy_modules/package.dsv'
[4.169s] INFO:colcon.colcon_core.shell:Creating package script '/home/jetson/flyrs_ws/install/px4_autonomy_modules/share/px4_autonomy_modules/package.sh'
[4.172s] INFO:colcon.colcon_core.shell:Creating package script '/home/jetson/flyrs_ws/install/px4_autonomy_modules/share/px4_autonomy_modules/package.bash'
[4.174s] INFO:colcon.colcon_core.shell:Creating package script '/home/jetson/flyrs_ws/install/px4_autonomy_modules/share/px4_autonomy_modules/package.zsh'
[4.176s] Level 1:colcon.colcon_core.environment:create_file_with_runtime_dependencies(/home/jetson/flyrs_ws/install/px4_autonomy_modules/share/colcon-core/packages/px4_autonomy_modules)
[5.904s] DEBUG:colcon.colcon_core.event_handler.log_command:Invoking command in '/home/jetson/flyrs_ws/src/tmp': PYTHONPATH=/home/jetson/flyrs_ws/build/tmp/prefix_override:/usr/lib/python3/dist-packages/colcon_core/task/python/colcon_distutils_commands:/home/jetson/flyrs_ws/install/tmp/lib/python3.8/site-packages:${PYTHONPATH} /usr/bin/python3 -W ignore:setup.py install is deprecated -W ignore:easy_install command is deprecated setup.py egg_info --egg-base ../../build/tmp build --build-base /home/jetson/flyrs_ws/build/tmp/build install --record /home/jetson/flyrs_ws/build/tmp/install.log --install-scripts $base/lib/tmp --single-version-externally-managed install_data
[7.366s] Level 1:colcon.colcon_core.environment:checking '/home/jetson/flyrs_ws/install/tmp' for CMake module files
[7.368s] DEBUG:colcon.colcon_core.event_handler.log_command:Invoked command in '/home/jetson/flyrs_ws/src/tmp' returned '0': PYTHONPATH=/home/jetson/flyrs_ws/build/tmp/prefix_override:/usr/lib/python3/dist-packages/colcon_core/task/python/colcon_distutils_commands:/home/jetson/flyrs_ws/install/tmp/lib/python3.8/site-packages:${PYTHONPATH} /usr/bin/python3 -W ignore:setup.py install is deprecated -W ignore:easy_install command is deprecated setup.py egg_info --egg-base ../../build/tmp build --build-base /home/jetson/flyrs_ws/build/tmp/build install --record /home/jetson/flyrs_ws/build/tmp/install.log --install-scripts $base/lib/tmp --single-version-externally-managed install_data
[7.370s] Level 1:colcon.colcon_core.environment:checking '/home/jetson/flyrs_ws/install/tmp' for CMake config files
[7.372s] Level 1:colcon.colcon_core.environment:checking '/home/jetson/flyrs_ws/install/tmp/lib'
[7.373s] Level 1:colcon.colcon_core.environment:checking '/home/jetson/flyrs_ws/install/tmp/bin'
[7.373s] Level 1:colcon.colcon_core.environment:checking '/home/jetson/flyrs_ws/install/tmp/lib/pkgconfig/tmp.pc'
[7.374s] Level 1:colcon.colcon_core.environment:checking '/home/jetson/flyrs_ws/install/tmp/lib/python3.8/site-packages'
[7.374s] Level 1:colcon.colcon_core.shell:create_environment_hook('tmp', 'pythonpath')
[7.375s] INFO:colcon.colcon_core.shell:Creating environment hook '/home/jetson/flyrs_ws/install/tmp/share/tmp/hook/pythonpath.ps1'
[7.377s] INFO:colcon.colcon_core.shell:Creating environment descriptor '/home/jetson/flyrs_ws/install/tmp/share/tmp/hook/pythonpath.dsv'
[7.378s] INFO:colcon.colcon_core.shell:Creating environment hook '/home/jetson/flyrs_ws/install/tmp/share/tmp/hook/pythonpath.sh'
[7.380s] Level 1:colcon.colcon_core.environment:checking '/home/jetson/flyrs_ws/install/tmp/bin'
[7.381s] Level 1:colcon.colcon_core.environment:create_environment_scripts_only(tmp)
[7.382s] INFO:colcon.colcon_core.shell:Creating package script '/home/jetson/flyrs_ws/install/tmp/share/tmp/package.ps1'
[7.385s] INFO:colcon.colcon_core.shell:Creating package descriptor '/home/jetson/flyrs_ws/install/tmp/share/tmp/package.dsv'
[7.387s] INFO:colcon.colcon_core.shell:Creating package script '/home/jetson/flyrs_ws/install/tmp/share/tmp/package.sh'
[7.388s] INFO:colcon.colcon_core.shell:Creating package script '/home/jetson/flyrs_ws/install/tmp/share/tmp/package.bash'
[7.390s] INFO:colcon.colcon_core.shell:Creating package script '/home/jetson/flyrs_ws/install/tmp/share/tmp/package.zsh'
[7.392s] Level 1:colcon.colcon_core.environment:create_file_with_runtime_dependencies(/home/jetson/flyrs_ws/install/tmp/share/colcon-core/packages/tmp)
[7.393s] DEBUG:colcon.colcon_parallel_executor.executor.parallel:closing loop
[7.394s] DEBUG:colcon.colcon_parallel_executor.executor.parallel:loop closed
[7.395s] DEBUG:colcon.colcon_parallel_executor.executor.parallel:run_until_complete finished with '0'
[7.395s] DEBUG:colcon.colcon_core.event_reactor:joining thread
[7.420s] INFO:colcon.colcon_core.plugin_system:Skipping extension 'colcon_notification.desktop_notification.terminal_notifier': Not used on non-Darwin systems
[7.420s] INFO:colcon.colcon_core.plugin_system:Skipping extension 'colcon_notification.desktop_notification.win32': Not used on non-Windows systems
[7.420s] INFO:colcon.colcon_notification.desktop_notification:Sending desktop notification using 'notify2'
[7.487s] DEBUG:colcon.colcon_core.event_reactor:joined thread
[7.489s] INFO:colcon.colcon_core.shell:Creating prefix script '/home/jetson/flyrs_ws/install/local_setup.ps1'
[7.500s] INFO:colcon.colcon_core.shell:Creating prefix util module '/home/jetson/flyrs_ws/install/_local_setup_util_ps1.py'
[7.507s] INFO:colcon.colcon_core.shell:Creating prefix chain script '/home/jetson/flyrs_ws/install/setup.ps1'
[7.513s] INFO:colcon.colcon_core.shell:Creating prefix script '/home/jetson/flyrs_ws/install/local_setup.sh'
[7.517s] INFO:colcon.colcon_core.shell:Creating prefix util module '/home/jetson/flyrs_ws/install/_local_setup_util_sh.py'
[7.519s] INFO:colcon.colcon_core.shell:Creating prefix chain script '/home/jetson/flyrs_ws/install/setup.sh'
[7.525s] INFO:colcon.colcon_core.shell:Creating prefix script '/home/jetson/flyrs_ws/install/local_setup.bash'
[7.527s] INFO:colcon.colcon_core.shell:Creating prefix chain script '/home/jetson/flyrs_ws/install/setup.bash'
[7.532s] INFO:colcon.colcon_core.shell:Creating prefix script '/home/jetson/flyrs_ws/install/local_setup.zsh'
[7.534s] INFO:colcon.colcon_core.shell:Creating prefix chain script '/home/jetson/flyrs_ws/install/setup.zsh'
