[3.729s] Invoking command in '/home/jetson/flyrs_ws/src/tmp': PYTHONPATH=/home/jetson/flyrs_ws/build/tmp/prefix_override:/usr/lib/python3/dist-packages/colcon_core/task/python/colcon_distutils_commands:/home/jetson/flyrs_ws/install/tmp/lib/python3.8/site-packages:${PYTHONPATH} /usr/bin/python3 -W ignore:setup.py install is deprecated -W ignore:easy_install command is deprecated setup.py egg_info --egg-base ../../build/tmp build --build-base /home/jetson/flyrs_ws/build/tmp/build install --record /home/jetson/flyrs_ws/build/tmp/install.log --install-scripts $base/lib/tmp --single-version-externally-managed install_data
[4.817s] /usr/local/lib/python3.8/dist-packages/setuptools/dist.py:717: UserWarning: Usage of dash-separated 'script-dir' will not be supported in future versions. Please use the underscore name 'script_dir' instead
[4.818s]   warnings.warn(
[4.963s] running egg_info
[4.968s] writing ../../build/tmp/tmp.egg-info/PKG-INFO
[4.969s] writing dependency_links to ../../build/tmp/tmp.egg-info/dependency_links.txt
[4.969s] writing entry points to ../../build/tmp/tmp.egg-info/entry_points.txt
[4.970s] writing requirements to ../../build/tmp/tmp.egg-info/requires.txt
[4.970s] writing top-level names to ../../build/tmp/tmp.egg-info/top_level.txt
[4.986s] reading manifest file '../../build/tmp/tmp.egg-info/SOURCES.txt'
[4.991s] writing manifest file '../../build/tmp/tmp.egg-info/SOURCES.txt'
[4.992s] running build
[4.993s] running build_py
[4.994s] copying tmp/realsense_sys_node.py -> /home/jetson/flyrs_ws/build/tmp/build/lib/tmp
[4.994s] running install
[4.996s] running install_lib
[5.001s] copying /home/jetson/flyrs_ws/build/tmp/build/lib/tmp/realsense_sys_node.py -> /home/jetson/flyrs_ws/install/tmp/lib/python3.8/site-packages/tmp
[5.003s] byte-compiling /home/jetson/flyrs_ws/install/tmp/lib/python3.8/site-packages/tmp/realsense_sys_node.py to realsense_sys_node.cpython-38.pyc
[5.005s] running install_data
[5.006s] running install_egg_info
[5.017s] removing '/home/jetson/flyrs_ws/install/tmp/lib/python3.8/site-packages/tmp-0.0.0-py3.8.egg-info' (and everything under it)
[5.017s] Copying ../../build/tmp/tmp.egg-info to /home/jetson/flyrs_ws/install/tmp/lib/python3.8/site-packages/tmp-0.0.0-py3.8.egg-info
[5.020s] running install_scripts
[5.097s] Installing realsense_test script to /home/jetson/flyrs_ws/install/tmp/lib/tmp
[5.098s] Installing vicon_test script to /home/jetson/flyrs_ws/install/tmp/lib/tmp
[5.098s] writing list of installed files to '/home/jetson/flyrs_ws/build/tmp/install.log'
[5.203s] Invoked command in '/home/jetson/flyrs_ws/src/tmp' returned '0': PYTHONPATH=/home/jetson/flyrs_ws/build/tmp/prefix_override:/usr/lib/python3/dist-packages/colcon_core/task/python/colcon_distutils_commands:/home/jetson/flyrs_ws/install/tmp/lib/python3.8/site-packages:${PYTHONPATH} /usr/bin/python3 -W ignore:setup.py install is deprecated -W ignore:easy_install command is deprecated setup.py egg_info --egg-base ../../build/tmp build --build-base /home/jetson/flyrs_ws/build/tmp/build install --record /home/jetson/flyrs_ws/build/tmp/install.log --install-scripts $base/lib/tmp --single-version-externally-managed install_data
