[0.118s] Invoking command in '/home/jetson/flyrs_ws/build/px4_autonomy_modules': CMAKE_PREFIX_PATH=${CMAKE_PREFIX_PATH}:/home/jetson/flyrs_ws/install/tmp:/opt/ros/foxy /usr/bin/cmake --build /home/jetson/flyrs_ws/build/px4_autonomy_modules -- -j4 -l4
[1.783s] Invoked command in '/home/jetson/flyrs_ws/build/px4_autonomy_modules' returned '0': CMAKE_PREFIX_PATH=${CMAKE_PREFIX_PATH}:/home/jetson/flyrs_ws/install/tmp:/opt/ros/foxy /usr/bin/cmake --build /home/jetson/flyrs_ws/build/px4_autonomy_modules -- -j4 -l4
[1.834s] Invoking command in '/home/jetson/flyrs_ws/build/px4_autonomy_modules': CMAKE_PREFIX_PATH=${CMAKE_PREFIX_PATH}:/home/jetson/flyrs_ws/install/tmp:/opt/ros/foxy /usr/bin/cmake --install /home/jetson/flyrs_ws/build/px4_autonomy_modules
[1.869s] -- Install configuration: ""
[1.870s] -- Execute custom install script
[1.873s] -- Up-to-date symlink: /home/jetson/flyrs_ws/install/px4_autonomy_modules/share/px4_autonomy_modules/launch/__pycache__/mavros.launch.cpython-38.pyc
[1.874s] -- Up-to-date symlink: /home/jetson/flyrs_ws/install/px4_autonomy_modules/share/px4_autonomy_modules/launch/mavros.launch.py
[1.877s] -- Up-to-date symlink: /home/jetson/flyrs_ws/install/px4_autonomy_modules/share/px4_autonomy_modules/launch/px4_config.yaml
[1.877s] -- Up-to-date symlink: /home/jetson/flyrs_ws/install/px4_autonomy_modules/share/px4_autonomy_modules/launch/px4_pluginlists.yaml
[1.878s] -- Up-to-date symlink: /home/jetson/flyrs_ws/install/px4_autonomy_modules/share/ament_index/resource_index/package_run_dependencies/px4_autonomy_modules
[1.879s] -- Up-to-date symlink: /home/jetson/flyrs_ws/install/px4_autonomy_modules/share/ament_index/resource_index/parent_prefix_path/px4_autonomy_modules
[1.879s] -- Up-to-date symlink: /home/jetson/flyrs_ws/install/px4_autonomy_modules/share/px4_autonomy_modules/environment/ament_prefix_path.sh
[1.881s] -- Up-to-date symlink: /home/jetson/flyrs_ws/install/px4_autonomy_modules/share/px4_autonomy_modules/environment/ament_prefix_path.dsv
[1.882s] -- Up-to-date symlink: /home/jetson/flyrs_ws/install/px4_autonomy_modules/share/px4_autonomy_modules/environment/path.sh
[1.883s] -- Up-to-date symlink: /home/jetson/flyrs_ws/install/px4_autonomy_modules/share/px4_autonomy_modules/environment/path.dsv
[1.884s] -- Up-to-date symlink: /home/jetson/flyrs_ws/install/px4_autonomy_modules/share/px4_autonomy_modules/local_setup.bash
[1.885s] -- Up-to-date symlink: /home/jetson/flyrs_ws/install/px4_autonomy_modules/share/px4_autonomy_modules/local_setup.sh
[1.891s] -- Up-to-date symlink: /home/jetson/flyrs_ws/install/px4_autonomy_modules/share/px4_autonomy_modules/local_setup.zsh
[1.891s] -- Up-to-date symlink: /home/jetson/flyrs_ws/install/px4_autonomy_modules/share/px4_autonomy_modules/local_setup.dsv
[1.892s] -- Symlinking: /home/jetson/flyrs_ws/install/px4_autonomy_modules/share/px4_autonomy_modules/package.dsv
[1.967s] -- Up-to-date symlink: /home/jetson/flyrs_ws/install/px4_autonomy_modules/share/ament_index/resource_index/packages/px4_autonomy_modules
[1.971s] -- Up-to-date symlink: /home/jetson/flyrs_ws/install/px4_autonomy_modules/share/px4_autonomy_modules/cmake/px4_autonomy_modulesConfig.cmake
[1.971s] -- Up-to-date symlink: /home/jetson/flyrs_ws/install/px4_autonomy_modules/share/px4_autonomy_modules/cmake/px4_autonomy_modulesConfig-version.cmake
[1.972s] -- Up-to-date symlink: /home/jetson/flyrs_ws/install/px4_autonomy_modules/share/px4_autonomy_modules/package.xml
[1.989s] Invoked command in '/home/jetson/flyrs_ws/build/px4_autonomy_modules' returned '0': CMAKE_PREFIX_PATH=${CMAKE_PREFIX_PATH}:/home/jetson/flyrs_ws/install/tmp:/opt/ros/foxy /usr/bin/cmake --install /home/jetson/flyrs_ws/build/px4_autonomy_modules
