running egg_info
creating ../../build/tmp/tmp.egg-info
writing ../../build/tmp/tmp.egg-info/PKG-INFO
writing dependency_links to ../../build/tmp/tmp.egg-info/dependency_links.txt
writing entry points to ../../build/tmp/tmp.egg-info/entry_points.txt
writing requirements to ../../build/tmp/tmp.egg-info/requires.txt
writing top-level names to ../../build/tmp/tmp.egg-info/top_level.txt
writing manifest file '../../build/tmp/tmp.egg-info/SOURCES.txt'
reading manifest file '../../build/tmp/tmp.egg-info/SOURCES.txt'
writing manifest file '../../build/tmp/tmp.egg-info/SOURCES.txt'
running build
running build_py
creating /home/jetson/flyrs_ws/build/tmp/build
creating /home/jetson/flyrs_ws/build/tmp/build/lib
creating /home/jetson/flyrs_ws/build/tmp/build/lib/tmp
copying tmp/republish_pose.py -> /home/jetson/flyrs_ws/build/tmp/build/lib/tmp
copying tmp/__init__.py -> /home/jetson/flyrs_ws/build/tmp/build/lib/tmp
running install
running install_lib
creating /home/jetson/flyrs_ws/install/tmp/lib/python3.8/site-packages/tmp
copying /home/jetson/flyrs_ws/build/tmp/build/lib/tmp/republish_pose.py -> /home/jetson/flyrs_ws/install/tmp/lib/python3.8/site-packages/tmp
copying /home/jetson/flyrs_ws/build/tmp/build/lib/tmp/__init__.py -> /home/jetson/flyrs_ws/install/tmp/lib/python3.8/site-packages/tmp
byte-compiling /home/jetson/flyrs_ws/install/tmp/lib/python3.8/site-packages/tmp/republish_pose.py to republish_pose.cpython-38.pyc
byte-compiling /home/jetson/flyrs_ws/install/tmp/lib/python3.8/site-packages/tmp/__init__.py to __init__.cpython-38.pyc
running install_data
creating /home/jetson/flyrs_ws/install/tmp/share/ament_index
creating /home/jetson/flyrs_ws/install/tmp/share/ament_index/resource_index
creating /home/jetson/flyrs_ws/install/tmp/share/ament_index/resource_index/packages
copying resource/tmp -> /home/jetson/flyrs_ws/install/tmp/share/ament_index/resource_index/packages
copying package.xml -> /home/jetson/flyrs_ws/install/tmp/share/tmp
running install_egg_info
Copying ../../build/tmp/tmp.egg-info to /home/jetson/flyrs_ws/install/tmp/lib/python3.8/site-packages/tmp-0.0.0-py3.8.egg-info
running install_scripts
writing list of installed files to '/home/jetson/flyrs_ws/build/tmp/install.log'
