[5.516s] Invoking command in '/home/jetson/flyrs_ws/src/tmp': PYTHONPATH=/home/jetson/flyrs_ws/build/tmp/prefix_override:/usr/lib/python3/dist-packages/colcon_core/task/python/colcon_distutils_commands:/home/jetson/flyrs_ws/install/tmp/lib/python3.8/site-packages:${PYTHONPATH} /usr/bin/python3 -W ignore:setup.py install is deprecated -W ignore:easy_install command is deprecated setup.py egg_info --egg-base ../../build/tmp build --build-base /home/jetson/flyrs_ws/build/tmp/build install --record /home/jetson/flyrs_ws/build/tmp/install.log --install-scripts $base/lib/tmp --single-version-externally-managed install_data
[6.732s] /usr/local/lib/python3.8/dist-packages/setuptools/dist.py:717: UserWarning: Usage of dash-separated 'script-dir' will not be supported in future versions. Please use the underscore name 'script_dir' instead
[6.733s]   warnings.warn(
[6.890s] running egg_info
[6.895s] writing ../../build/tmp/tmp.egg-info/PKG-INFO
[6.896s] writing dependency_links to ../../build/tmp/tmp.egg-info/dependency_links.txt
[6.897s] writing entry points to ../../build/tmp/tmp.egg-info/entry_points.txt
[6.897s] writing requirements to ../../build/tmp/tmp.egg-info/requires.txt
[6.900s] writing top-level names to ../../build/tmp/tmp.egg-info/top_level.txt
[6.916s] reading manifest file '../../build/tmp/tmp.egg-info/SOURCES.txt'
[6.924s] writing manifest file '../../build/tmp/tmp.egg-info/SOURCES.txt'
[6.925s] running build
[6.926s] running build_py
[6.926s] copying tmp/realsense_sys_node.py -> /home/jetson/flyrs_ws/build/tmp/build/lib/tmp
[6.927s] running install
[6.930s] running install_lib
[6.935s] copying /home/jetson/flyrs_ws/build/tmp/build/lib/tmp/realsense_sys_node.py -> /home/jetson/flyrs_ws/install/tmp/lib/python3.8/site-packages/tmp
[6.939s] byte-compiling /home/jetson/flyrs_ws/install/tmp/lib/python3.8/site-packages/tmp/realsense_sys_node.py to realsense_sys_node.cpython-38.pyc
[6.942s] running install_data
[6.942s] running install_egg_info
[6.950s] removing '/home/jetson/flyrs_ws/install/tmp/lib/python3.8/site-packages/tmp-0.0.0-py3.8.egg-info' (and everything under it)
[6.951s] Copying ../../build/tmp/tmp.egg-info to /home/jetson/flyrs_ws/install/tmp/lib/python3.8/site-packages/tmp-0.0.0-py3.8.egg-info
[6.957s] running install_scripts
[7.046s] Installing realsense_test script to /home/jetson/flyrs_ws/install/tmp/lib/tmp
[7.047s] Installing vicon_test script to /home/jetson/flyrs_ws/install/tmp/lib/tmp
[7.047s] writing list of installed files to '/home/jetson/flyrs_ws/build/tmp/install.log'
[7.160s] Invoked command in '/home/jetson/flyrs_ws/src/tmp' returned '0': PYTHONPATH=/home/jetson/flyrs_ws/build/tmp/prefix_override:/usr/lib/python3/dist-packages/colcon_core/task/python/colcon_distutils_commands:/home/jetson/flyrs_ws/install/tmp/lib/python3.8/site-packages:${PYTHONPATH} /usr/bin/python3 -W ignore:setup.py install is deprecated -W ignore:easy_install command is deprecated setup.py egg_info --egg-base ../../build/tmp build --build-base /home/jetson/flyrs_ws/build/tmp/build install --record /home/jetson/flyrs_ws/build/tmp/install.log --install-scripts $base/lib/tmp --single-version-externally-managed install_data
